<?xml version="1.0" encoding="UTF-8"?>
<coverage generated="1663251616824" clover="3.2.0">
  <project timestamp="1663251616824" name="All files">
    <metrics statements="1015" coveredstatements="505" conditionals="403" coveredconditionals="102" methods="294" coveredmethods="114" elements="1712" coveredelements="721" complexity="0" loc="1015" ncloc="1015" packages="13" files="35" classes="35"/>
    <package name="common.mock">
      <metrics statements="80" coveredstatements="43" conditionals="22" coveredconditionals="14" methods="38" coveredmethods="14"/>
      <file name="pubnub-mock.ts" path="/Users/przemyslaw.janowski/Code/react-chat-components/packages/common/mock/pubnub-mock.ts">
        <metrics statements="80" coveredstatements="43" conditionals="22" coveredconditionals="14" methods="38" coveredmethods="14"/>
        <line num="11" count="5" type="stmt"/>
        <line num="12" count="5" type="stmt"/>
        <line num="13" count="5" type="stmt"/>
        <line num="24" count="10" type="cond" truecount="0" falsecount="1"/>
        <line num="25" count="5" type="cond" truecount="2" falsecount="0"/>
        <line num="26" count="5" type="stmt"/>
        <line num="27" count="5" type="stmt"/>
        <line num="29" count="5" type="stmt"/>
        <line num="30" count="0" type="stmt"/>
        <line num="43" count="0" type="stmt"/>
        <line num="44" count="0" type="stmt"/>
        <line num="45" count="0" type="stmt"/>
        <line num="46" count="0" type="stmt"/>
        <line num="50" count="5" type="stmt"/>
        <line num="51" count="18" type="stmt"/>
        <line num="54" count="5" type="stmt"/>
        <line num="55" count="18" type="stmt"/>
        <line num="58" count="5" type="stmt"/>
        <line num="59" count="0" type="stmt"/>
        <line num="60" count="0" type="cond" truecount="0" falsecount="1"/>
        <line num="61" count="0" type="stmt"/>
        <line num="63" count="0" type="stmt"/>
        <line num="65" count="0" type="stmt"/>
        <line num="66" count="0" type="stmt"/>
        <line num="74" count="5" type="stmt"/>
        <line num="75" count="0" type="stmt"/>
        <line num="78" count="5" type="cond" truecount="0" falsecount="2"/>
        <line num="80" count="5" type="stmt"/>
        <line num="82" count="5" type="stmt"/>
        <line num="84" count="5" type="stmt"/>
        <line num="85" count="4" type="stmt"/>
        <line num="86" count="4" type="stmt"/>
        <line num="90" count="6" type="stmt"/>
        <line num="93" count="180" type="stmt"/>
        <line num="95" count="6" type="stmt"/>
        <line num="100" count="5" type="stmt"/>
        <line num="101" count="0" type="stmt"/>
        <line num="112" count="0" type="stmt"/>
        <line num="113" count="0" type="stmt"/>
        <line num="114" count="0" type="stmt"/>
        <line num="115" count="0" type="stmt"/>
        <line num="121" count="5" type="stmt"/>
        <line num="122" count="0" type="stmt"/>
        <line num="123" count="0" type="stmt"/>
        <line num="124" count="0" type="stmt"/>
        <line num="125" count="0" type="stmt"/>
        <line num="126" count="0" type="stmt"/>
        <line num="127" count="0" type="stmt"/>
        <line num="128" count="0" type="stmt"/>
        <line num="132" count="5" type="stmt"/>
        <line num="133" count="0" type="stmt"/>
        <line num="141" count="0" type="stmt"/>
        <line num="142" count="0" type="stmt"/>
        <line num="148" count="5" type="stmt"/>
        <line num="151" count="0" type="stmt"/>
        <line num="152" count="0" type="stmt"/>
        <line num="160" count="5" type="stmt"/>
        <line num="162" count="0" type="cond" truecount="0" falsecount="2"/>
        <line num="163" count="0" type="cond" truecount="0" falsecount="2"/>
        <line num="164" count="0" type="stmt"/>
        <line num="166" count="0" type="stmt"/>
        <line num="173" count="4" type="cond" truecount="2" falsecount="0"/>
        <line num="174" count="4" type="cond" truecount="2" falsecount="0"/>
        <line num="175" count="4" type="stmt"/>
        <line num="177" count="4" type="stmt"/>
        <line num="184" count="10" type="cond" truecount="2" falsecount="0"/>
        <line num="185" count="10" type="cond" truecount="2" falsecount="0"/>
        <line num="186" count="10" type="stmt"/>
        <line num="188" count="10" type="stmt"/>
        <line num="195" count="10" type="cond" truecount="2" falsecount="0"/>
        <line num="196" count="10" type="cond" truecount="2" falsecount="0"/>
        <line num="197" count="10" type="stmt"/>
        <line num="199" count="10" type="stmt"/>
        <line num="205" count="4" type="stmt"/>
        <line num="206" count="34" type="stmt"/>
        <line num="210" count="5" type="stmt"/>
        <line num="224" count="0" type="stmt"/>
        <line num="225" count="0" type="stmt"/>
        <line num="227" count="0" type="stmt"/>
        <line num="229" count="0" type="stmt"/>
      </file>
    </package>
    <package name="common.src">
      <metrics statements="53" coveredstatements="40" conditionals="16" coveredconditionals="5" methods="15" coveredmethods="4"/>
      <file name="helpers.ts" path="/Users/przemyslaw.janowski/Code/react-chat-components/packages/common/src/helpers.ts">
        <metrics statements="18" coveredstatements="14" conditionals="8" coveredconditionals="5" methods="6" coveredmethods="4"/>
        <line num="1" count="2" type="stmt"/>
        <line num="3" count="2" type="stmt"/>
        <line num="4" count="4" type="cond" truecount="2" falsecount="1"/>
        <line num="5" count="4" type="stmt"/>
        <line num="7" count="4" type="cond" truecount="1" falsecount="1"/>
        <line num="8" count="4" type="stmt"/>
        <line num="11" count="2" type="stmt"/>
        <line num="12" count="304" type="cond" truecount="2" falsecount="1"/>
        <line num="13" count="304" type="stmt"/>
        <line num="14" count="304" type="stmt"/>
        <line num="16" count="11136" type="stmt"/>
        <line num="17" count="10832" type="stmt"/>
        <line num="18" count="304" type="stmt"/>
        <line num="21" count="2" type="stmt"/>
        <line num="22" count="0" type="stmt"/>
        <line num="24" count="0" type="stmt"/>
        <line num="25" count="0" type="stmt"/>
        <line num="28" count="0" type="stmt"/>
      </file>
      <file name="index.ts" path="/Users/przemyslaw.janowski/Code/react-chat-components/packages/common/src/index.ts">
        <metrics statements="10" coveredstatements="10" conditionals="0" coveredconditionals="0" methods="0" coveredmethods="0"/>
        <line num="1" count="2" type="stmt"/>
        <line num="2" count="2" type="stmt"/>
        <line num="3" count="2" type="stmt"/>
        <line num="4" count="2" type="stmt"/>
        <line num="5" count="2" type="stmt"/>
        <line num="6" count="2" type="stmt"/>
        <line num="7" count="2" type="stmt"/>
        <line num="8" count="2" type="stmt"/>
        <line num="9" count="2" type="stmt"/>
        <line num="10" count="2" type="stmt"/>
      </file>
      <file name="state-atoms.ts" path="/Users/przemyslaw.janowski/Code/react-chat-components/packages/common/src/state-atoms.ts">
        <metrics statements="23" coveredstatements="15" conditionals="8" coveredconditionals="0" methods="8" coveredmethods="0"/>
        <line num="1" count="2" type="stmt"/>
        <line num="4" count="2" type="stmt"/>
        <line num="5" count="2" type="stmt"/>
        <line num="6" count="2" type="stmt"/>
        <line num="7" count="2" type="stmt"/>
        <line num="8" count="2" type="stmt"/>
        <line num="9" count="2" type="stmt"/>
        <line num="10" count="2" type="stmt"/>
        <line num="11" count="2" type="stmt"/>
        <line num="12" count="2" type="stmt"/>
        <line num="14" count="2" type="stmt"/>
        <line num="15" count="0" type="stmt"/>
        <line num="18" count="2" type="stmt"/>
        <line num="19" count="0" type="stmt"/>
        <line num="22" count="2" type="stmt"/>
        <line num="23" count="0" type="cond" truecount="0" falsecount="4"/>
        <line num="25" count="0" type="stmt"/>
        <line num="28" count="2" type="stmt"/>
        <line num="29" count="0" type="cond" truecount="0" falsecount="2"/>
        <line num="31" count="0" type="stmt"/>
        <line num="37" count="2" type="stmt"/>
        <line num="38" count="0" type="cond" truecount="0" falsecount="2"/>
        <line num="40" count="0" type="stmt"/>
      </file>
      <file name="types.ts" path="/Users/przemyslaw.janowski/Code/react-chat-components/packages/common/src/types.ts">
        <metrics statements="2" coveredstatements="1" conditionals="0" coveredconditionals="0" methods="1" coveredmethods="0"/>
        <line num="48" count="2" type="stmt"/>
        <line num="49" count="0" type="stmt"/>
      </file>
    </package>
    <package name="common.src.channel-list">
      <metrics statements="18" coveredstatements="18" conditionals="11" coveredconditionals="9" methods="5" coveredmethods="5"/>
      <file name="channel-list.tsx" path="/Users/przemyslaw.janowski/Code/react-chat-components/packages/common/src/channel-list/channel-list.tsx">
        <metrics statements="17" coveredstatements="17" conditionals="11" coveredconditionals="9" methods="5" coveredmethods="5"/>
        <line num="2" count="2" type="stmt"/>
        <line num="4" count="2" type="stmt"/>
        <line num="30" count="2" type="stmt"/>
        <line num="31" count="18" type="stmt"/>
        <line num="32" count="18" type="stmt"/>
        <line num="37" count="18" type="stmt"/>
        <line num="38" count="144" type="stmt"/>
        <line num="41" count="18" type="stmt"/>
        <line num="42" count="358" type="cond" truecount="1" falsecount="0"/>
        <line num="43" count="310" type="cond" truecount="6" falsecount="2"/>
        <line num="46" count="18" type="stmt"/>
        <line num="47" count="164" type="cond" truecount="1" falsecount="0"/>
        <line num="48" count="4" type="stmt"/>
        <line num="53" count="160" type="stmt"/>
        <line num="60" count="18" type="stmt"/>
        <line num="61" count="2" type="cond" truecount="1" falsecount="0"/>
        <line num="64" count="18" type="stmt"/>
      </file>
      <file name="index.ts" path="/Users/przemyslaw.janowski/Code/react-chat-components/packages/common/src/channel-list/index.ts">
        <metrics statements="1" coveredstatements="1" conditionals="0" coveredconditionals="0" methods="0" coveredmethods="0"/>
        <line num="1" count="2" type="stmt"/>
      </file>
    </package>
    <package name="common.src.chat">
      <metrics statements="155" coveredstatements="82" conditionals="76" coveredconditionals="17" methods="49" coveredmethods="19"/>
      <file name="chat.tsx" path="/Users/przemyslaw.janowski/Code/react-chat-components/packages/common/src/chat/chat.tsx">
        <metrics statements="154" coveredstatements="81" conditionals="76" coveredconditionals="17" methods="49" coveredmethods="19"/>
        <line num="1" count="2" type="stmt"/>
        <line num="2" count="2" type="stmt"/>
        <line num="11" count="2" type="stmt"/>
        <line num="13" count="2" type="stmt"/>
        <line num="14" count="2" type="stmt"/>
        <line num="15" count="2" type="stmt"/>
        <line num="77" count="2" type="stmt"/>
        <line num="79" count="16" type="cond" truecount="2" falsecount="0"/>
        <line num="80" count="16" type="stmt"/>
        <line num="83" count="2" type="stmt"/>
        <line num="95" count="0" type="stmt"/>
        <line num="98" count="2" type="stmt"/>
        <line num="99" count="0" type="stmt"/>
        <line num="102" count="2" type="stmt"/>
        <line num="103" count="0" type="cond" truecount="0" falsecount="1"/>
        <line num="106" count="2" type="stmt"/>
        <line num="107" count="16" type="stmt"/>
        <line num="113" count="2" type="stmt"/>
        <line num="120" count="2" type="stmt"/>
        <line num="121" count="48" type="stmt"/>
        <line num="122" count="48" type="stmt"/>
        <line num="123" count="48" type="stmt"/>
        <line num="124" count="48" type="stmt"/>
        <line num="125" count="48" type="stmt"/>
        <line num="126" count="48" type="stmt"/>
        <line num="127" count="48" type="stmt"/>
        <line num="128" count="48" type="stmt"/>
        <line num="129" count="48" type="stmt"/>
        <line num="130" count="48" type="stmt"/>
        <line num="131" count="48" type="stmt"/>
        <line num="157" count="912" type="stmt"/>
        <line num="163" count="48" type="stmt"/>
        <line num="164" count="0" type="stmt"/>
        <line num="165" count="0" type="stmt"/>
        <line num="166" count="0" type="cond" truecount="0" falsecount="1"/>
        <line num="168" count="0" type="cond" truecount="0" falsecount="1"/>
        <line num="170" count="0" type="cond" truecount="0" falsecount="1"/>
        <line num="171" count="0" type="stmt"/>
        <line num="182" count="48" type="stmt"/>
        <line num="184" count="0" type="stmt"/>
        <line num="185" count="0" type="stmt"/>
        <line num="186" count="0" type="cond" truecount="0" falsecount="2"/>
        <line num="187" count="0" type="cond" truecount="0" falsecount="2"/>
        <line num="188" count="0" type="stmt"/>
        <line num="189" count="0" type="stmt"/>
        <line num="192" count="0" type="cond" truecount="0" falsecount="1"/>
        <line num="194" count="0" type="stmt"/>
        <line num="200" count="48" type="stmt"/>
        <line num="202" count="0" type="stmt"/>
        <line num="203" count="0" type="cond" truecount="0" falsecount="1"/>
        <line num="204" count="0" type="stmt"/>
        <line num="205" count="0" type="stmt"/>
        <line num="206" count="0" type="cond" truecount="0" falsecount="2"/>
        <line num="207" count="0" type="stmt"/>
        <line num="208" count="0" type="stmt"/>
        <line num="212" count="0" type="cond" truecount="0" falsecount="1"/>
        <line num="214" count="0" type="stmt"/>
        <line num="220" count="48" type="stmt"/>
        <line num="222" count="0" type="stmt"/>
        <line num="223" count="0" type="cond" truecount="0" falsecount="1"/>
        <line num="225" count="0" type="stmt"/>
        <line num="231" count="48" type="stmt"/>
        <line num="233" count="0" type="stmt"/>
        <line num="234" count="0" type="cond" truecount="0" falsecount="3"/>
        <line num="235" count="0" type="cond" truecount="0" falsecount="3"/>
        <line num="236" count="0" type="cond" truecount="0" falsecount="3"/>
        <line num="238" count="0" type="stmt"/>
        <line num="244" count="48" type="stmt"/>
        <line num="246" count="0" type="stmt"/>
        <line num="247" count="0" type="stmt"/>
        <line num="248" count="0" type="cond" truecount="0" falsecount="3"/>
        <line num="250" count="0" type="stmt"/>
        <line num="251" count="0" type="stmt"/>
        <line num="252" count="0" type="stmt"/>
        <line num="253" count="0" type="stmt"/>
        <line num="254" count="0" type="cond" truecount="0" falsecount="14"/>
        <line num="256" count="0" type="cond" truecount="0" falsecount="3"/>
        <line num="257" count="0" type="stmt"/>
        <line num="258" count="0" type="stmt"/>
        <line num="261" count="0" type="cond" truecount="0" falsecount="3"/>
        <line num="262" count="0" type="stmt"/>
        <line num="263" count="0" type="cond" truecount="0" falsecount="2"/>
        <line num="268" count="0" type="stmt"/>
        <line num="271" count="0" type="cond" truecount="0" falsecount="1"/>
        <line num="273" count="0" type="stmt"/>
        <line num="279" count="48" type="stmt"/>
        <line num="281" count="0" type="stmt"/>
        <line num="282" count="0" type="stmt"/>
        <line num="283" count="0" type="stmt"/>
        <line num="284" count="0" type="stmt"/>
        <line num="285" count="0" type="cond" truecount="0" falsecount="2"/>
        <line num="286" count="0" type="cond" truecount="0" falsecount="2"/>
        <line num="287" count="0" type="stmt"/>
        <line num="288" count="0" type="stmt"/>
        <line num="291" count="0" type="cond" truecount="0" falsecount="1"/>
        <line num="293" count="0" type="stmt"/>
        <line num="299" count="48" type="stmt"/>
        <line num="301" count="0" type="stmt"/>
        <line num="302" count="0" type="cond" truecount="0" falsecount="1"/>
        <line num="304" count="0" type="stmt"/>
        <line num="314" count="48" type="stmt"/>
        <line num="315" count="16" type="stmt"/>
        <line num="318" count="48" type="stmt"/>
        <line num="319" count="16" type="stmt"/>
        <line num="322" count="48" type="stmt"/>
        <line num="323" count="16" type="stmt"/>
        <line num="326" count="48" type="stmt"/>
        <line num="327" count="16" type="stmt"/>
        <line num="330" count="48" type="stmt"/>
        <line num="331" count="16" type="stmt"/>
        <line num="334" count="48" type="stmt"/>
        <line num="335" count="16" type="stmt"/>
        <line num="338" count="48" type="stmt"/>
        <line num="339" count="16" type="stmt"/>
        <line num="342" count="48" type="stmt"/>
        <line num="343" count="16" type="stmt"/>
        <line num="350" count="48" type="stmt"/>
        <line num="351" count="48" type="cond" truecount="1" falsecount="0"/>
        <line num="352" count="32" type="cond" truecount="4" falsecount="0"/>
        <line num="353" count="16" type="stmt"/>
        <line num="361" count="48" type="stmt"/>
        <line num="362" count="48" type="cond" truecount="3" falsecount="0"/>
        <line num="364" count="16" type="stmt"/>
        <line num="365" count="16" type="stmt"/>
        <line num="367" count="16" type="stmt"/>
        <line num="368" count="16" type="stmt"/>
        <line num="369" count="16" type="stmt"/>
        <line num="371" count="16" type="stmt"/>
        <line num="372" count="16" type="stmt"/>
        <line num="374" count="16" type="cond" truecount="2" falsecount="1"/>
        <line num="375" count="16" type="stmt"/>
        <line num="382" count="16" type="cond" truecount="2" falsecount="1"/>
        <line num="383" count="16" type="stmt"/>
        <line num="389" count="0" type="stmt"/>
        <line num="397" count="48" type="stmt"/>
        <line num="398" count="16" type="cond" truecount="0" falsecount="1"/>
        <line num="400" count="16" type="stmt"/>
        <line num="401" count="0" type="stmt"/>
        <line num="402" count="0" type="stmt"/>
        <line num="403" count="0" type="stmt"/>
        <line num="404" count="0" type="stmt"/>
        <line num="405" count="0" type="stmt"/>
        <line num="406" count="0" type="stmt"/>
        <line num="407" count="0" type="stmt"/>
        <line num="410" count="16" type="stmt"/>
        <line num="411" count="16" type="stmt"/>
        <line num="413" count="0" type="stmt"/>
        <line num="416" count="16" type="stmt"/>
        <line num="417" count="16" type="cond" truecount="3" falsecount="0"/>
        <line num="418" count="16" type="stmt"/>
        <line num="437" count="48" type="stmt"/>
        <line num="438" count="16" type="cond" truecount="0" falsecount="1"/>
        <line num="440" count="16" type="stmt"/>
        <line num="443" count="48" type="stmt"/>
      </file>
      <file name="index.ts" path="/Users/przemyslaw.janowski/Code/react-chat-components/packages/common/src/chat/index.ts">
        <metrics statements="1" coveredstatements="1" conditionals="0" coveredconditionals="0" methods="0" coveredmethods="0"/>
        <line num="1" count="2" type="stmt"/>
      </file>
    </package>
    <package name="common.src.hooks">
      <metrics statements="382" coveredstatements="204" conditionals="110" coveredconditionals="12" methods="100" coveredmethods="50"/>
      <file name="index.ts" path="/Users/przemyslaw.janowski/Code/react-chat-components/packages/common/src/hooks/index.ts">
        <metrics statements="8" coveredstatements="8" conditionals="0" coveredconditionals="0" methods="0" coveredmethods="0"/>
        <line num="1" count="7" type="stmt"/>
        <line num="2" count="7" type="stmt"/>
        <line num="3" count="7" type="stmt"/>
        <line num="4" count="7" type="stmt"/>
        <line num="5" count="7" type="stmt"/>
        <line num="6" count="7" type="stmt"/>
        <line num="7" count="7" type="stmt"/>
        <line num="8" count="7" type="stmt"/>
      </file>
      <file name="use-channel-members.ts" path="/Users/przemyslaw.janowski/Code/react-chat-components/packages/common/src/hooks/use-channel-members.ts">
        <metrics statements="54" coveredstatements="43" conditionals="10" coveredconditionals="3" methods="15" coveredmethods="12"/>
        <line num="1" count="7" type="stmt"/>
        <line num="3" count="7" type="stmt"/>
        <line num="4" count="7" type="stmt"/>
        <line num="5" count="7" type="stmt"/>
        <line num="10" count="7" type="stmt"/>
        <line num="11" count="25" type="stmt"/>
        <line num="13" count="25" type="stmt"/>
        <line num="14" count="25" type="stmt"/>
        <line num="15" count="25" type="stmt"/>
        <line num="16" count="25" type="stmt"/>
        <line num="17" count="25" type="stmt"/>
        <line num="18" count="25" type="stmt"/>
        <line num="20" count="25" type="stmt"/>
        <line num="22" count="17" type="stmt"/>
        <line num="29" count="25" type="stmt"/>
        <line num="30" count="4" type="stmt"/>
        <line num="33" count="25" type="stmt"/>
        <line num="34" count="6" type="stmt"/>
        <line num="35" count="6" type="stmt"/>
        <line num="36" count="6" type="stmt"/>
        <line num="37" count="6" type="stmt"/>
        <line num="38" count="6" type="stmt"/>
        <line num="41" count="25" type="stmt"/>
        <line num="42" count="5" type="stmt"/>
        <line num="45" count="25" type="stmt"/>
        <line num="46" count="21" type="stmt"/>
        <line num="47" count="21" type="cond" truecount="1" falsecount="0"/>
        <line num="51" count="10" type="cond" truecount="2" falsecount="1"/>
        <line num="52" count="10" type="stmt"/>
        <line num="53" count="10" type="cond" truecount="0" falsecount="1"/>
        <line num="54" count="10" type="stmt"/>
        <line num="55" count="10" type="stmt"/>
        <line num="57" count="120" type="stmt"/>
        <line num="59" count="10" type="stmt"/>
        <line num="60" count="10" type="stmt"/>
        <line num="62" count="0" type="stmt"/>
        <line num="63" count="0" type="stmt"/>
        <line num="67" count="21" type="stmt"/>
        <line num="68" count="21" type="stmt"/>
        <line num="72" count="25" type="stmt"/>
        <line num="73" count="5" type="stmt"/>
        <line num="75" count="0" type="stmt"/>
        <line num="76" count="0" type="cond" truecount="0" falsecount="1"/>
        <line num="78" count="0" type="stmt"/>
        <line num="79" count="0" type="stmt"/>
        <line num="80" count="0" type="stmt"/>
        <line num="83" count="0" type="cond" truecount="0" falsecount="1"/>
        <line num="87" count="0" type="cond" truecount="0" falsecount="3"/>
        <line num="88" count="0" type="stmt"/>
        <line num="91" count="0" type="stmt"/>
        <line num="96" count="5" type="stmt"/>
        <line num="98" count="5" type="stmt"/>
        <line num="99" count="5" type="stmt"/>
        <line num="103" count="25" type="stmt"/>
      </file>
      <file name="use-channels.ts" path="/Users/przemyslaw.janowski/Code/react-chat-components/packages/common/src/hooks/use-channels.ts">
        <metrics statements="44" coveredstatements="32" conditionals="13" coveredconditionals="4" methods="11" coveredmethods="8"/>
        <line num="1" count="7" type="stmt"/>
        <line num="3" count="7" type="stmt"/>
        <line num="4" count="7" type="stmt"/>
        <line num="5" count="7" type="stmt"/>
        <line num="10" count="10" type="cond" truecount="1" falsecount="0"/>
        <line num="11" count="8" type="stmt"/>
        <line num="13" count="8" type="stmt"/>
        <line num="14" count="8" type="stmt"/>
        <line num="15" count="8" type="stmt"/>
        <line num="16" count="8" type="stmt"/>
        <line num="17" count="8" type="stmt"/>
        <line num="19" count="8" type="stmt"/>
        <line num="24" count="8" type="stmt"/>
        <line num="25" count="2" type="stmt"/>
        <line num="28" count="8" type="stmt"/>
        <line num="29" count="8" type="stmt"/>
        <line num="30" count="8" type="cond" truecount="1" falsecount="0"/>
        <line num="34" count="4" type="cond" truecount="2" falsecount="1"/>
        <line num="35" count="4" type="stmt"/>
        <line num="36" count="4" type="cond" truecount="0" falsecount="1"/>
        <line num="37" count="4" type="stmt"/>
        <line num="38" count="4" type="stmt"/>
        <line num="39" count="4" type="stmt"/>
        <line num="40" count="4" type="stmt"/>
        <line num="42" count="0" type="stmt"/>
        <line num="43" count="0" type="stmt"/>
        <line num="47" count="8" type="stmt"/>
        <line num="48" count="8" type="stmt"/>
        <line num="52" count="8" type="stmt"/>
        <line num="53" count="2" type="stmt"/>
        <line num="55" count="0" type="stmt"/>
        <line num="56" count="0" type="cond" truecount="0" falsecount="1"/>
        <line num="58" count="0" type="stmt"/>
        <line num="59" count="0" type="stmt"/>
        <line num="60" count="0" type="stmt"/>
        <line num="63" count="0" type="cond" truecount="0" falsecount="3"/>
        <line num="64" count="0" type="stmt"/>
        <line num="67" count="0" type="cond" truecount="0" falsecount="3"/>
        <line num="68" count="0" type="stmt"/>
        <line num="71" count="0" type="stmt"/>
        <line num="76" count="2" type="stmt"/>
        <line num="78" count="2" type="stmt"/>
        <line num="79" count="2" type="stmt"/>
        <line num="83" count="8" type="stmt"/>
      </file>
      <file name="use-messages.ts" path="/Users/przemyslaw.janowski/Code/react-chat-components/packages/common/src/hooks/use-messages.ts">
        <metrics statements="65" coveredstatements="8" conditionals="26" coveredconditionals="0" methods="16" coveredmethods="0"/>
        <line num="1" count="7" type="stmt"/>
        <line num="3" count="7" type="stmt"/>
        <line num="5" count="7" type="stmt"/>
        <line num="6" count="7" type="stmt"/>
        <line num="7" count="7" type="stmt"/>
        <line num="8" count="7" type="stmt"/>
        <line num="16" count="7" type="stmt"/>
        <line num="17" count="0" type="stmt"/>
        <line num="19" count="0" type="stmt"/>
        <line num="20" count="0" type="stmt"/>
        <line num="21" count="0" type="stmt"/>
        <line num="22" count="0" type="stmt"/>
        <line num="24" count="0" type="stmt"/>
        <line num="25" count="0" type="stmt"/>
        <line num="26" count="0" type="stmt"/>
        <line num="28" count="0" type="stmt"/>
        <line num="31" count="0" type="stmt"/>
        <line num="33" count="0" type="stmt"/>
        <line num="35" count="0" type="cond" truecount="0" falsecount="1"/>
        <line num="36" count="0" type="stmt"/>
        <line num="37" count="0" type="stmt"/>
        <line num="38" count="0" type="stmt"/>
        <line num="39" count="0" type="stmt"/>
        <line num="40" count="0" type="stmt"/>
        <line num="41" count="0" type="stmt"/>
        <line num="42" count="0" type="stmt"/>
        <line num="43" count="0" type="stmt"/>
        <line num="44" count="0" type="stmt"/>
        <line num="46" count="0" type="stmt"/>
        <line num="50" count="0" type="stmt"/>
        <line num="51" count="0" type="stmt"/>
        <line num="52" count="0" type="stmt"/>
        <line num="53" count="0" type="stmt"/>
        <line num="54" count="0" type="cond" truecount="0" falsecount="1"/>
        <line num="55" count="0" type="stmt"/>
        <line num="56" count="0" type="stmt"/>
        <line num="59" count="0" type="stmt"/>
        <line num="63" count="0" type="stmt"/>
        <line num="64" count="0" type="stmt"/>
        <line num="65" count="0" type="cond" truecount="0" falsecount="1"/>
        <line num="67" count="0" type="stmt"/>
        <line num="68" count="0" type="stmt"/>
        <line num="69" count="0" type="stmt"/>
        <line num="70" count="0" type="stmt"/>
        <line num="71" count="0" type="stmt"/>
        <line num="72" count="0" type="cond" truecount="0" falsecount="14"/>
        <line num="74" count="0" type="cond" truecount="0" falsecount="3"/>
        <line num="75" count="0" type="stmt"/>
        <line num="76" count="0" type="stmt"/>
        <line num="79" count="0" type="cond" truecount="0" falsecount="3"/>
        <line num="80" count="0" type="stmt"/>
        <line num="81" count="0" type="cond" truecount="0" falsecount="2"/>
        <line num="86" count="0" type="stmt"/>
        <line num="89" count="0" type="stmt"/>
        <line num="93" count="0" type="stmt"/>
        <line num="98" count="0" type="stmt"/>
        <line num="99" count="0" type="stmt"/>
        <line num="100" count="0" type="stmt"/>
        <line num="102" count="0" type="stmt"/>
        <line num="103" count="0" type="stmt"/>
        <line num="107" count="0" type="stmt"/>
        <line num="110" count="7" type="stmt"/>
        <line num="111" count="0" type="cond" truecount="0" falsecount="1"/>
        <line num="112" count="0" type="stmt"/>
        <line num="113" count="0" type="stmt"/>
      </file>
      <file name="use-presence.ts" path="/Users/przemyslaw.janowski/Code/react-chat-components/packages/common/src/hooks/use-presence.ts">
        <metrics statements="53" coveredstatements="32" conditionals="15" coveredconditionals="1" methods="15" coveredmethods="10"/>
        <line num="1" count="7" type="stmt"/>
        <line num="3" count="7" type="stmt"/>
        <line num="4" count="7" type="stmt"/>
        <line num="9" count="12" type="cond" truecount="0" falsecount="1"/>
        <line num="10" count="12" type="stmt"/>
        <line num="12" count="12" type="stmt"/>
        <line num="13" count="12" type="stmt"/>
        <line num="14" count="12" type="stmt"/>
        <line num="15" count="12" type="stmt"/>
        <line num="17" count="12" type="stmt"/>
        <line num="18" count="12" type="stmt"/>
        <line num="20" count="12" type="stmt"/>
        <line num="21" count="4" type="stmt"/>
        <line num="22" count="4" type="stmt"/>
        <line num="23" count="4" type="stmt"/>
        <line num="26" count="12" type="stmt"/>
        <line num="27" count="4" type="stmt"/>
        <line num="30" count="12" type="stmt"/>
        <line num="31" count="9" type="stmt"/>
        <line num="32" count="9" type="cond" truecount="1" falsecount="0"/>
        <line num="36" count="4" type="stmt"/>
        <line num="37" count="4" type="cond" truecount="0" falsecount="1"/>
        <line num="38" count="4" type="stmt"/>
        <line num="39" count="4" type="stmt"/>
        <line num="41" count="0" type="stmt"/>
        <line num="42" count="0" type="stmt"/>
        <line num="46" count="9" type="stmt"/>
        <line num="47" count="9" type="stmt"/>
        <line num="51" count="12" type="stmt"/>
        <line num="52" count="3" type="stmt"/>
        <line num="54" count="0" type="stmt"/>
        <line num="55" count="0" type="stmt"/>
        <line num="56" count="0" type="cond" truecount="0" falsecount="1"/>
        <line num="57" count="0" type="stmt"/>
        <line num="58" count="0" type="stmt"/>
        <line num="60" count="0" type="cond" truecount="0" falsecount="1"/>
        <line num="61" count="0" type="cond" truecount="0" falsecount="1"/>
        <line num="62" count="0" type="stmt"/>
        <line num="64" count="0" type="cond" truecount="0" falsecount="1"/>
        <line num="67" count="0" type="stmt"/>
        <line num="69" count="0" type="stmt"/>
        <line num="70" count="0" type="stmt"/>
        <line num="74" count="0" type="cond" truecount="0" falsecount="1"/>
        <line num="75" count="0" type="stmt"/>
        <line num="77" count="0" type="cond" truecount="0" falsecount="1"/>
        <line num="80" count="0" type="stmt"/>
        <line num="82" count="0" type="stmt"/>
        <line num="83" count="0" type="stmt"/>
        <line num="88" count="0" type="stmt"/>
        <line num="93" count="3" type="stmt"/>
        <line num="95" count="3" type="stmt"/>
        <line num="96" count="3" type="stmt"/>
        <line num="100" count="12" type="stmt"/>
      </file>
      <file name="use-subscribe.ts" path="/Users/przemyslaw.janowski/Code/react-chat-components/packages/common/src/hooks/use-subscribe.ts">
        <metrics statements="20" coveredstatements="3" conditionals="15" coveredconditionals="0" methods="7" coveredmethods="0"/>
        <line num="1" count="7" type="stmt"/>
        <line num="3" count="7" type="stmt"/>
        <line num="5" count="7" type="cond" truecount="0" falsecount="1"/>
        <line num="6" count="0" type="stmt"/>
        <line num="8" count="0" type="stmt"/>
        <line num="9" count="0" type="stmt"/>
        <line num="12" count="0" type="stmt"/>
        <line num="13" count="0" type="cond" truecount="0" falsecount="2"/>
        <line num="14" count="0" type="cond" truecount="0" falsecount="2"/>
        <line num="16" count="0" type="cond" truecount="0" falsecount="2"/>
        <line num="17" count="0" type="cond" truecount="0" falsecount="2"/>
        <line num="19" count="0" type="stmt"/>
        <line num="20" count="0" type="stmt"/>
        <line num="22" count="0" type="stmt"/>
        <line num="23" count="0" type="stmt"/>
        <line num="25" count="0" type="cond" truecount="0" falsecount="3"/>
        <line num="26" count="0" type="stmt"/>
        <line num="33" count="0" type="cond" truecount="0" falsecount="3"/>
        <line num="34" count="0" type="stmt"/>
        <line num="41" count="0" type="stmt"/>
      </file>
      <file name="use-user-memberships.ts" path="/Users/przemyslaw.janowski/Code/react-chat-components/packages/common/src/hooks/use-user-memberships.ts">
        <metrics statements="55" coveredstatements="43" conditionals="13" coveredconditionals="3" methods="15" coveredmethods="12"/>
        <line num="1" count="7" type="stmt"/>
        <line num="3" count="7" type="stmt"/>
        <line num="4" count="7" type="stmt"/>
        <line num="5" count="7" type="stmt"/>
        <line num="10" count="25" type="cond" truecount="0" falsecount="1"/>
        <line num="11" count="25" type="stmt"/>
        <line num="13" count="25" type="stmt"/>
        <line num="14" count="25" type="stmt"/>
        <line num="15" count="25" type="stmt"/>
        <line num="16" count="25" type="stmt"/>
        <line num="17" count="25" type="stmt"/>
        <line num="18" count="25" type="stmt"/>
        <line num="20" count="25" type="stmt"/>
        <line num="22" count="17" type="stmt"/>
        <line num="29" count="25" type="stmt"/>
        <line num="30" count="4" type="stmt"/>
        <line num="33" count="25" type="stmt"/>
        <line num="34" count="6" type="stmt"/>
        <line num="35" count="6" type="stmt"/>
        <line num="36" count="6" type="stmt"/>
        <line num="37" count="6" type="stmt"/>
        <line num="38" count="6" type="stmt"/>
        <line num="41" count="25" type="stmt"/>
        <line num="42" count="5" type="stmt"/>
        <line num="45" count="25" type="stmt"/>
        <line num="46" count="21" type="stmt"/>
        <line num="47" count="21" type="cond" truecount="1" falsecount="0"/>
        <line num="51" count="10" type="cond" truecount="2" falsecount="1"/>
        <line num="52" count="10" type="stmt"/>
        <line num="53" count="10" type="cond" truecount="0" falsecount="1"/>
        <line num="54" count="10" type="stmt"/>
        <line num="55" count="10" type="stmt"/>
        <line num="57" count="37" type="stmt"/>
        <line num="59" count="10" type="stmt"/>
        <line num="60" count="10" type="stmt"/>
        <line num="62" count="0" type="stmt"/>
        <line num="63" count="0" type="stmt"/>
        <line num="67" count="21" type="stmt"/>
        <line num="68" count="21" type="stmt"/>
        <line num="72" count="25" type="stmt"/>
        <line num="73" count="5" type="stmt"/>
        <line num="75" count="0" type="stmt"/>
        <line num="76" count="0" type="cond" truecount="0" falsecount="1"/>
        <line num="78" count="0" type="stmt"/>
        <line num="79" count="0" type="stmt"/>
        <line num="80" count="0" type="stmt"/>
        <line num="81" count="0" type="cond" truecount="0" falsecount="2"/>
        <line num="84" count="0" type="cond" truecount="0" falsecount="1"/>
        <line num="88" count="0" type="cond" truecount="0" falsecount="3"/>
        <line num="89" count="0" type="stmt"/>
        <line num="92" count="0" type="stmt"/>
        <line num="97" count="5" type="stmt"/>
        <line num="99" count="5" type="stmt"/>
        <line num="100" count="5" type="stmt"/>
        <line num="104" count="25" type="stmt"/>
      </file>
      <file name="use-user.ts" path="/Users/przemyslaw.janowski/Code/react-chat-components/packages/common/src/hooks/use-user.ts">
        <metrics statements="39" coveredstatements="30" conditionals="5" coveredconditionals="1" methods="10" coveredmethods="8"/>
        <line num="1" count="7" type="stmt"/>
        <line num="3" count="7" type="stmt"/>
        <line num="4" count="7" type="stmt"/>
        <line num="7" count="8" type="cond" truecount="0" falsecount="1"/>
        <line num="8" count="8" type="stmt"/>
        <line num="10" count="8" type="stmt"/>
        <line num="11" count="8" type="stmt"/>
        <line num="12" count="8" type="stmt"/>
        <line num="13" count="8" type="stmt"/>
        <line num="15" count="8" type="stmt"/>
        <line num="16" count="4" type="stmt"/>
        <line num="17" count="4" type="stmt"/>
        <line num="18" count="4" type="stmt"/>
        <line num="21" count="8" type="stmt"/>
        <line num="22" count="4" type="stmt"/>
        <line num="25" count="8" type="stmt"/>
        <line num="26" count="8" type="stmt"/>
        <line num="27" count="8" type="cond" truecount="1" falsecount="0"/>
        <line num="31" count="4" type="stmt"/>
        <line num="32" count="4" type="cond" truecount="0" falsecount="1"/>
        <line num="33" count="4" type="stmt"/>
        <line num="34" count="4" type="stmt"/>
        <line num="36" count="0" type="stmt"/>
        <line num="37" count="0" type="stmt"/>
        <line num="41" count="8" type="stmt"/>
        <line num="42" count="8" type="stmt"/>
        <line num="46" count="8" type="stmt"/>
        <line num="47" count="3" type="stmt"/>
        <line num="49" count="0" type="stmt"/>
        <line num="50" count="0" type="cond" truecount="0" falsecount="1"/>
        <line num="52" count="0" type="stmt"/>
        <line num="53" count="0" type="stmt"/>
        <line num="55" count="0" type="cond" truecount="0" falsecount="1"/>
        <line num="56" count="0" type="stmt"/>
        <line num="59" count="0" type="stmt"/>
        <line num="64" count="3" type="stmt"/>
        <line num="66" count="3" type="stmt"/>
        <line num="67" count="3" type="stmt"/>
        <line num="71" count="8" type="stmt"/>
      </file>
      <file name="use-users.ts" path="/Users/przemyslaw.janowski/Code/react-chat-components/packages/common/src/hooks/use-users.ts">
        <metrics statements="44" coveredstatements="5" conditionals="13" coveredconditionals="0" methods="11" coveredmethods="0"/>
        <line num="1" count="7" type="stmt"/>
        <line num="3" count="7" type="stmt"/>
        <line num="4" count="7" type="stmt"/>
        <line num="5" count="7" type="stmt"/>
        <line num="10" count="7" type="cond" truecount="0" falsecount="1"/>
        <line num="11" count="0" type="stmt"/>
        <line num="13" count="0" type="stmt"/>
        <line num="14" count="0" type="stmt"/>
        <line num="15" count="0" type="stmt"/>
        <line num="16" count="0" type="stmt"/>
        <line num="17" count="0" type="stmt"/>
        <line num="19" count="0" type="stmt"/>
        <line num="24" count="0" type="stmt"/>
        <line num="25" count="0" type="stmt"/>
        <line num="28" count="0" type="stmt"/>
        <line num="29" count="0" type="stmt"/>
        <line num="30" count="0" type="cond" truecount="0" falsecount="1"/>
        <line num="34" count="0" type="cond" truecount="0" falsecount="3"/>
        <line num="35" count="0" type="stmt"/>
        <line num="36" count="0" type="cond" truecount="0" falsecount="1"/>
        <line num="37" count="0" type="stmt"/>
        <line num="38" count="0" type="stmt"/>
        <line num="39" count="0" type="stmt"/>
        <line num="40" count="0" type="stmt"/>
        <line num="42" count="0" type="stmt"/>
        <line num="43" count="0" type="stmt"/>
        <line num="47" count="0" type="stmt"/>
        <line num="48" count="0" type="stmt"/>
        <line num="52" count="0" type="stmt"/>
        <line num="53" count="0" type="stmt"/>
        <line num="55" count="0" type="stmt"/>
        <line num="56" count="0" type="cond" truecount="0" falsecount="1"/>
        <line num="58" count="0" type="stmt"/>
        <line num="59" count="0" type="stmt"/>
        <line num="60" count="0" type="stmt"/>
        <line num="63" count="0" type="cond" truecount="0" falsecount="3"/>
        <line num="64" count="0" type="stmt"/>
        <line num="67" count="0" type="cond" truecount="0" falsecount="3"/>
        <line num="68" count="0" type="stmt"/>
        <line num="71" count="0" type="stmt"/>
        <line num="76" count="0" type="stmt"/>
        <line num="78" count="0" type="stmt"/>
        <line num="79" count="0" type="stmt"/>
        <line num="83" count="0" type="stmt"/>
      </file>
    </package>
    <package name="common.src.member-list">
      <metrics statements="25" coveredstatements="24" conditionals="15" coveredconditionals="8" methods="6" coveredmethods="5"/>
      <file name="index.ts" path="/Users/przemyslaw.janowski/Code/react-chat-components/packages/common/src/member-list/index.ts">
        <metrics statements="1" coveredstatements="1" conditionals="0" coveredconditionals="0" methods="0" coveredmethods="0"/>
        <line num="1" count="2" type="stmt"/>
      </file>
      <file name="member-list.tsx" path="/Users/przemyslaw.janowski/Code/react-chat-components/packages/common/src/member-list/member-list.tsx">
        <metrics statements="24" coveredstatements="23" conditionals="15" coveredconditionals="8" methods="6" coveredmethods="5"/>
        <line num="2" count="2" type="stmt"/>
        <line num="3" count="2" type="stmt"/>
        <line num="5" count="2" type="stmt"/>
        <line num="33" count="2" type="stmt"/>
        <line num="34" count="14" type="stmt"/>
        <line num="35" count="14" type="stmt"/>
        <line num="41" count="14" type="stmt"/>
        <line num="42" count="2408" type="stmt"/>
        <line num="45" count="14" type="stmt"/>
        <line num="46" count="2388" type="cond" truecount="3" falsecount="1"/>
        <line num="49" count="14" type="stmt"/>
        <line num="50" count="1274" type="cond" truecount="1" falsecount="0"/>
        <line num="52" count="1052" type="cond" truecount="0" falsecount="1"/>
        <line num="53" count="1052" type="cond" truecount="1" falsecount="0"/>
        <line num="55" count="1042" type="cond" truecount="1" falsecount="2"/>
        <line num="56" count="1042" type="cond" truecount="1" falsecount="2"/>
        <line num="58" count="1042" type="stmt"/>
        <line num="61" count="14" type="stmt"/>
        <line num="62" count="364" type="cond" truecount="1" falsecount="0"/>
        <line num="63" count="4" type="stmt"/>
        <line num="68" count="360" type="stmt"/>
        <line num="75" count="14" type="stmt"/>
        <line num="76" count="0" type="cond" truecount="0" falsecount="1"/>
        <line num="79" count="14" type="stmt"/>
      </file>
    </package>
    <package name="common.src.message-input">
      <metrics statements="73" coveredstatements="7" conditionals="29" coveredconditionals="0" methods="12" coveredmethods="0"/>
      <file name="index.ts" path="/Users/przemyslaw.janowski/Code/react-chat-components/packages/common/src/message-input/index.ts">
        <metrics statements="1" coveredstatements="1" conditionals="0" coveredconditionals="0" methods="0" coveredmethods="0"/>
        <line num="1" count="2" type="stmt"/>
      </file>
      <file name="message-input.tsx" path="/Users/przemyslaw.janowski/Code/react-chat-components/packages/common/src/message-input/message-input.tsx">
        <metrics statements="72" coveredstatements="6" conditionals="29" coveredconditionals="0" methods="12" coveredmethods="0"/>
        <line num="1" count="2" type="stmt"/>
        <line num="2" count="2" type="stmt"/>
        <line num="3" count="2" type="stmt"/>
        <line num="4" count="2" type="stmt"/>
        <line num="6" count="2" type="stmt"/>
        <line num="46" count="2" type="stmt"/>
        <line num="47" count="0" type="stmt"/>
        <line num="49" count="0" type="cond" truecount="0" falsecount="2"/>
        <line num="50" count="0" type="stmt"/>
        <line num="51" count="0" type="stmt"/>
        <line num="52" count="0" type="stmt"/>
        <line num="53" count="0" type="stmt"/>
        <line num="54" count="0" type="stmt"/>
        <line num="55" count="0" type="stmt"/>
        <line num="56" count="0" type="stmt"/>
        <line num="57" count="0" type="stmt"/>
        <line num="58" count="0" type="stmt"/>
        <line num="63" count="0" type="stmt"/>
        <line num="64" count="0" type="stmt"/>
        <line num="71" count="0" type="stmt"/>
        <line num="73" count="0" type="cond" truecount="0" falsecount="3"/>
        <line num="74" count="0" type="stmt"/>
        <line num="78" count="0" type="cond" truecount="0" falsecount="2"/>
        <line num="81" count="0" type="stmt"/>
        <line num="83" count="0" type="cond" truecount="0" falsecount="1"/>
        <line num="84" count="0" type="stmt"/>
        <line num="85" count="0" type="cond" truecount="0" falsecount="2"/>
        <line num="86" count="0" type="cond" truecount="0" falsecount="1"/>
        <line num="87" count="0" type="cond" truecount="0" falsecount="3"/>
        <line num="88" count="0" type="stmt"/>
        <line num="89" count="0" type="cond" truecount="0" falsecount="2"/>
        <line num="92" count="0" type="cond" truecount="0" falsecount="1"/>
        <line num="93" count="0" type="stmt"/>
        <line num="95" count="0" type="stmt"/>
        <line num="97" count="0" type="stmt"/>
        <line num="101" count="0" type="stmt"/>
        <line num="102" count="0" type="cond" truecount="0" falsecount="1"/>
        <line num="103" count="0" type="stmt"/>
        <line num="104" count="0" type="stmt"/>
        <line num="105" count="0" type="stmt"/>
        <line num="106" count="0" type="stmt"/>
        <line num="108" count="0" type="stmt"/>
        <line num="112" count="0" type="stmt"/>
        <line num="113" count="0" type="cond" truecount="0" falsecount="1"/>
        <line num="114" count="0" type="stmt"/>
        <line num="115" count="0" type="stmt"/>
        <line num="116" count="0" type="stmt"/>
        <line num="117" count="0" type="stmt"/>
        <line num="119" count="0" type="stmt"/>
        <line num="123" count="0" type="stmt"/>
        <line num="124" count="0" type="stmt"/>
        <line num="125" count="0" type="stmt"/>
        <line num="132" count="0" type="stmt"/>
        <line num="133" count="0" type="stmt"/>
        <line num="134" count="0" type="cond" truecount="0" falsecount="1"/>
        <line num="135" count="0" type="cond" truecount="0" falsecount="2"/>
        <line num="137" count="0" type="cond" truecount="0" falsecount="2"/>
        <line num="138" count="0" type="stmt"/>
        <line num="140" count="0" type="stmt"/>
        <line num="144" count="0" type="stmt"/>
        <line num="145" count="0" type="stmt"/>
        <line num="146" count="0" type="stmt"/>
        <line num="147" count="0" type="stmt"/>
        <line num="148" count="0" type="stmt"/>
        <line num="150" count="0" type="stmt"/>
        <line num="157" count="0" type="stmt"/>
        <line num="158" count="0" type="stmt"/>
        <line num="160" count="0" type="cond" truecount="0" falsecount="1"/>
        <line num="161" count="0" type="stmt"/>
        <line num="162" count="0" type="stmt"/>
        <line num="166" count="0" type="stmt"/>
        <line num="169" count="0" type="stmt"/>
      </file>
    </package>
    <package name="common.src.message-list">
      <metrics statements="70" coveredstatements="8" conditionals="56" coveredconditionals="0" methods="15" coveredmethods="0"/>
      <file name="index.ts" path="/Users/przemyslaw.janowski/Code/react-chat-components/packages/common/src/message-list/index.ts">
        <metrics statements="1" coveredstatements="1" conditionals="0" coveredconditionals="0" methods="0" coveredmethods="0"/>
        <line num="1" count="2" type="stmt"/>
      </file>
      <file name="message-list.tsx" path="/Users/przemyslaw.janowski/Code/react-chat-components/packages/common/src/message-list/message-list.tsx">
        <metrics statements="69" coveredstatements="7" conditionals="56" coveredconditionals="0" methods="15" coveredmethods="0"/>
        <line num="1" count="2" type="stmt"/>
        <line num="3" count="2" type="stmt"/>
        <line num="4" count="2" type="stmt"/>
        <line num="5" count="2" type="stmt"/>
        <line num="12" count="2" type="stmt"/>
        <line num="13" count="2" type="stmt"/>
        <line num="63" count="2" type="stmt"/>
        <line num="64" count="0" type="stmt"/>
        <line num="66" count="0" type="stmt"/>
        <line num="67" count="0" type="stmt"/>
        <line num="68" count="0" type="stmt"/>
        <line num="69" count="0" type="stmt"/>
        <line num="70" count="0" type="stmt"/>
        <line num="71" count="0" type="stmt"/>
        <line num="72" count="0" type="stmt"/>
        <line num="73" count="0" type="stmt"/>
        <line num="74" count="0" type="stmt"/>
        <line num="75" count="0" type="stmt"/>
        <line num="76" count="0" type="stmt"/>
        <line num="78" count="0" type="stmt"/>
        <line num="79" count="0" type="stmt"/>
        <line num="80" count="0" type="stmt"/>
        <line num="81" count="0" type="stmt"/>
        <line num="87" count="0" type="stmt"/>
        <line num="88" count="0" type="stmt"/>
        <line num="89" count="0" type="stmt"/>
        <line num="90" count="0" type="stmt"/>
        <line num="95" count="0" type="stmt"/>
        <line num="96" count="0" type="stmt"/>
        <line num="99" count="0" type="stmt"/>
        <line num="100" count="0" type="stmt"/>
        <line num="106" count="0" type="stmt"/>
        <line num="108" count="0" type="cond" truecount="0" falsecount="1"/>
        <line num="110" count="0" type="stmt"/>
        <line num="111" count="0" type="stmt"/>
        <line num="117" count="0" type="stmt"/>
        <line num="119" count="0" type="stmt"/>
        <line num="121" count="0" type="stmt"/>
        <line num="127" count="0" type="stmt"/>
        <line num="128" count="0" type="cond" truecount="0" falsecount="3"/>
        <line num="129" count="0" type="stmt"/>
        <line num="131" count="0" type="stmt"/>
        <line num="137" count="0" type="stmt"/>
        <line num="138" count="0" type="stmt"/>
        <line num="140" count="0" type="cond" truecount="0" falsecount="2"/>
        <line num="142" count="0" type="stmt"/>
        <line num="143" count="0" type="stmt"/>
        <line num="145" count="0" type="stmt"/>
        <line num="146" count="0" type="cond" truecount="0" falsecount="2"/>
        <line num="148" count="0" type="stmt"/>
        <line num="150" count="0" type="stmt"/>
        <line num="165" count="0" type="stmt"/>
        <line num="166" count="0" type="stmt"/>
        <line num="167" count="0" type="stmt"/>
        <line num="176" count="0" type="stmt"/>
        <line num="180" count="0" type="stmt"/>
        <line num="181" count="0" type="stmt"/>
        <line num="182" count="0" type="stmt"/>
        <line num="184" count="0" type="stmt"/>
        <line num="188" count="0" type="stmt"/>
        <line num="189" count="0" type="cond" truecount="0" falsecount="3"/>
        <line num="190" count="0" type="cond" truecount="0" falsecount="1"/>
        <line num="191" count="0" type="cond" truecount="0" falsecount="5"/>
        <line num="194" count="0" type="stmt"/>
        <line num="195" count="0" type="cond" truecount="0" falsecount="7"/>
        <line num="196" count="0" type="cond" truecount="0" falsecount="1"/>
        <line num="197" count="0" type="cond" truecount="0" falsecount="9"/>
        <line num="198" count="0" type="stmt"/>
        <line num="201" count="0" type="stmt"/>
      </file>
    </package>
    <package name="common.src.typing-indicator">
      <metrics statements="33" coveredstatements="7" conditionals="9" coveredconditionals="0" methods="8" coveredmethods="0"/>
      <file name="index.ts" path="/Users/przemyslaw.janowski/Code/react-chat-components/packages/common/src/typing-indicator/index.ts">
        <metrics statements="1" coveredstatements="1" conditionals="0" coveredconditionals="0" methods="0" coveredmethods="0"/>
        <line num="1" count="2" type="stmt"/>
      </file>
      <file name="typing-indicator.tsx" path="/Users/przemyslaw.janowski/Code/react-chat-components/packages/common/src/typing-indicator/typing-indicator.tsx">
        <metrics statements="32" coveredstatements="6" conditionals="9" coveredconditionals="0" methods="8" coveredmethods="0"/>
        <line num="1" count="2" type="stmt"/>
        <line num="2" count="2" type="stmt"/>
        <line num="3" count="2" type="stmt"/>
        <line num="4" count="2" type="stmt"/>
        <line num="5" count="2" type="stmt"/>
        <line num="23" count="2" type="stmt"/>
        <line num="24" count="0" type="stmt"/>
        <line num="26" count="0" type="stmt"/>
        <line num="27" count="0" type="stmt"/>
        <line num="28" count="0" type="stmt"/>
        <line num="29" count="0" type="stmt"/>
        <line num="30" count="0" type="stmt"/>
        <line num="31" count="0" type="stmt"/>
        <line num="33" count="0" type="cond" truecount="0" falsecount="1"/>
        <line num="34" count="0" type="stmt"/>
        <line num="37" count="0" type="stmt"/>
        <line num="38" count="0" type="stmt"/>
        <line num="39" count="0" type="stmt"/>
        <line num="41" count="0" type="stmt"/>
        <line num="42" count="0" type="stmt"/>
        <line num="45" count="0" type="stmt"/>
        <line num="46" count="0" type="stmt"/>
        <line num="47" count="0" type="cond" truecount="0" falsecount="1"/>
        <line num="48" count="0" type="cond" truecount="0" falsecount="1"/>
        <line num="49" count="0" type="stmt"/>
        <line num="50" count="0" type="cond" truecount="0" falsecount="6"/>
        <line num="52" count="0" type="stmt"/>
        <line num="55" count="0" type="stmt"/>
        <line num="56" count="0" type="stmt"/>
        <line num="57" count="0" type="stmt"/>
        <line num="58" count="0" type="stmt"/>
        <line num="61" count="0" type="stmt"/>
      </file>
    </package>
    <package name="react.mock">
      <metrics statements="93" coveredstatements="40" conditionals="25" coveredconditionals="7" methods="39" coveredmethods="11"/>
      <file name="custom-renderer.tsx" path="/Users/przemyslaw.janowski/Code/react-chat-components/packages/react/mock/custom-renderer.tsx">
        <metrics statements="13" coveredstatements="13" conditionals="3" coveredconditionals="3" methods="1" coveredmethods="1"/>
        <line num="1" count="2" type="stmt"/>
        <line num="3" count="2" type="stmt"/>
        <line num="4" count="2" type="stmt"/>
        <line num="5" count="2" type="stmt"/>
        <line num="6" count="2" type="stmt"/>
        <line num="8" count="2" type="stmt"/>
        <line num="15" count="2" type="stmt"/>
        <line num="17" count="31" type="cond" truecount="1" falsecount="0"/>
        <line num="19" count="32" type="stmt"/>
        <line num="20" count="16" type="cond" truecount="2" falsecount="0"/>
        <line num="22" count="16" type="stmt"/>
        <line num="30" count="2" type="stmt"/>
        <line num="31" count="2" type="stmt"/>
      </file>
      <file name="pubnub-mock.ts" path="/Users/przemyslaw.janowski/Code/react-chat-components/packages/react/mock/pubnub-mock.ts">
        <metrics statements="80" coveredstatements="27" conditionals="22" coveredconditionals="4" methods="38" coveredmethods="10"/>
        <line num="11" count="2" type="stmt"/>
        <line num="12" count="2" type="stmt"/>
        <line num="13" count="2" type="stmt"/>
        <line num="24" count="18" type="cond" truecount="0" falsecount="1"/>
        <line num="25" count="16" type="cond" truecount="2" falsecount="0"/>
        <line num="26" count="16" type="stmt"/>
        <line num="27" count="16" type="stmt"/>
        <line num="29" count="16" type="stmt"/>
        <line num="30" count="0" type="stmt"/>
        <line num="43" count="0" type="stmt"/>
        <line num="44" count="0" type="stmt"/>
        <line num="45" count="0" type="stmt"/>
        <line num="46" count="0" type="stmt"/>
        <line num="50" count="16" type="stmt"/>
        <line num="51" count="16" type="stmt"/>
        <line num="54" count="16" type="stmt"/>
        <line num="55" count="112" type="stmt"/>
        <line num="58" count="16" type="stmt"/>
        <line num="59" count="0" type="stmt"/>
        <line num="60" count="0" type="cond" truecount="0" falsecount="1"/>
        <line num="61" count="0" type="stmt"/>
        <line num="63" count="0" type="stmt"/>
        <line num="65" count="0" type="stmt"/>
        <line num="66" count="0" type="stmt"/>
        <line num="74" count="16" type="stmt"/>
        <line num="75" count="0" type="stmt"/>
        <line num="78" count="2408" type="cond" truecount="2" falsecount="0"/>
        <line num="80" count="16" type="stmt"/>
        <line num="82" count="16" type="stmt"/>
        <line num="84" count="16" type="stmt"/>
        <line num="85" count="0" type="stmt"/>
        <line num="86" count="0" type="stmt"/>
        <line num="90" count="0" type="stmt"/>
        <line num="93" count="0" type="stmt"/>
        <line num="95" count="0" type="stmt"/>
        <line num="100" count="16" type="stmt"/>
        <line num="101" count="0" type="stmt"/>
        <line num="112" count="0" type="stmt"/>
        <line num="113" count="0" type="stmt"/>
        <line num="114" count="0" type="stmt"/>
        <line num="115" count="0" type="stmt"/>
        <line num="121" count="16" type="stmt"/>
        <line num="122" count="0" type="stmt"/>
        <line num="123" count="0" type="stmt"/>
        <line num="124" count="0" type="stmt"/>
        <line num="125" count="0" type="stmt"/>
        <line num="126" count="0" type="stmt"/>
        <line num="127" count="0" type="stmt"/>
        <line num="128" count="0" type="stmt"/>
        <line num="132" count="16" type="stmt"/>
        <line num="133" count="0" type="stmt"/>
        <line num="141" count="0" type="stmt"/>
        <line num="142" count="0" type="stmt"/>
        <line num="148" count="16" type="stmt"/>
        <line num="151" count="0" type="stmt"/>
        <line num="152" count="0" type="stmt"/>
        <line num="160" count="16" type="stmt"/>
        <line num="162" count="0" type="cond" truecount="0" falsecount="2"/>
        <line num="163" count="0" type="cond" truecount="0" falsecount="2"/>
        <line num="164" count="0" type="stmt"/>
        <line num="166" count="0" type="stmt"/>
        <line num="173" count="0" type="cond" truecount="0" falsecount="2"/>
        <line num="174" count="0" type="cond" truecount="0" falsecount="2"/>
        <line num="175" count="0" type="stmt"/>
        <line num="177" count="0" type="stmt"/>
        <line num="184" count="0" type="cond" truecount="0" falsecount="2"/>
        <line num="185" count="0" type="cond" truecount="0" falsecount="2"/>
        <line num="186" count="0" type="stmt"/>
        <line num="188" count="0" type="stmt"/>
        <line num="195" count="0" type="cond" truecount="0" falsecount="2"/>
        <line num="196" count="0" type="cond" truecount="0" falsecount="2"/>
        <line num="197" count="0" type="stmt"/>
        <line num="199" count="0" type="stmt"/>
        <line num="205" count="0" type="stmt"/>
        <line num="206" count="0" type="stmt"/>
        <line num="210" count="16" type="stmt"/>
        <line num="224" count="0" type="stmt"/>
        <line num="225" count="16" type="stmt"/>
        <line num="227" count="16" type="stmt"/>
        <line num="229" count="16" type="stmt"/>
      </file>
    </package>
    <package name="react.src.channel-list">
      <metrics statements="14" coveredstatements="14" conditionals="19" coveredconditionals="17" methods="3" coveredmethods="3"/>
      <file name="channel-list.scss" path="/Users/przemyslaw.janowski/Code/react-chat-components/packages/react/src/channel-list/channel-list.scss">
        <metrics statements="1" coveredstatements="1" conditionals="0" coveredconditionals="0" methods="0" coveredmethods="0"/>
        <line num="1" count="1" type="stmt"/>
      </file>
      <file name="channel-list.tsx" path="/Users/przemyslaw.janowski/Code/react-chat-components/packages/react/src/channel-list/channel-list.tsx">
        <metrics statements="13" coveredstatements="13" conditionals="19" coveredconditionals="17" methods="3" coveredmethods="3"/>
        <line num="1" count="1" type="stmt"/>
        <line num="2" count="1" type="stmt"/>
        <line num="3" count="1" type="stmt"/>
        <line num="17" count="1" type="stmt"/>
        <line num="18" count="18" type="stmt"/>
        <line num="19" count="18" type="stmt"/>
        <line num="24" count="18" type="stmt"/>
        <line num="25" count="164" type="cond" truecount="1" falsecount="0"/>
        <line num="26" count="144" type="stmt"/>
        <line num="27" count="144" type="cond" truecount="2" falsecount="0"/>
        <line num="29" count="144" type="stmt"/>
        <line num="33" count="2" type="stmt"/>
        <line num="53" count="18" type="stmt"/>
      </file>
    </package>
    <package name="react.src.chat">
      <metrics statements="5" coveredstatements="5" conditionals="0" coveredconditionals="0" methods="1" coveredmethods="1"/>
      <file name="chat.scss" path="/Users/przemyslaw.janowski/Code/react-chat-components/packages/react/src/chat/chat.scss">
        <metrics statements="1" coveredstatements="1" conditionals="0" coveredconditionals="0" methods="0" coveredmethods="0"/>
        <line num="1" count="2" type="stmt"/>
      </file>
      <file name="chat.tsx" path="/Users/przemyslaw.janowski/Code/react-chat-components/packages/react/src/chat/chat.tsx">
        <metrics statements="3" coveredstatements="3" conditionals="0" coveredconditionals="0" methods="1" coveredmethods="1"/>
        <line num="1" count="2" type="stmt"/>
        <line num="2" count="2" type="stmt"/>
        <line num="4" count="18" type="stmt"/>
      </file>
      <file name="index.ts" path="/Users/przemyslaw.janowski/Code/react-chat-components/packages/react/src/chat/index.ts">
        <metrics statements="1" coveredstatements="1" conditionals="0" coveredconditionals="0" methods="0" coveredmethods="0"/>
        <line num="1" count="2" type="stmt"/>
      </file>
    </package>
    <package name="react.src.member-list">
      <metrics statements="14" coveredstatements="13" conditionals="15" coveredconditionals="13" methods="3" coveredmethods="2"/>
      <file name="member-list.scss" path="/Users/przemyslaw.janowski/Code/react-chat-components/packages/react/src/member-list/member-list.scss">
        <metrics statements="1" coveredstatements="1" conditionals="0" coveredconditionals="0" methods="0" coveredmethods="0"/>
        <line num="1" count="1" type="stmt"/>
      </file>
      <file name="member-list.tsx" path="/Users/przemyslaw.janowski/Code/react-chat-components/packages/react/src/member-list/member-list.tsx">
        <metrics statements="13" coveredstatements="12" conditionals="15" coveredconditionals="13" methods="3" coveredmethods="2"/>
        <line num="1" count="1" type="stmt"/>
        <line num="2" count="1" type="stmt"/>
        <line num="9" count="1" type="stmt"/>
        <line num="21" count="1" type="stmt"/>
        <line num="22" count="14" type="stmt"/>
        <line num="23" count="14" type="stmt"/>
        <line num="29" count="14" type="stmt"/>
        <line num="30" count="364" type="cond" truecount="1" falsecount="0"/>
        <line num="31" count="304" type="cond" truecount="2" falsecount="0"/>
        <line num="33" count="304" type="stmt"/>
        <line num="34" count="0" type="stmt"/>
        <line num="59" count="14" type="stmt"/>
        <line num="67" count="1" type="stmt"/>
      </file>
    </package>
  </project>
</coverage>
