{"/Users/przemyslaw.janowski/Code/react-chat-components/packages/common/mock/pubnub-mock.ts": {"path":"/Users/przemyslaw.janowski/Code/react-chat-components/packages/common/mock/pubnub-mock.ts","statementMap":{"0":{"start":{"line":11,"column":0},"end":{"line":11,"column":51}},"1":{"start":{"line":12,"column":0},"end":{"line":12,"column":57}},"2":{"start":{"line":13,"column":0},"end":{"line":13,"column":56}},"3":{"start":{"line":24,"column":0},"end":{"line":24,"column":16}},"4":{"start":{"line":24,"column":27},"end":{"line":24,"column":null}},"5":{"start":{"line":25,"column":15},"end":{"line":25,"column":70}},"6":{"start":{"line":26,"column":40},"end":{"line":26,"column":42}},"7":{"start":{"line":27,"column":18},"end":{"line":27,"column":20}},"8":{"start":{"line":29,"column":27},"end":{"line":48,"column":3}},"9":{"start":{"line":30,"column":19},"end":{"line":42,"column":6}},"10":{"start":{"line":43,"column":4},"end":{"line":43,"column":25}},"11":{"start":{"line":44,"column":4},"end":{"line":44,"column":36}},"12":{"start":{"line":45,"column":4},"end":{"line":47,"column":7}},"13":{"start":{"line":46,"column":6},"end":{"line":46,"column":37}},"14":{"start":{"line":50,"column":22},"end":{"line":52,"column":3}},"15":{"start":{"line":51,"column":4},"end":{"line":51,"column":34}},"16":{"start":{"line":54,"column":25},"end":{"line":56,"column":3}},"17":{"start":{"line":55,"column":4},"end":{"line":55,"column":61}},"18":{"start":{"line":55,"column":38},"end":{"line":55,"column":60}},"19":{"start":{"line":58,"column":24},"end":{"line":72,"column":4}},"20":{"start":{"line":58,"column":35},"end":{"line":72,"column":4}},"21":{"start":{"line":59,"column":8},"end":{"line":59,"column":37}},"22":{"start":{"line":60,"column":4},"end":{"line":62,"column":null}},"23":{"start":{"line":61,"column":6},"end":{"line":61,"column":94}},"24":{"start":{"line":61,"column":48},"end":{"line":61,"column":93}},"25":{"start":{"line":63,"column":4},"end":{"line":63,"column":85}},"26":{"start":{"line":65,"column":4},"end":{"line":71,"column":7}},"27":{"start":{"line":66,"column":6},"end":{"line":70,"column":9}},"28":{"start":{"line":74,"column":21},"end":{"line":76,"column":3}},"29":{"start":{"line":74,"column":31},"end":{"line":74,"column":33}},"30":{"start":{"line":74,"column":35},"end":{"line":74,"column":37}},"31":{"start":{"line":74,"column":41},"end":{"line":74,"column":43}},"32":{"start":{"line":75,"column":4},"end":{"line":75,"column":132}},"33":{"start":{"line":78,"column":18},"end":{"line":78,"column":31}},"34":{"start":{"line":78,"column":24},"end":{"line":78,"column":53}},"35":{"start":{"line":80,"column":32},"end":{"line":80,"column":39}},"36":{"start":{"line":80,"column":38},"end":{"line":80,"column":76}},"37":{"start":{"line":82,"column":37},"end":{"line":82,"column":45}},"38":{"start":{"line":82,"column":43},"end":{"line":82,"column":46}},"39":{"start":{"line":84,"column":18},"end":{"line":98,"column":3}},"40":{"start":{"line":85,"column":4},"end":{"line":97,"column":7}},"41":{"start":{"line":86,"column":6},"end":{"line":96,"column":9}},"42":{"start":{"line":90,"column":28},"end":{"line":94,"column":13}},"43":{"start":{"line":93,"column":40},"end":{"line":93,"column":57}},"44":{"start":{"line":95,"column":33},"end":{"line":95,"column":69}},"45":{"start":{"line":100,"column":18},"end":{"line":119,"column":3}},"46":{"start":{"line":101,"column":20},"end":{"line":111,"column":6}},"47":{"start":{"line":112,"column":4},"end":{"line":112,"column":27}},"48":{"start":{"line":113,"column":4},"end":{"line":113,"column":31}},"49":{"start":{"line":114,"column":4},"end":{"line":118,"column":7}},"50":{"start":{"line":115,"column":6},"end":{"line":117,"column":9}},"51":{"start":{"line":121,"column":30},"end":{"line":130,"column":3}},"52":{"start":{"line":122,"column":19},"end":{"line":122,"column":86}},"53":{"start":{"line":122,"column":39},"end":{"line":122,"column":86}},"54":{"start":{"line":123,"column":18},"end":{"line":123,"column":41}},"55":{"start":{"line":124,"column":4},"end":{"line":124,"column":29}},"56":{"start":{"line":125,"column":4},"end":{"line":125,"column":29}},"57":{"start":{"line":126,"column":4},"end":{"line":126,"column":36}},"58":{"start":{"line":127,"column":4},"end":{"line":129,"column":7}},"59":{"start":{"line":128,"column":6},"end":{"line":128,"column":28}},"60":{"start":{"line":132,"column":17},"end":{"line":146,"column":3}},"61":{"start":{"line":133,"column":4},"end":{"line":139,"column":7}},"62":{"start":{"line":141,"column":4},"end":{"line":145,"column":7}},"63":{"start":{"line":142,"column":6},"end":{"line":144,"column":9}},"64":{"start":{"line":148,"column":19},"end":{"line":158,"column":3}},"65":{"start":{"line":151,"column":4},"end":{"line":157,"column":7}},"66":{"start":{"line":152,"column":6},"end":{"line":156,"column":9}},"67":{"start":{"line":160,"column":18},"end":{"line":208,"column":4}},"68":{"start":{"line":162,"column":20},"end":{"line":162,"column":49}},"69":{"start":{"line":163,"column":19},"end":{"line":163,"column":41}},"70":{"start":{"line":164,"column":21},"end":{"line":164,"column":33}},"71":{"start":{"line":166,"column":6},"end":{"line":170,"column":8}},"72":{"start":{"line":173,"column":20},"end":{"line":173,"column":52}},"73":{"start":{"line":174,"column":19},"end":{"line":174,"column":41}},"74":{"start":{"line":175,"column":21},"end":{"line":175,"column":33}},"75":{"start":{"line":177,"column":6},"end":{"line":181,"column":8}},"76":{"start":{"line":184,"column":20},"end":{"line":184,"column":49}},"77":{"start":{"line":185,"column":19},"end":{"line":185,"column":41}},"78":{"start":{"line":186,"column":21},"end":{"line":186,"column":33}},"79":{"start":{"line":188,"column":6},"end":{"line":192,"column":8}},"80":{"start":{"line":195,"column":20},"end":{"line":195,"column":52}},"81":{"start":{"line":196,"column":19},"end":{"line":196,"column":41}},"82":{"start":{"line":197,"column":21},"end":{"line":197,"column":33}},"83":{"start":{"line":199,"column":6},"end":{"line":203,"column":8}},"84":{"start":{"line":205,"column":31},"end":{"line":207,"column":null}},"85":{"start":{"line":206,"column":30},"end":{"line":206,"column":49}},"86":{"start":{"line":210,"column":2},"end":{"line":231,"column":4}},"87":{"start":{"line":224,"column":16},"end":{"line":224,"column":null}},"88":{"start":{"line":225,"column":21},"end":{"line":225,"column":null}},"89":{"start":{"line":227,"column":23},"end":{"line":227,"column":null}},"90":{"start":{"line":229,"column":29},"end":{"line":229,"column":null}}},"fnMap":{"0":{"name":"PubNubMock","decl":{"start":{"line":24,"column":16},"end":{"line":24,"column":26}},"loc":{"start":{"line":24,"column":58},"end":{"line":232,"column":1}}},"1":{"name":"(anonymous_18)","decl":{"start":{"line":29,"column":27},"end":{"line":29,"column":28}},"loc":{"start":{"line":29,"column":31},"end":{"line":48,"column":3}}},"2":{"name":"(anonymous_19)","decl":{"start":{"line":45,"column":48},"end":{"line":45,"column":49}},"loc":{"start":{"line":45,"column":56},"end":{"line":47,"column":5}}},"3":{"name":"(anonymous_20)","decl":{"start":{"line":50,"column":22},"end":{"line":50,"column":23}},"loc":{"start":{"line":50,"column":26},"end":{"line":52,"column":3}}},"4":{"name":"(anonymous_21)","decl":{"start":{"line":54,"column":25},"end":{"line":54,"column":26}},"loc":{"start":{"line":54,"column":29},"end":{"line":56,"column":3}}},"5":{"name":"(anonymous_22)","decl":{"start":{"line":55,"column":29},"end":{"line":55,"column":30}},"loc":{"start":{"line":55,"column":33},"end":{"line":55,"column":45}}},"6":{"name":"(anonymous_23)","decl":{"start":{"line":58,"column":24},"end":{"line":58,"column":31}},"loc":{"start":{"line":58,"column":35},"end":{"line":72,"column":4}}},"7":{"name":"(anonymous_24)","decl":{"start":{"line":58,"column":35},"end":{"line":58,"column":null}},"loc":{"start":{"line":58,"column":35},"end":{"line":72,"column":4}}},"8":{"name":"(anonymous_26)","decl":{"start":{"line":61,"column":41},"end":{"line":61,"column":42}},"loc":{"start":{"line":61,"column":43},"end":{"line":61,"column":56}}},"9":{"name":"(anonymous_27)","decl":{"start":{"line":65,"column":46},"end":{"line":65,"column":47}},"loc":{"start":{"line":65,"column":54},"end":{"line":71,"column":5}}},"10":{"name":"(anonymous_28)","decl":{"start":{"line":74,"column":21},"end":{"line":74,"column":22}},"loc":{"start":{"line":74,"column":43},"end":{"line":76,"column":3}}},"11":{"name":"(anonymous_29)","decl":{"start":{"line":78,"column":18},"end":{"line":78,"column":24}},"loc":{"start":{"line":78,"column":18},"end":{"line":78,"column":31}}},"12":{"name":"(anonymous_30)","decl":{"start":{"line":80,"column":32},"end":{"line":80,"column":38}},"loc":{"start":{"line":80,"column":32},"end":{"line":80,"column":39}}},"13":{"name":"(anonymous_31)","decl":{"start":{"line":82,"column":37},"end":{"line":82,"column":43}},"loc":{"start":{"line":82,"column":37},"end":{"line":82,"column":45}}},"14":{"name":"(anonymous_32)","decl":{"start":{"line":84,"column":18},"end":{"line":84,"column":19}},"loc":{"start":{"line":84,"column":26},"end":{"line":98,"column":3}}},"15":{"name":"(anonymous_33)","decl":{"start":{"line":85,"column":40},"end":{"line":85,"column":41}},"loc":{"start":{"line":85,"column":48},"end":{"line":97,"column":5}}},"16":{"name":"(anonymous_34)","decl":{"start":{"line":90,"column":15},"end":{"line":90,"column":16}},"loc":{"start":{"line":90,"column":23},"end":{"line":90,"column":29}}},"17":{"name":"(anonymous_35)","decl":{"start":{"line":93,"column":33},"end":{"line":93,"column":34}},"loc":{"start":{"line":93,"column":35},"end":{"line":93,"column":41}}},"18":{"name":"(anonymous_36)","decl":{"start":{"line":95,"column":18},"end":{"line":95,"column":19}},"loc":{"start":{"line":95,"column":28},"end":{"line":95,"column":39}}},"19":{"name":"(anonymous_37)","decl":{"start":{"line":100,"column":18},"end":{"line":100,"column":19}},"loc":{"start":{"line":100,"column":22},"end":{"line":119,"column":3}}},"20":{"name":"(anonymous_38)","decl":{"start":{"line":114,"column":40},"end":{"line":114,"column":41}},"loc":{"start":{"line":114,"column":48},"end":{"line":118,"column":5}}},"21":{"name":"(anonymous_39)","decl":{"start":{"line":121,"column":30},"end":{"line":121,"column":31}},"loc":{"start":{"line":121,"column":34},"end":{"line":130,"column":3}}},"22":{"name":"(anonymous_40)","decl":{"start":{"line":122,"column":32},"end":{"line":122,"column":33}},"loc":{"start":{"line":122,"column":34},"end":{"line":122,"column":40}}},"23":{"name":"(anonymous_41)","decl":{"start":{"line":127,"column":42},"end":{"line":127,"column":43}},"loc":{"start":{"line":127,"column":50},"end":{"line":129,"column":5}}},"24":{"name":"(anonymous_42)","decl":{"start":{"line":132,"column":17},"end":{"line":132,"column":18}},"loc":{"start":{"line":132,"column":22},"end":{"line":146,"column":3}}},"25":{"name":"(anonymous_43)","decl":{"start":{"line":141,"column":39},"end":{"line":141,"column":40}},"loc":{"start":{"line":141,"column":47},"end":{"line":145,"column":5}}},"26":{"name":"(anonymous_44)","decl":{"start":{"line":148,"column":19},"end":{"line":148,"column":20}},"loc":{"start":{"line":148,"column":24},"end":{"line":158,"column":3}}},"27":{"name":"(anonymous_45)","decl":{"start":{"line":151,"column":41},"end":{"line":151,"column":42}},"loc":{"start":{"line":151,"column":49},"end":{"line":157,"column":5}}},"28":{"name":"(anonymous_46)","decl":{"start":{"line":161,"column":24},"end":{"line":161,"column":25}},"loc":{"start":{"line":161,"column":32},"end":{"line":171,"column":5}}},"29":{"name":"(anonymous_47)","decl":{"start":{"line":172,"column":27},"end":{"line":172,"column":28}},"loc":{"start":{"line":172,"column":35},"end":{"line":182,"column":5}}},"30":{"name":"(anonymous_48)","decl":{"start":{"line":183,"column":23},"end":{"line":183,"column":24}},"loc":{"start":{"line":183,"column":31},"end":{"line":193,"column":5}}},"31":{"name":"(anonymous_49)","decl":{"start":{"line":194,"column":20},"end":{"line":194,"column":21}},"loc":{"start":{"line":194,"column":28},"end":{"line":204,"column":5}}},"32":{"name":"(anonymous_50)","decl":{"start":{"line":205,"column":21},"end":{"line":205,"column":22}},"loc":{"start":{"line":205,"column":26},"end":{"line":205,"column":32}}},"33":{"name":"(anonymous_51)","decl":{"start":{"line":206,"column":23},"end":{"line":206,"column":24}},"loc":{"start":{"line":206,"column":25},"end":{"line":206,"column":31}}},"34":{"name":"(anonymous_52)","decl":{"start":{"line":224,"column":10},"end":{"line":224,"column":16}},"loc":{"start":{"line":224,"column":10},"end":{"line":224,"column":20}}},"35":{"name":"(anonymous_53)","decl":{"start":{"line":225,"column":15},"end":{"line":225,"column":21}},"loc":{"start":{"line":225,"column":15},"end":{"line":225,"column":25}}},"36":{"name":"(anonymous_54)","decl":{"start":{"line":227,"column":17},"end":{"line":227,"column":23}},"loc":{"start":{"line":227,"column":17},"end":{"line":227,"column":27}}},"37":{"name":"(anonymous_55)","decl":{"start":{"line":229,"column":23},"end":{"line":229,"column":29}},"loc":{"start":{"line":229,"column":23},"end":{"line":229,"column":33}}}},"branchMap":{"0":{"loc":{"start":{"line":24,"column":27},"end":{"line":24,"column":null}},"type":"if","locations":[{"start":{"line":24,"column":27},"end":{"line":24,"column":null}}]},"1":{"loc":{"start":{"line":25,"column":15},"end":{"line":25,"column":70}},"type":"binary-expr","locations":[{"start":{"line":25,"column":15},"end":{"line":25,"column":27}},{"start":{"line":25,"column":31},"end":{"line":25,"column":70}}]},"2":{"loc":{"start":{"line":60,"column":4},"end":{"line":62,"column":null}},"type":"if","locations":[{"start":{"line":60,"column":4},"end":{"line":62,"column":null}}]},"3":{"loc":{"start":{"line":78,"column":24},"end":{"line":78,"column":52}},"type":"binary-expr","locations":[{"start":{"line":78,"column":24},"end":{"line":78,"column":44}},{"start":{"line":78,"column":48},"end":{"line":78,"column":52}}]},"4":{"loc":{"start":{"line":162,"column":20},"end":{"line":162,"column":49}},"type":"binary-expr","locations":[{"start":{"line":162,"column":20},"end":{"line":162,"column":33}},{"start":{"line":162,"column":37},"end":{"line":162,"column":49}}]},"5":{"loc":{"start":{"line":163,"column":19},"end":{"line":163,"column":41}},"type":"binary-expr","locations":[{"start":{"line":163,"column":19},"end":{"line":163,"column":36}},{"start":{"line":163,"column":40},"end":{"line":163,"column":41}}]},"6":{"loc":{"start":{"line":173,"column":20},"end":{"line":173,"column":52}},"type":"binary-expr","locations":[{"start":{"line":173,"column":20},"end":{"line":173,"column":33}},{"start":{"line":173,"column":37},"end":{"line":173,"column":52}}]},"7":{"loc":{"start":{"line":174,"column":19},"end":{"line":174,"column":41}},"type":"binary-expr","locations":[{"start":{"line":174,"column":19},"end":{"line":174,"column":36}},{"start":{"line":174,"column":40},"end":{"line":174,"column":41}}]},"8":{"loc":{"start":{"line":184,"column":20},"end":{"line":184,"column":49}},"type":"binary-expr","locations":[{"start":{"line":184,"column":20},"end":{"line":184,"column":33}},{"start":{"line":184,"column":37},"end":{"line":184,"column":49}}]},"9":{"loc":{"start":{"line":185,"column":19},"end":{"line":185,"column":41}},"type":"binary-expr","locations":[{"start":{"line":185,"column":19},"end":{"line":185,"column":36}},{"start":{"line":185,"column":40},"end":{"line":185,"column":41}}]},"10":{"loc":{"start":{"line":195,"column":20},"end":{"line":195,"column":52}},"type":"binary-expr","locations":[{"start":{"line":195,"column":20},"end":{"line":195,"column":33}},{"start":{"line":195,"column":37},"end":{"line":195,"column":52}}]},"11":{"loc":{"start":{"line":196,"column":19},"end":{"line":196,"column":41}},"type":"binary-expr","locations":[{"start":{"line":196,"column":19},"end":{"line":196,"column":36}},{"start":{"line":196,"column":40},"end":{"line":196,"column":41}}]}},"s":{"0":5,"1":5,"2":5,"3":10,"4":5,"5":5,"6":5,"7":5,"8":5,"9":0,"10":0,"11":0,"12":0,"13":0,"14":5,"15":18,"16":5,"17":18,"18":18,"19":5,"20":0,"21":0,"22":0,"23":0,"24":0,"25":0,"26":0,"27":0,"28":5,"29":0,"30":0,"31":0,"32":0,"33":5,"34":0,"35":5,"36":0,"37":5,"38":0,"39":5,"40":4,"41":4,"42":6,"43":180,"44":6,"45":5,"46":0,"47":0,"48":0,"49":0,"50":0,"51":5,"52":0,"53":0,"54":0,"55":0,"56":0,"57":0,"58":0,"59":0,"60":5,"61":0,"62":0,"63":0,"64":5,"65":0,"66":0,"67":5,"68":0,"69":0,"70":0,"71":0,"72":4,"73":4,"74":4,"75":4,"76":10,"77":10,"78":10,"79":10,"80":10,"81":10,"82":10,"83":10,"84":4,"85":34,"86":5,"87":0,"88":0,"89":0,"90":0},"f":{"0":5,"1":0,"2":0,"3":18,"4":18,"5":18,"6":0,"7":0,"8":0,"9":0,"10":0,"11":0,"12":0,"13":0,"14":4,"15":4,"16":6,"17":180,"18":6,"19":0,"20":0,"21":0,"22":0,"23":0,"24":0,"25":0,"26":0,"27":0,"28":0,"29":4,"30":10,"31":10,"32":4,"33":34,"34":0,"35":0,"36":0,"37":0},"b":{"0":[0],"1":[5,5],"2":[0],"3":[0,0],"4":[0,0],"5":[0,0],"6":[4,1],"7":[4,2],"8":[10,1],"9":[10,6],"10":[10,1],"11":[10,6]}}
,"/Users/przemyslaw.janowski/Code/react-chat-components/packages/common/src/helpers.ts": {"path":"/Users/przemyslaw.janowski/Code/react-chat-components/packages/common/src/helpers.ts","statementMap":{"0":{"start":{"line":1,"column":0},"end":{"line":1,"column":42}},"1":{"start":{"line":3,"column":31},"end":{"line":9,"column":1}},"2":{"start":{"line":4,"column":2},"end":{"line":4,"column":39}},"3":{"start":{"line":4,"column":29},"end":{"line":4,"column":39}},"4":{"start":{"line":5,"column":20},"end":{"line":5,"column":35}},"5":{"start":{"line":7,"column":4},"end":{"line":7,"column":92}},"6":{"start":{"line":8,"column":2},"end":{"line":8,"column":32}},"7":{"start":{"line":3,"column":13},"end":{"line":3,"column":31}},"8":{"start":{"line":11,"column":34},"end":{"line":19,"column":1}},"9":{"start":{"line":12,"column":2},"end":{"line":12,"column":36}},"10":{"start":{"line":12,"column":29},"end":{"line":12,"column":36}},"11":{"start":{"line":13,"column":17},"end":{"line":13,"column":94}},"12":{"start":{"line":14,"column":14},"end":{"line":17,"column":28}},"13":{"start":{"line":16,"column":16},"end":{"line":16,"column":32}},"14":{"start":{"line":17,"column":22},"end":{"line":17,"column":28}},"15":{"start":{"line":18,"column":2},"end":{"line":18,"column":37}},"16":{"start":{"line":11,"column":13},"end":{"line":11,"column":34}},"17":{"start":{"line":21,"column":27},"end":{"line":29,"column":1}},"18":{"start":{"line":22,"column":14},"end":{"line":22,"column":30}},"19":{"start":{"line":24,"column":2},"end":{"line":26,"column":14}},"20":{"start":{"line":25,"column":4},"end":{"line":25,"column":24}},"21":{"start":{"line":28,"column":2},"end":{"line":28,"column":21}},"22":{"start":{"line":21,"column":13},"end":{"line":21,"column":27}}},"fnMap":{"0":{"name":"(anonymous_0)","decl":{"start":{"line":3,"column":31},"end":{"line":3,"column":32}},"loc":{"start":{"line":3,"column":44},"end":{"line":9,"column":1}}},"1":{"name":"(anonymous_1)","decl":{"start":{"line":11,"column":34},"end":{"line":11,"column":35}},"loc":{"start":{"line":11,"column":47},"end":{"line":19,"column":1}}},"2":{"name":"(anonymous_2)","decl":{"start":{"line":16,"column":9},"end":{"line":16,"column":10}},"loc":{"start":{"line":16,"column":11},"end":{"line":16,"column":17}}},"3":{"name":"(anonymous_3)","decl":{"start":{"line":17,"column":12},"end":{"line":17,"column":13}},"loc":{"start":{"line":17,"column":17},"end":{"line":17,"column":23}}},"4":{"name":"(anonymous_4)","decl":{"start":{"line":21,"column":27},"end":{"line":21,"column":31}},"loc":{"start":{"line":21,"column":39},"end":{"line":29,"column":1}}},"5":{"name":"(anonymous_5)","decl":{"start":{"line":24,"column":12},"end":{"line":24,"column":null}},"loc":{"start":{"line":24,"column":12},"end":{"line":26,"column":3}}}},"branchMap":{"0":{"loc":{"start":{"line":4,"column":2},"end":{"line":4,"column":39}},"type":"if","locations":[{"start":{"line":4,"column":2},"end":{"line":4,"column":39}}]},"1":{"loc":{"start":{"line":4,"column":6},"end":{"line":4,"column":27}},"type":"binary-expr","locations":[{"start":{"line":4,"column":6},"end":{"line":4,"column":11}},{"start":{"line":4,"column":15},"end":{"line":4,"column":27}}]},"2":{"loc":{"start":{"line":7,"column":4},"end":{"line":7,"column":92}},"type":"cond-expr","locations":[{"start":{"line":7,"column":28},"end":{"line":7,"column":56}},{"start":{"line":7,"column":59},"end":{"line":7,"column":92}}]},"3":{"loc":{"start":{"line":12,"column":2},"end":{"line":12,"column":36}},"type":"if","locations":[{"start":{"line":12,"column":2},"end":{"line":12,"column":36}}]},"4":{"loc":{"start":{"line":12,"column":6},"end":{"line":12,"column":27}},"type":"binary-expr","locations":[{"start":{"line":12,"column":6},"end":{"line":12,"column":11}},{"start":{"line":12,"column":15},"end":{"line":12,"column":27}}]}},"s":{"0":2,"1":2,"2":4,"3":0,"4":4,"5":4,"6":4,"7":2,"8":2,"9":304,"10":0,"11":304,"12":304,"13":11136,"14":10832,"15":304,"16":2,"17":2,"18":0,"19":0,"20":0,"21":0,"22":2},"f":{"0":4,"1":304,"2":11136,"3":10832,"4":0,"5":0},"b":{"0":[0],"1":[4,4],"2":[0,4],"3":[0],"4":[304,304]}}
,"/Users/przemyslaw.janowski/Code/react-chat-components/packages/common/src/index.ts": {"path":"/Users/przemyslaw.janowski/Code/react-chat-components/packages/common/src/index.ts","statementMap":{"0":{"start":{"line":1,"column":0},"end":{"line":1,"column":31}},"1":{"start":{"line":2,"column":0},"end":{"line":2,"column":23}},"2":{"start":{"line":3,"column":0},"end":{"line":3,"column":26}},"3":{"start":{"line":4,"column":0},"end":{"line":4,"column":24}},"4":{"start":{"line":5,"column":0},"end":{"line":5,"column":30}},"5":{"start":{"line":6,"column":0},"end":{"line":6,"column":32}},"6":{"start":{"line":7,"column":0},"end":{"line":7,"column":31}},"7":{"start":{"line":8,"column":0},"end":{"line":8,"column":30}},"8":{"start":{"line":9,"column":0},"end":{"line":9,"column":24}},"9":{"start":{"line":10,"column":0},"end":{"line":10,"column":35}}},"fnMap":{},"branchMap":{},"s":{"0":2,"1":2,"2":2,"3":2,"4":2,"5":2,"6":2,"7":2,"8":2,"9":2},"f":{},"b":{}}
,"/Users/przemyslaw.janowski/Code/react-chat-components/packages/common/src/state-atoms.ts": {"path":"/Users/przemyslaw.janowski/Code/react-chat-components/packages/common/src/state-atoms.ts","statementMap":{"0":{"start":{"line":1,"column":0},"end":{"line":1,"column":29}},"1":{"start":{"line":4,"column":13},"end":{"line":4,"column":52}},"2":{"start":{"line":5,"column":13},"end":{"line":5,"column":51}},"3":{"start":{"line":6,"column":13},"end":{"line":6,"column":56}},"4":{"start":{"line":7,"column":13},"end":{"line":7,"column":61}},"5":{"start":{"line":8,"column":13},"end":{"line":8,"column":52}},"6":{"start":{"line":9,"column":13},"end":{"line":9,"column":79}},"7":{"start":{"line":10,"column":13},"end":{"line":10,"column":71}},"8":{"start":{"line":11,"column":13},"end":{"line":11,"column":44}},"9":{"start":{"line":12,"column":13},"end":{"line":12,"column":59}},"10":{"start":{"line":14,"column":13},"end":{"line":16,"column":3}},"11":{"start":{"line":15,"column":18},"end":{"line":15,"column":null}},"12":{"start":{"line":18,"column":13},"end":{"line":20,"column":3}},"13":{"start":{"line":19,"column":18},"end":{"line":19,"column":null}},"14":{"start":{"line":22,"column":13},"end":{"line":26,"column":2}},"15":{"start":{"line":23,"column":11},"end":{"line":23,"column":null}},"16":{"start":{"line":25,"column":4},"end":{"line":25,"column":null}},"17":{"start":{"line":28,"column":13},"end":{"line":35,"column":2}},"18":{"start":{"line":29,"column":11},"end":{"line":29,"column":null}},"19":{"start":{"line":31,"column":4},"end":{"line":34,"column":null}},"20":{"start":{"line":37,"column":13},"end":{"line":44,"column":2}},"21":{"start":{"line":38,"column":11},"end":{"line":38,"column":null}},"22":{"start":{"line":40,"column":4},"end":{"line":43,"column":null}}},"fnMap":{"0":{"name":"(anonymous_0)","decl":{"start":{"line":15,"column":12},"end":{"line":15,"column":18}},"loc":{"start":{"line":15,"column":12},"end":{"line":15,"column":22}}},"1":{"name":"(anonymous_1)","decl":{"start":{"line":19,"column":12},"end":{"line":19,"column":18}},"loc":{"start":{"line":19,"column":12},"end":{"line":19,"column":22}}},"2":{"name":"(anonymous_2)","decl":{"start":{"line":23,"column":2},"end":{"line":23,"column":3}},"loc":{"start":{"line":23,"column":6},"end":{"line":23,"column":12}}},"3":{"name":"(anonymous_3)","decl":{"start":{"line":24,"column":2},"end":{"line":24,"column":3}},"loc":{"start":{"line":24,"column":18},"end":{"line":25,"column":7}}},"4":{"name":"(anonymous_4)","decl":{"start":{"line":29,"column":2},"end":{"line":29,"column":3}},"loc":{"start":{"line":29,"column":6},"end":{"line":29,"column":14}}},"5":{"name":"(anonymous_5)","decl":{"start":{"line":30,"column":2},"end":{"line":30,"column":3}},"loc":{"start":{"line":30,"column":18},"end":{"line":31,"column":7}}},"6":{"name":"(anonymous_6)","decl":{"start":{"line":38,"column":2},"end":{"line":38,"column":3}},"loc":{"start":{"line":38,"column":6},"end":{"line":38,"column":14}}},"7":{"name":"(anonymous_7)","decl":{"start":{"line":39,"column":2},"end":{"line":39,"column":3}},"loc":{"start":{"line":39,"column":18},"end":{"line":40,"column":7}}}},"branchMap":{"0":{"loc":{"start":{"line":23,"column":12},"end":{"line":23,"column":85}},"type":"cond-expr","locations":[{"start":{"line":23,"column":32},"end":{"line":23,"column":80}},{"start":{"line":23,"column":83},"end":{"line":23,"column":85}}]},"1":{"loc":{"start":{"line":23,"column":32},"end":{"line":23,"column":80}},"type":"binary-expr","locations":[{"start":{"line":23,"column":32},"end":{"line":23,"column":74}},{"start":{"line":23,"column":78},"end":{"line":23,"column":80}}]},"2":{"loc":{"start":{"line":29,"column":11},"end":{"line":29,"column":64}},"type":"binary-expr","locations":[{"start":{"line":29,"column":11},"end":{"line":29,"column":55}},{"start":{"line":29,"column":59},"end":{"line":29,"column":64}}]},"3":{"loc":{"start":{"line":38,"column":11},"end":{"line":38,"column":66}},"type":"binary-expr","locations":[{"start":{"line":38,"column":11},"end":{"line":38,"column":60}},{"start":{"line":38,"column":64},"end":{"line":38,"column":66}}]}},"s":{"0":2,"1":2,"2":2,"3":2,"4":2,"5":2,"6":2,"7":2,"8":2,"9":2,"10":2,"11":0,"12":2,"13":0,"14":2,"15":0,"16":0,"17":2,"18":0,"19":0,"20":2,"21":0,"22":0},"f":{"0":0,"1":0,"2":0,"3":0,"4":0,"5":0,"6":0,"7":0},"b":{"0":[0,0],"1":[0,0],"2":[0,0],"3":[0,0]}}
,"/Users/przemyslaw.janowski/Code/react-chat-components/packages/common/src/types.ts": {"path":"/Users/przemyslaw.janowski/Code/react-chat-components/packages/common/src/types.ts","statementMap":{"0":{"start":{"line":49,"column":2},"end":{"line":49,"column":53}},"1":{"start":{"line":48,"column":0},"end":{"line":48,"column":16}}},"fnMap":{"0":{"name":"isFilePayload","decl":{"start":{"line":48,"column":16},"end":{"line":48,"column":29}},"loc":{"start":{"line":48,"column":67},"end":{"line":50,"column":1}}}},"branchMap":{},"s":{"0":0,"1":2},"f":{"0":0},"b":{}}
,"/Users/przemyslaw.janowski/Code/react-chat-components/packages/common/src/channel-list/channel-list.tsx": {"path":"/Users/przemyslaw.janowski/Code/react-chat-components/packages/common/src/channel-list/channel-list.tsx","statementMap":{"0":{"start":{"line":2,"column":0},"end":{"line":2,"column":32}},"1":{"start":{"line":4,"column":0},"end":{"line":4,"column":63}},"2":{"start":{"line":30,"column":34},"end":{"line":65,"column":1}},"3":{"start":{"line":31,"column":27},"end":{"line":31,"column":55}},"4":{"start":{"line":32,"column":18},"end":{"line":32,"column":37}},"5":{"start":{"line":37,"column":26},"end":{"line":39,"column":3}},"6":{"start":{"line":38,"column":4},"end":{"line":38,"column":36}},"7":{"start":{"line":41,"column":24},"end":{"line":44,"column":3}},"8":{"start":{"line":42,"column":4},"end":{"line":42,"column":44}},"9":{"start":{"line":42,"column":20},"end":{"line":42,"column":44}},"10":{"start":{"line":43,"column":4},"end":{"line":43,"column":73}},"11":{"start":{"line":46,"column":28},"end":{"line":54,"column":3}},"12":{"start":{"line":47,"column":4},"end":{"line":52,"column":null}},"13":{"start":{"line":48,"column":6},"end":{"line":51,"column":8}},"14":{"start":{"line":53,"column":4},"end":{"line":53,"column":19}},"15":{"start":{"line":60,"column":24},"end":{"line":62,"column":3}},"16":{"start":{"line":61,"column":4},"end":{"line":61,"column":66}},"17":{"start":{"line":61,"column":33},"end":{"line":61,"column":66}},"18":{"start":{"line":64,"column":2},"end":{"line":64,"column":85}},"19":{"start":{"line":30,"column":13},"end":{"line":30,"column":34}}},"fnMap":{"0":{"name":"(anonymous_0)","decl":{"start":{"line":30,"column":34},"end":{"line":30,"column":35}},"loc":{"start":{"line":30,"column":64},"end":{"line":65,"column":1}}},"1":{"name":"(anonymous_1)","decl":{"start":{"line":37,"column":26},"end":{"line":37,"column":27}},"loc":{"start":{"line":37,"column":44},"end":{"line":39,"column":3}}},"2":{"name":"(anonymous_2)","decl":{"start":{"line":41,"column":24},"end":{"line":41,"column":25}},"loc":{"start":{"line":41,"column":59},"end":{"line":44,"column":3}}},"3":{"name":"(anonymous_3)","decl":{"start":{"line":46,"column":28},"end":{"line":46,"column":29}},"loc":{"start":{"line":46,"column":60},"end":{"line":54,"column":3}}},"4":{"name":"(anonymous_4)","decl":{"start":{"line":60,"column":24},"end":{"line":60,"column":25}},"loc":{"start":{"line":60,"column":47},"end":{"line":62,"column":3}}}},"branchMap":{"0":{"loc":{"start":{"line":42,"column":4},"end":{"line":42,"column":44}},"type":"if","locations":[{"start":{"line":42,"column":4},"end":{"line":42,"column":44}}]},"1":{"loc":{"start":{"line":43,"column":11},"end":{"line":43,"column":72}},"type":"cond-expr","locations":[{"start":{"line":43,"column":18},"end":{"line":43,"column":20}},{"start":{"line":43,"column":18},"end":{"line":43,"column":72}}]},"2":{"loc":{"start":{"line":43,"column":11},"end":{"line":43,"column":20}},"type":"binary-expr","locations":[{"start":{"line":43,"column":11},"end":{"line":43,"column":20}},{"start":{"line":43,"column":18},"end":{"line":43,"column":20}}]},"3":{"loc":{"start":{"line":43,"column":11},"end":{"line":43,"column":18}},"type":"cond-expr","locations":[{"start":{"line":43,"column":12},"end":{"line":43,"column":14}},{"start":{"line":43,"column":11},"end":{"line":43,"column":18}}]},"4":{"loc":{"start":{"line":43,"column":11},"end":{"line":43,"column":14}},"type":"binary-expr","locations":[{"start":{"line":43,"column":11},"end":{"line":43,"column":14}},{"start":{"line":43,"column":11},"end":{"line":43,"column":14}}]},"5":{"loc":{"start":{"line":47,"column":4},"end":{"line":52,"column":null}},"type":"if","locations":[{"start":{"line":47,"column":4},"end":{"line":52,"column":null}}]},"6":{"loc":{"start":{"line":61,"column":4},"end":{"line":61,"column":66}},"type":"if","locations":[{"start":{"line":61,"column":4},"end":{"line":61,"column":66}}]}},"s":{"0":2,"1":2,"2":2,"3":18,"4":18,"5":18,"6":144,"7":18,"8":358,"9":48,"10":310,"11":18,"12":164,"13":4,"14":160,"15":18,"16":2,"17":1,"18":18,"19":2},"f":{"0":18,"1":144,"2":358,"3":164,"4":2},"b":{"0":[48],"1":[0,310],"2":[310,310],"3":[0,310],"4":[310,310],"5":[4],"6":[1]}}
,"/Users/przemyslaw.janowski/Code/react-chat-components/packages/common/src/channel-list/index.ts": {"path":"/Users/przemyslaw.janowski/Code/react-chat-components/packages/common/src/channel-list/index.ts","statementMap":{"0":{"start":{"line":1,"column":0},"end":{"line":1,"column":31}}},"fnMap":{},"branchMap":{},"s":{"0":2},"f":{},"b":{}}
,"/Users/przemyslaw.janowski/Code/react-chat-components/packages/common/src/chat/chat.tsx": {"path":"/Users/przemyslaw.janowski/Code/react-chat-components/packages/common/src/chat/chat.tsx","statementMap":{"0":{"start":{"line":1,"column":0},"end":{"line":1,"column":80}},"1":{"start":{"line":2,"column":0},"end":{"line":2,"column":42}},"2":{"start":{"line":11,"column":0},"end":{"line":11,"column":41}},"3":{"start":{"line":13,"column":0},"end":{"line":13,"column":41}},"4":{"start":{"line":14,"column":0},"end":{"line":14,"column":33}},"5":{"start":{"line":15,"column":0},"end":{"line":15,"column":null}},"6":{"start":{"line":77,"column":0},"end":{"line":77,"column":46}},"7":{"start":{"line":77,"column":26},"end":{"line":77,"column":35}},"8":{"start":{"line":79,"column":4},"end":{"line":79,"column":null}},"9":{"start":{"line":80,"column":4},"end":{"line":80,"column":33}},"10":{"start":{"line":98,"column":9},"end":{"line":100,"column":null}},"11":{"start":{"line":99,"column":4},"end":{"line":99,"column":21}},"12":{"start":{"line":102,"column":2},"end":{"line":104,"column":null}},"13":{"start":{"line":103,"column":4},"end":{"line":103,"column":54}},"14":{"start":{"line":103,"column":28},"end":{"line":103,"column":54}},"15":{"start":{"line":106,"column":2},"end":{"line":112,"column":null}},"16":{"start":{"line":107,"column":4},"end":{"line":111,"column":6}},"17":{"start":{"line":83,"column":9},"end":{"line":96,"column":4}},"18":{"start":{"line":95,"column":25},"end":{"line":95,"column":null}},"19":{"start":{"line":113,"column":0},"end":{"line":113,"column":null}},"20":{"start":{"line":77,"column":13},"end":{"line":77,"column":17}},"21":{"start":{"line":120,"column":43},"end":{"line":444,"column":1}},"22":{"start":{"line":121,"column":17},"end":{"line":121,"column":28}},"23":{"start":{"line":122,"column":26},"end":{"line":122,"column":47}},"24":{"start":{"line":122,"column":22},"end":{"line":122,"column":26}},"25":{"start":{"line":123,"column":23},"end":{"line":123,"column":41}},"26":{"start":{"line":123,"column":19},"end":{"line":123,"column":23}},"27":{"start":{"line":124,"column":31},"end":{"line":124,"column":57}},"28":{"start":{"line":124,"column":27},"end":{"line":124,"column":31}},"29":{"start":{"line":125,"column":31},"end":{"line":125,"column":57}},"30":{"start":{"line":125,"column":27},"end":{"line":125,"column":31}},"31":{"start":{"line":126,"column":33},"end":{"line":126,"column":61}},"32":{"start":{"line":126,"column":29},"end":{"line":126,"column":33}},"33":{"start":{"line":127,"column":40},"end":{"line":127,"column":75}},"34":{"start":{"line":127,"column":36},"end":{"line":127,"column":40}},"35":{"start":{"line":128,"column":27},"end":{"line":128,"column":49}},"36":{"start":{"line":128,"column":23},"end":{"line":128,"column":27}},"37":{"start":{"line":129,"column":46},"end":{"line":129,"column":73}},"38":{"start":{"line":129,"column":23},"end":{"line":129,"column":25}},"39":{"start":{"line":129,"column":42},"end":{"line":129,"column":46}},"40":{"start":{"line":130,"column":34},"end":{"line":130,"column":64}},"41":{"start":{"line":130,"column":17},"end":{"line":130,"column":19}},"42":{"start":{"line":130,"column":30},"end":{"line":130,"column":34}},"43":{"start":{"line":131,"column":44},"end":{"line":131,"column":79}},"44":{"start":{"line":131,"column":22},"end":{"line":131,"column":24}},"45":{"start":{"line":131,"column":40},"end":{"line":131,"column":44}},"46":{"start":{"line":157,"column":6},"end":{"line":157,"column":12}},"47":{"start":{"line":163,"column":23},"end":{"line":175,"column":null}},"48":{"start":{"line":164,"column":35},"end":{"line":174,"column":null}},"49":{"start":{"line":165,"column":14},"end":{"line":165,"column":57}},"50":{"start":{"line":168,"column":17},"end":{"line":168,"column":null}},"51":{"start":{"line":170,"column":10},"end":{"line":170,"column":48}},"52":{"start":{"line":170,"column":36},"end":{"line":170,"column":48}},"53":{"start":{"line":171,"column":10},"end":{"line":171,"column":96}},"54":{"start":{"line":171,"column":41},"end":{"line":171,"column":95}},"55":{"start":{"line":166,"column":15},"end":{"line":166,"column":22}},"56":{"start":{"line":166,"column":22},"end":{"line":166,"column":38}},"57":{"start":{"line":166,"column":36},"end":{"line":166,"column":38}},"58":{"start":{"line":166,"column":15},"end":{"line":166,"column":19}},"59":{"start":{"line":166,"column":38},"end":{"line":166,"column":null}},"60":{"start":{"line":182,"column":24},"end":{"line":197,"column":null}},"61":{"start":{"line":184,"column":6},"end":{"line":195,"column":null}},"62":{"start":{"line":185,"column":8},"end":{"line":190,"column":11}},"63":{"start":{"line":186,"column":32},"end":{"line":186,"column":57}},"64":{"start":{"line":187,"column":10},"end":{"line":187,"column":80}},"65":{"start":{"line":188,"column":10},"end":{"line":188,"column":55}},"66":{"start":{"line":189,"column":10},"end":{"line":189,"column":31}},"67":{"start":{"line":192,"column":8},"end":{"line":192,"column":50}},"68":{"start":{"line":192,"column":27},"end":{"line":192,"column":50}},"69":{"start":{"line":194,"column":8},"end":{"line":194,"column":23}},"70":{"start":{"line":200,"column":28},"end":{"line":217,"column":null}},"71":{"start":{"line":202,"column":6},"end":{"line":215,"column":null}},"72":{"start":{"line":203,"column":8},"end":{"line":210,"column":null}},"73":{"start":{"line":204,"column":10},"end":{"line":209,"column":13}},"74":{"start":{"line":205,"column":36},"end":{"line":205,"column":57}},"75":{"start":{"line":206,"column":26},"end":{"line":206,"column":87}},"76":{"start":{"line":207,"column":12},"end":{"line":207,"column":80}},"77":{"start":{"line":208,"column":12},"end":{"line":208,"column":35}},"78":{"start":{"line":212,"column":8},"end":{"line":212,"column":47}},"79":{"start":{"line":212,"column":26},"end":{"line":212,"column":47}},"80":{"start":{"line":214,"column":8},"end":{"line":214,"column":23}},"81":{"start":{"line":220,"column":30},"end":{"line":228,"column":null}},"82":{"start":{"line":222,"column":6},"end":{"line":226,"column":null}},"83":{"start":{"line":223,"column":8},"end":{"line":223,"column":50}},"84":{"start":{"line":223,"column":28},"end":{"line":223,"column":50}},"85":{"start":{"line":225,"column":8},"end":{"line":225,"column":23}},"86":{"start":{"line":231,"column":29},"end":{"line":241,"column":null}},"87":{"start":{"line":233,"column":6},"end":{"line":239,"column":null}},"88":{"start":{"line":234,"column":8},"end":{"line":234,"column":93}},"89":{"start":{"line":234,"column":69},"end":{"line":234,"column":93}},"90":{"start":{"line":235,"column":8},"end":{"line":235,"column":84}},"91":{"start":{"line":235,"column":63},"end":{"line":235,"column":84}},"92":{"start":{"line":236,"column":8},"end":{"line":236,"column":75}},"93":{"start":{"line":236,"column":57},"end":{"line":236,"column":75}},"94":{"start":{"line":238,"column":8},"end":{"line":238,"column":23}},"95":{"start":{"line":244,"column":23},"end":{"line":276,"column":null}},"96":{"start":{"line":246,"column":6},"end":{"line":274,"column":null}},"97":{"start":{"line":247,"column":8},"end":{"line":269,"column":11}},"98":{"start":{"line":248,"column":10},"end":{"line":248,"column":61}},"99":{"start":{"line":248,"column":54},"end":{"line":248,"column":61}},"100":{"start":{"line":250,"column":37},"end":{"line":250,"column":44}},"101":{"start":{"line":251,"column":75},"end":{"line":251,"column":86}},"102":{"start":{"line":251,"column":22},"end":{"line":251,"column":24}},"103":{"start":{"line":251,"column":29},"end":{"line":251,"column":31}},"104":{"start":{"line":251,"column":46},"end":{"line":251,"column":48}},"105":{"start":{"line":251,"column":64},"end":{"line":251,"column":66}},"106":{"start":{"line":251,"column":70},"end":{"line":251,"column":75}},"107":{"start":{"line":252,"column":32},"end":{"line":252,"column":51}},"108":{"start":{"line":253,"column":26},"end":{"line":253,"column":94}},"109":{"start":{"line":253,"column":61},"end":{"line":253,"column":94}},"110":{"start":{"line":254,"column":26},"end":{"line":254,"column":65}},"111":{"start":{"line":256,"column":10},"end":{"line":259,"column":null}},"112":{"start":{"line":257,"column":28},"end":{"line":257,"column":70}},"113":{"start":{"line":258,"column":12},"end":{"line":258,"column":67}},"114":{"start":{"line":261,"column":10},"end":{"line":266,"column":null}},"115":{"start":{"line":262,"column":31},"end":{"line":262,"column":91}},"116":{"start":{"line":262,"column":53},"end":{"line":262,"column":91}},"117":{"start":{"line":263,"column":12},"end":{"line":265,"column":52}},"118":{"start":{"line":268,"column":10},"end":{"line":268,"column":31}},"119":{"start":{"line":271,"column":8},"end":{"line":271,"column":61}},"120":{"start":{"line":271,"column":33},"end":{"line":271,"column":61}},"121":{"start":{"line":273,"column":8},"end":{"line":273,"column":23}},"122":{"start":{"line":279,"column":26},"end":{"line":296,"column":null}},"123":{"start":{"line":281,"column":6},"end":{"line":294,"column":null}},"124":{"start":{"line":282,"column":8},"end":{"line":289,"column":11}},"125":{"start":{"line":283,"column":48},"end":{"line":283,"column":54}},"126":{"start":{"line":283,"column":43},"end":{"line":283,"column":48}},"127":{"start":{"line":284,"column":26},"end":{"line":284,"column":87}},"128":{"start":{"line":285,"column":32},"end":{"line":285,"column":57}},"129":{"start":{"line":286,"column":10},"end":{"line":286,"column":86}},"130":{"start":{"line":287,"column":10},"end":{"line":287,"column":61}},"131":{"start":{"line":288,"column":10},"end":{"line":288,"column":31}},"132":{"start":{"line":291,"column":8},"end":{"line":291,"column":42}},"133":{"start":{"line":291,"column":24},"end":{"line":291,"column":42}},"134":{"start":{"line":293,"column":8},"end":{"line":293,"column":23}},"135":{"start":{"line":299,"column":28},"end":{"line":307,"column":null}},"136":{"start":{"line":301,"column":6},"end":{"line":305,"column":null}},"137":{"start":{"line":302,"column":8},"end":{"line":302,"column":46}},"138":{"start":{"line":302,"column":26},"end":{"line":302,"column":46}},"139":{"start":{"line":304,"column":8},"end":{"line":304,"column":23}},"140":{"start":{"line":314,"column":2},"end":{"line":316,"column":32}},"141":{"start":{"line":315,"column":4},"end":{"line":315,"column":28}},"142":{"start":{"line":318,"column":2},"end":{"line":320,"column":28}},"143":{"start":{"line":319,"column":4},"end":{"line":319,"column":24}},"144":{"start":{"line":322,"column":2},"end":{"line":324,"column":46}},"145":{"start":{"line":323,"column":4},"end":{"line":323,"column":42}},"146":{"start":{"line":326,"column":2},"end":{"line":328,"column":34}},"147":{"start":{"line":327,"column":4},"end":{"line":327,"column":30}},"148":{"start":{"line":330,"column":2},"end":{"line":332,"column":44}},"149":{"start":{"line":331,"column":4},"end":{"line":331,"column":40}},"150":{"start":{"line":334,"column":2},"end":{"line":336,"column":62}},"151":{"start":{"line":335,"column":4},"end":{"line":335,"column":58}},"152":{"start":{"line":338,"column":2},"end":{"line":340,"column":38}},"153":{"start":{"line":339,"column":4},"end":{"line":339,"column":66}},"154":{"start":{"line":339,"column":44},"end":{"line":339,"column":64}},"155":{"start":{"line":342,"column":2},"end":{"line":344,"column":39}},"156":{"start":{"line":343,"column":4},"end":{"line":343,"column":61}},"157":{"start":{"line":343,"column":41},"end":{"line":343,"column":59}},"158":{"start":{"line":350,"column":2},"end":{"line":355,"column":93}},"159":{"start":{"line":351,"column":4},"end":{"line":351,"column":32}},"160":{"start":{"line":351,"column":25},"end":{"line":351,"column":32}},"161":{"start":{"line":352,"column":4},"end":{"line":354,"column":null}},"162":{"start":{"line":353,"column":6},"end":{"line":353,"column":49}},"163":{"start":{"line":361,"column":2},"end":{"line":391,"column":73}},"164":{"start":{"line":362,"column":4},"end":{"line":362,"column":58}},"165":{"start":{"line":362,"column":51},"end":{"line":362,"column":58}},"166":{"start":{"line":364,"column":33},"end":{"line":364,"column":63}},"167":{"start":{"line":365,"column":26},"end":{"line":365,"column":61}},"168":{"start":{"line":367,"column":4},"end":{"line":390,"column":null}},"169":{"start":{"line":368,"column":26},"end":{"line":368,"column":83}},"170":{"start":{"line":368,"column":49},"end":{"line":368,"column":83}},"171":{"start":{"line":369,"column":26},"end":{"line":369,"column":83}},"172":{"start":{"line":369,"column":61},"end":{"line":369,"column":83}},"173":{"start":{"line":371,"column":24},"end":{"line":371,"column":79}},"174":{"start":{"line":371,"column":52},"end":{"line":371,"column":79}},"175":{"start":{"line":372,"column":24},"end":{"line":372,"column":79}},"176":{"start":{"line":372,"column":52},"end":{"line":372,"column":79}},"177":{"start":{"line":374,"column":6},"end":{"line":380,"column":null}},"178":{"start":{"line":375,"column":8},"end":{"line":379,"column":11}},"179":{"start":{"line":382,"column":6},"end":{"line":387,"column":null}},"180":{"start":{"line":383,"column":8},"end":{"line":386,"column":11}},"181":{"start":{"line":389,"column":6},"end":{"line":389,"column":21}},"182":{"start":{"line":397,"column":2},"end":{"line":431,"column":5}},"183":{"start":{"line":398,"column":4},"end":{"line":398,"column":24}},"184":{"start":{"line":398,"column":17},"end":{"line":398,"column":24}},"185":{"start":{"line":400,"column":21},"end":{"line":408,"column":6}},"186":{"start":{"line":401,"column":22},"end":{"line":401,"column":null}},"187":{"start":{"line":402,"column":28},"end":{"line":402,"column":null}},"188":{"start":{"line":403,"column":23},"end":{"line":403,"column":null}},"189":{"start":{"line":404,"column":22},"end":{"line":404,"column":null}},"190":{"start":{"line":405,"column":21},"end":{"line":405,"column":null}},"191":{"start":{"line":406,"column":19},"end":{"line":406,"column":null}},"192":{"start":{"line":407,"column":21},"end":{"line":407,"column":null}},"193":{"start":{"line":410,"column":4},"end":{"line":414,"column":null}},"194":{"start":{"line":411,"column":6},"end":{"line":411,"column":35}},"195":{"start":{"line":413,"column":6},"end":{"line":413,"column":21}},"196":{"start":{"line":416,"column":4},"end":{"line":420,"column":6}},"197":{"start":{"line":417,"column":6},"end":{"line":419,"column":null}},"198":{"start":{"line":418,"column":8},"end":{"line":418,"column":40}},"199":{"start":{"line":437,"column":2},"end":{"line":441,"column":15}},"200":{"start":{"line":438,"column":4},"end":{"line":438,"column":24}},"201":{"start":{"line":438,"column":17},"end":{"line":438,"column":24}},"202":{"start":{"line":440,"column":5},"end":{"line":440,"column":82}},"203":{"start":{"line":443,"column":2},"end":{"line":443,"column":29}},"204":{"start":{"line":120,"column":13},"end":{"line":120,"column":43}}},"fnMap":{"0":{"name":"(anonymous_30)","decl":{"start":{"line":77,"column":0},"end":{"line":77,"column":13}},"loc":{"start":{"line":77,"column":0},"end":{"line":77,"column":13}}},"1":{"name":"Chat","decl":{"start":{"line":78,"column":2},"end":{"line":78,"column":14}},"loc":{"start":{"line":78,"column":30},"end":{"line":81,"column":3}}},"2":{"name":"(anonymous_32)","decl":{"start":{"line":98,"column":2},"end":{"line":98,"column":9}},"loc":{"start":{"line":98,"column":46},"end":{"line":100,"column":3}}},"3":{"name":"(anonymous_33)","decl":{"start":{"line":102,"column":2},"end":{"line":102,"column":19}},"loc":{"start":{"line":102,"column":32},"end":{"line":104,"column":3}}},"4":{"name":"(anonymous_34)","decl":{"start":{"line":106,"column":2},"end":{"line":106,"column":8}},"loc":{"start":{"line":106,"column":2},"end":{"line":112,"column":3}}},"5":{"name":"(anonymous_35)","decl":{"start":{"line":95,"column":13},"end":{"line":95,"column":25}},"loc":{"start":{"line":95,"column":13},"end":{"line":95,"column":29}}},"6":{"name":"(anonymous_36)","decl":{"start":{"line":120,"column":43},"end":{"line":120,"column":44}},"loc":{"start":{"line":120,"column":60},"end":{"line":444,"column":1}}},"7":{"name":"(anonymous_37)","decl":{"start":{"line":164,"column":4},"end":{"line":164,"column":15}},"loc":{"start":{"line":164,"column":35},"end":{"line":174,"column":null}}},"8":{"name":"(anonymous_38)","decl":{"start":{"line":164,"column":35},"end":{"line":164,"column":null}},"loc":{"start":{"line":164,"column":35},"end":{"line":174,"column":null}}},"9":{"name":"(anonymous_42)","decl":{"start":{"line":171,"column":28},"end":{"line":171,"column":29}},"loc":{"start":{"line":171,"column":36},"end":{"line":171,"column":51}}},"10":{"name":"(anonymous_43)","decl":{"start":{"line":183,"column":4},"end":{"line":183,"column":5}},"loc":{"start":{"line":183,"column":29},"end":{"line":196,"column":5}}},"11":{"name":"(anonymous_44)","decl":{"start":{"line":185,"column":20},"end":{"line":185,"column":21}},"loc":{"start":{"line":185,"column":29},"end":{"line":190,"column":9}}},"12":{"name":"(anonymous_45)","decl":{"start":{"line":201,"column":4},"end":{"line":201,"column":5}},"loc":{"start":{"line":201,"column":24},"end":{"line":216,"column":5}}},"13":{"name":"(anonymous_46)","decl":{"start":{"line":204,"column":29},"end":{"line":204,"column":30}},"loc":{"start":{"line":204,"column":40},"end":{"line":209,"column":11}}},"14":{"name":"(anonymous_47)","decl":{"start":{"line":221,"column":4},"end":{"line":221,"column":5}},"loc":{"start":{"line":221,"column":25},"end":{"line":227,"column":5}}},"15":{"name":"(anonymous_48)","decl":{"start":{"line":232,"column":4},"end":{"line":232,"column":5}},"loc":{"start":{"line":232,"column":28},"end":{"line":240,"column":5}}},"16":{"name":"(anonymous_49)","decl":{"start":{"line":245,"column":4},"end":{"line":245,"column":5}},"loc":{"start":{"line":245,"column":31},"end":{"line":275,"column":5}}},"17":{"name":"(anonymous_50)","decl":{"start":{"line":247,"column":20},"end":{"line":247,"column":21}},"loc":{"start":{"line":247,"column":29},"end":{"line":269,"column":9}}},"18":{"name":"(anonymous_51)","decl":{"start":{"line":253,"column":54},"end":{"line":253,"column":55}},"loc":{"start":{"line":253,"column":56},"end":{"line":253,"column":62}}},"19":{"name":"(anonymous_52)","decl":{"start":{"line":262,"column":46},"end":{"line":262,"column":47}},"loc":{"start":{"line":262,"column":48},"end":{"line":262,"column":54}}},"20":{"name":"(anonymous_53)","decl":{"start":{"line":280,"column":4},"end":{"line":280,"column":5}},"loc":{"start":{"line":280,"column":21},"end":{"line":295,"column":5}}},"21":{"name":"(anonymous_54)","decl":{"start":{"line":282,"column":20},"end":{"line":282,"column":21}},"loc":{"start":{"line":282,"column":29},"end":{"line":289,"column":9}}},"22":{"name":"(anonymous_55)","decl":{"start":{"line":300,"column":4},"end":{"line":300,"column":5}},"loc":{"start":{"line":300,"column":23},"end":{"line":306,"column":5}}},"23":{"name":"(anonymous_56)","decl":{"start":{"line":314,"column":12},"end":{"line":314,"column":null}},"loc":{"start":{"line":314,"column":12},"end":{"line":316,"column":3}}},"24":{"name":"(anonymous_57)","decl":{"start":{"line":318,"column":12},"end":{"line":318,"column":null}},"loc":{"start":{"line":318,"column":12},"end":{"line":320,"column":3}}},"25":{"name":"(anonymous_58)","decl":{"start":{"line":322,"column":12},"end":{"line":322,"column":null}},"loc":{"start":{"line":322,"column":12},"end":{"line":324,"column":3}}},"26":{"name":"(anonymous_59)","decl":{"start":{"line":326,"column":12},"end":{"line":326,"column":null}},"loc":{"start":{"line":326,"column":12},"end":{"line":328,"column":3}}},"27":{"name":"(anonymous_60)","decl":{"start":{"line":330,"column":12},"end":{"line":330,"column":null}},"loc":{"start":{"line":330,"column":12},"end":{"line":332,"column":3}}},"28":{"name":"(anonymous_61)","decl":{"start":{"line":334,"column":12},"end":{"line":334,"column":null}},"loc":{"start":{"line":334,"column":12},"end":{"line":336,"column":3}}},"29":{"name":"(anonymous_62)","decl":{"start":{"line":338,"column":12},"end":{"line":338,"column":null}},"loc":{"start":{"line":338,"column":12},"end":{"line":340,"column":3}}},"30":{"name":"(anonymous_63)","decl":{"start":{"line":339,"column":33},"end":{"line":339,"column":34}},"loc":{"start":{"line":339,"column":39},"end":{"line":339,"column":55}}},"31":{"name":"(anonymous_64)","decl":{"start":{"line":342,"column":12},"end":{"line":342,"column":null}},"loc":{"start":{"line":342,"column":12},"end":{"line":344,"column":3}}},"32":{"name":"(anonymous_65)","decl":{"start":{"line":343,"column":33},"end":{"line":343,"column":34}},"loc":{"start":{"line":343,"column":36},"end":{"line":343,"column":53}}},"33":{"name":"(anonymous_66)","decl":{"start":{"line":350,"column":12},"end":{"line":350,"column":null}},"loc":{"start":{"line":350,"column":12},"end":{"line":355,"column":3}}},"34":{"name":"(anonymous_67)","decl":{"start":{"line":361,"column":12},"end":{"line":361,"column":null}},"loc":{"start":{"line":361,"column":12},"end":{"line":391,"column":3}}},"35":{"name":"(anonymous_68)","decl":{"start":{"line":368,"column":42},"end":{"line":368,"column":43}},"loc":{"start":{"line":368,"column":44},"end":{"line":368,"column":50}}},"36":{"name":"(anonymous_69)","decl":{"start":{"line":369,"column":54},"end":{"line":369,"column":55}},"loc":{"start":{"line":369,"column":56},"end":{"line":369,"column":62}}},"37":{"name":"(anonymous_70)","decl":{"start":{"line":371,"column":45},"end":{"line":371,"column":46}},"loc":{"start":{"line":371,"column":47},"end":{"line":371,"column":53}}},"38":{"name":"(anonymous_71)","decl":{"start":{"line":372,"column":45},"end":{"line":372,"column":46}},"loc":{"start":{"line":372,"column":47},"end":{"line":372,"column":53}}},"39":{"name":"(anonymous_72)","decl":{"start":{"line":397,"column":12},"end":{"line":397,"column":null}},"loc":{"start":{"line":397,"column":12},"end":{"line":421,"column":3}}},"40":{"name":"(anonymous_73)","decl":{"start":{"line":401,"column":15},"end":{"line":401,"column":16}},"loc":{"start":{"line":401,"column":17},"end":{"line":401,"column":35}}},"41":{"name":"(anonymous_74)","decl":{"start":{"line":402,"column":21},"end":{"line":402,"column":22}},"loc":{"start":{"line":402,"column":23},"end":{"line":402,"column":40}}},"42":{"name":"(anonymous_75)","decl":{"start":{"line":403,"column":16},"end":{"line":403,"column":17}},"loc":{"start":{"line":403,"column":18},"end":{"line":403,"column":42}}},"43":{"name":"(anonymous_76)","decl":{"start":{"line":404,"column":15},"end":{"line":404,"column":16}},"loc":{"start":{"line":404,"column":17},"end":{"line":404,"column":40}}},"44":{"name":"(anonymous_77)","decl":{"start":{"line":405,"column":14},"end":{"line":405,"column":15}},"loc":{"start":{"line":405,"column":16},"end":{"line":405,"column":38}}},"45":{"name":"(anonymous_78)","decl":{"start":{"line":406,"column":12},"end":{"line":406,"column":13}},"loc":{"start":{"line":406,"column":14},"end":{"line":406,"column":34}}},"46":{"name":"(anonymous_79)","decl":{"start":{"line":407,"column":14},"end":{"line":407,"column":15}},"loc":{"start":{"line":407,"column":16},"end":{"line":407,"column":38}}},"47":{"name":"(anonymous_80)","decl":{"start":{"line":416,"column":11},"end":{"line":416,"column":null}},"loc":{"start":{"line":416,"column":11},"end":{"line":420,"column":5}}},"48":{"name":"(anonymous_81)","decl":{"start":{"line":437,"column":12},"end":{"line":437,"column":null}},"loc":{"start":{"line":437,"column":12},"end":{"line":441,"column":3}}}},"branchMap":{"0":{"loc":{"start":{"line":79,"column":4},"end":{"line":79,"column":null}},"type":"binary-expr","locations":[{"start":{"line":79,"column":4},"end":{"line":79,"column":16}},{"start":{"line":79,"column":16},"end":{"line":79,"column":null}}]},"1":{"loc":{"start":{"line":103,"column":4},"end":{"line":103,"column":54}},"type":"if","locations":[{"start":{"line":103,"column":4},"end":{"line":103,"column":54}}]},"2":{"loc":{"start":{"line":168,"column":17},"end":{"line":168,"column":null}},"type":"switch","locations":[{"start":{"line":168,"column":17},"end":{"line":168,"column":null}}]},"3":{"loc":{"start":{"line":170,"column":10},"end":{"line":170,"column":48}},"type":"if","locations":[{"start":{"line":170,"column":10},"end":{"line":170,"column":48}}]},"4":{"loc":{"start":{"line":166,"column":22},"end":{"line":166,"column":38}},"type":"if","locations":[{"start":{"line":166,"column":22},"end":{"line":166,"column":38}}]},"5":{"loc":{"start":{"line":186,"column":32},"end":{"line":186,"column":57}},"type":"binary-expr","locations":[{"start":{"line":186,"column":32},"end":{"line":186,"column":51}},{"start":{"line":186,"column":55},"end":{"line":186,"column":57}}]},"6":{"loc":{"start":{"line":187,"column":43},"end":{"line":187,"column":79}},"type":"binary-expr","locations":[{"start":{"line":187,"column":43},"end":{"line":187,"column":73}},{"start":{"line":187,"column":77},"end":{"line":187,"column":79}}]},"7":{"loc":{"start":{"line":192,"column":8},"end":{"line":192,"column":50}},"type":"if","locations":[{"start":{"line":192,"column":8},"end":{"line":192,"column":50}}]},"8":{"loc":{"start":{"line":203,"column":8},"end":{"line":210,"column":null}},"type":"if","locations":[{"start":{"line":203,"column":8},"end":{"line":210,"column":null}}]},"9":{"loc":{"start":{"line":206,"column":26},"end":{"line":206,"column":87}},"type":"cond-expr","locations":[{"start":{"line":206,"column":64},"end":{"line":206,"column":80}},{"start":{"line":206,"column":83},"end":{"line":206,"column":87}}]},"10":{"loc":{"start":{"line":212,"column":8},"end":{"line":212,"column":47}},"type":"if","locations":[{"start":{"line":212,"column":8},"end":{"line":212,"column":47}}]},"11":{"loc":{"start":{"line":223,"column":8},"end":{"line":223,"column":50}},"type":"if","locations":[{"start":{"line":223,"column":8},"end":{"line":223,"column":50}}]},"12":{"loc":{"start":{"line":234,"column":8},"end":{"line":234,"column":93}},"type":"if","locations":[{"start":{"line":234,"column":8},"end":{"line":234,"column":93}}]},"13":{"loc":{"start":{"line":234,"column":12},"end":{"line":234,"column":67}},"type":"binary-expr","locations":[{"start":{"line":234,"column":12},"end":{"line":234,"column":47}},{"start":{"line":234,"column":51},"end":{"line":234,"column":67}}]},"14":{"loc":{"start":{"line":235,"column":8},"end":{"line":235,"column":84}},"type":"if","locations":[{"start":{"line":235,"column":8},"end":{"line":235,"column":84}}]},"15":{"loc":{"start":{"line":235,"column":12},"end":{"line":235,"column":61}},"type":"binary-expr","locations":[{"start":{"line":235,"column":12},"end":{"line":235,"column":44}},{"start":{"line":235,"column":48},"end":{"line":235,"column":61}}]},"16":{"loc":{"start":{"line":236,"column":8},"end":{"line":236,"column":75}},"type":"if","locations":[{"start":{"line":236,"column":8},"end":{"line":236,"column":75}}]},"17":{"loc":{"start":{"line":236,"column":12},"end":{"line":236,"column":55}},"type":"binary-expr","locations":[{"start":{"line":236,"column":12},"end":{"line":236,"column":41}},{"start":{"line":236,"column":45},"end":{"line":236,"column":55}}]},"18":{"loc":{"start":{"line":248,"column":10},"end":{"line":248,"column":61}},"type":"if","locations":[{"start":{"line":248,"column":10},"end":{"line":248,"column":61}}]},"19":{"loc":{"start":{"line":248,"column":14},"end":{"line":248,"column":52}},"type":"binary-expr","locations":[{"start":{"line":248,"column":14},"end":{"line":248,"column":23}},{"start":{"line":248,"column":27},"end":{"line":248,"column":52}}]},"20":{"loc":{"start":{"line":254,"column":26},"end":{"line":254,"column":65}},"type":"binary-expr","locations":[{"start":{"line":254,"column":26},"end":{"line":254,"column":59}},{"start":{"line":254,"column":63},"end":{"line":254,"column":65}}]},"21":{"loc":{"start":{"line":254,"column":26},"end":{"line":254,"column":59}},"type":"cond-expr","locations":[{"start":{"line":254,"column":50},"end":{"line":254,"column":53}},{"start":{"line":254,"column":50},"end":{"line":254,"column":59}}]},"22":{"loc":{"start":{"line":254,"column":26},"end":{"line":254,"column":53}},"type":"binary-expr","locations":[{"start":{"line":254,"column":26},"end":{"line":254,"column":53}},{"start":{"line":254,"column":50},"end":{"line":254,"column":53}}]},"23":{"loc":{"start":{"line":254,"column":26},"end":{"line":254,"column":50}},"type":"cond-expr","locations":[{"start":{"line":254,"column":42},"end":{"line":254,"column":45}},{"start":{"line":254,"column":42},"end":{"line":254,"column":50}}]},"24":{"loc":{"start":{"line":254,"column":26},"end":{"line":254,"column":45}},"type":"binary-expr","locations":[{"start":{"line":254,"column":26},"end":{"line":254,"column":45}},{"start":{"line":254,"column":42},"end":{"line":254,"column":45}}]},"25":{"loc":{"start":{"line":254,"column":26},"end":{"line":254,"column":42}},"type":"cond-expr","locations":[{"start":{"line":254,"column":33},"end":{"line":254,"column":35}},{"start":{"line":254,"column":26},"end":{"line":254,"column":42}}]},"26":{"loc":{"start":{"line":254,"column":26},"end":{"line":254,"column":35}},"type":"binary-expr","locations":[{"start":{"line":254,"column":26},"end":{"line":254,"column":35}},{"start":{"line":254,"column":26},"end":{"line":254,"column":35}}]},"27":{"loc":{"start":{"line":256,"column":10},"end":{"line":259,"column":null}},"type":"if","locations":[{"start":{"line":256,"column":10},"end":{"line":259,"column":null}}]},"28":{"loc":{"start":{"line":256,"column":14},"end":{"line":256,"column":42}},"type":"binary-expr","locations":[{"start":{"line":256,"column":14},"end":{"line":256,"column":21}},{"start":{"line":256,"column":25},"end":{"line":256,"column":42}}]},"29":{"loc":{"start":{"line":261,"column":10},"end":{"line":266,"column":null}},"type":"if","locations":[{"start":{"line":261,"column":10},"end":{"line":266,"column":null}}]},"30":{"loc":{"start":{"line":261,"column":14},"end":{"line":261,"column":44}},"type":"binary-expr","locations":[{"start":{"line":261,"column":14},"end":{"line":261,"column":21}},{"start":{"line":261,"column":25},"end":{"line":261,"column":44}}]},"31":{"loc":{"start":{"line":263,"column":12},"end":{"line":265,"column":51}},"type":"cond-expr","locations":[{"start":{"line":264,"column":16},"end":{"line":264,"column":70}},{"start":{"line":265,"column":16},"end":{"line":265,"column":51}}]},"32":{"loc":{"start":{"line":271,"column":8},"end":{"line":271,"column":61}},"type":"if","locations":[{"start":{"line":271,"column":8},"end":{"line":271,"column":61}}]},"33":{"loc":{"start":{"line":285,"column":32},"end":{"line":285,"column":57}},"type":"binary-expr","locations":[{"start":{"line":285,"column":32},"end":{"line":285,"column":51}},{"start":{"line":285,"column":55},"end":{"line":285,"column":57}}]},"34":{"loc":{"start":{"line":286,"column":46},"end":{"line":286,"column":85}},"type":"binary-expr","locations":[{"start":{"line":286,"column":46},"end":{"line":286,"column":79}},{"start":{"line":286,"column":83},"end":{"line":286,"column":85}}]},"35":{"loc":{"start":{"line":291,"column":8},"end":{"line":291,"column":42}},"type":"if","locations":[{"start":{"line":291,"column":8},"end":{"line":291,"column":42}}]},"36":{"loc":{"start":{"line":302,"column":8},"end":{"line":302,"column":46}},"type":"if","locations":[{"start":{"line":302,"column":8},"end":{"line":302,"column":46}}]},"37":{"loc":{"start":{"line":351,"column":4},"end":{"line":351,"column":32}},"type":"if","locations":[{"start":{"line":351,"column":4},"end":{"line":351,"column":32}}]},"38":{"loc":{"start":{"line":352,"column":4},"end":{"line":354,"column":null}},"type":"if","locations":[{"start":{"line":352,"column":4},"end":{"line":354,"column":null}}]},"39":{"loc":{"start":{"line":352,"column":8},"end":{"line":352,"column":95}},"type":"binary-expr","locations":[{"start":{"line":352,"column":8},"end":{"line":352,"column":42}},{"start":{"line":352,"column":46},"end":{"line":352,"column":66}},{"start":{"line":352,"column":70},"end":{"line":352,"column":95}}]},"40":{"loc":{"start":{"line":362,"column":4},"end":{"line":362,"column":58}},"type":"if","locations":[{"start":{"line":362,"column":4},"end":{"line":362,"column":58}}]},"41":{"loc":{"start":{"line":362,"column":8},"end":{"line":362,"column":49}},"type":"binary-expr","locations":[{"start":{"line":362,"column":8},"end":{"line":362,"column":24}},{"start":{"line":362,"column":28},"end":{"line":362,"column":49}}]},"42":{"loc":{"start":{"line":374,"column":6},"end":{"line":380,"column":null}},"type":"if","locations":[{"start":{"line":374,"column":6},"end":{"line":380,"column":null}}]},"43":{"loc":{"start":{"line":374,"column":10},"end":{"line":374,"column":48}},"type":"binary-expr","locations":[{"start":{"line":374,"column":10},"end":{"line":374,"column":28}},{"start":{"line":374,"column":32},"end":{"line":374,"column":48}}]},"44":{"loc":{"start":{"line":382,"column":6},"end":{"line":387,"column":null}},"type":"if","locations":[{"start":{"line":382,"column":6},"end":{"line":387,"column":null}}]},"45":{"loc":{"start":{"line":382,"column":10},"end":{"line":382,"column":48}},"type":"binary-expr","locations":[{"start":{"line":382,"column":10},"end":{"line":382,"column":28}},{"start":{"line":382,"column":32},"end":{"line":382,"column":48}}]},"46":{"loc":{"start":{"line":398,"column":4},"end":{"line":398,"column":24}},"type":"if","locations":[{"start":{"line":398,"column":4},"end":{"line":398,"column":24}}]},"47":{"loc":{"start":{"line":417,"column":6},"end":{"line":419,"column":null}},"type":"if","locations":[{"start":{"line":417,"column":6},"end":{"line":419,"column":null}}]},"48":{"loc":{"start":{"line":417,"column":10},"end":{"line":417,"column":41}},"type":"binary-expr","locations":[{"start":{"line":417,"column":10},"end":{"line":417,"column":16}},{"start":{"line":417,"column":20},"end":{"line":417,"column":41}}]},"49":{"loc":{"start":{"line":438,"column":4},"end":{"line":438,"column":24}},"type":"if","locations":[{"start":{"line":438,"column":4},"end":{"line":438,"column":24}}]}},"s":{"0":2,"1":2,"2":2,"3":2,"4":2,"5":2,"6":2,"7":2,"8":16,"9":16,"10":2,"11":0,"12":2,"13":0,"14":0,"15":2,"16":16,"17":2,"18":0,"19":2,"20":2,"21":2,"22":48,"23":48,"24":48,"25":48,"26":48,"27":48,"28":48,"29":48,"30":48,"31":48,"32":48,"33":48,"34":48,"35":48,"36":48,"37":48,"38":48,"39":48,"40":48,"41":48,"42":48,"43":48,"44":48,"45":48,"46":912,"47":48,"48":0,"49":0,"50":0,"51":0,"52":0,"53":0,"54":0,"55":0,"56":0,"57":0,"58":0,"59":0,"60":48,"61":0,"62":0,"63":0,"64":0,"65":0,"66":0,"67":0,"68":0,"69":0,"70":48,"71":0,"72":0,"73":0,"74":0,"75":0,"76":0,"77":0,"78":0,"79":0,"80":0,"81":48,"82":0,"83":0,"84":0,"85":0,"86":48,"87":0,"88":0,"89":0,"90":0,"91":0,"92":0,"93":0,"94":0,"95":48,"96":0,"97":0,"98":0,"99":0,"100":0,"101":0,"102":0,"103":0,"104":0,"105":0,"106":0,"107":0,"108":0,"109":0,"110":0,"111":0,"112":0,"113":0,"114":0,"115":0,"116":0,"117":0,"118":0,"119":0,"120":0,"121":0,"122":48,"123":0,"124":0,"125":0,"126":0,"127":0,"128":0,"129":0,"130":0,"131":0,"132":0,"133":0,"134":0,"135":48,"136":0,"137":0,"138":0,"139":0,"140":48,"141":16,"142":48,"143":16,"144":48,"145":16,"146":48,"147":16,"148":48,"149":16,"150":48,"151":16,"152":48,"153":16,"154":0,"155":48,"156":16,"157":0,"158":48,"159":48,"160":16,"161":32,"162":16,"163":48,"164":48,"165":32,"166":16,"167":16,"168":16,"169":16,"170":16,"171":16,"172":16,"173":16,"174":0,"175":16,"176":0,"177":16,"178":16,"179":16,"180":16,"181":0,"182":48,"183":16,"184":0,"185":16,"186":0,"187":0,"188":0,"189":0,"190":0,"191":0,"192":0,"193":16,"194":16,"195":0,"196":16,"197":16,"198":16,"199":48,"200":16,"201":0,"202":16,"203":48,"204":2},"f":{"0":2,"1":16,"2":0,"3":0,"4":16,"5":0,"6":48,"7":0,"8":0,"9":0,"10":0,"11":0,"12":0,"13":0,"14":0,"15":0,"16":0,"17":0,"18":0,"19":0,"20":0,"21":0,"22":0,"23":16,"24":16,"25":16,"26":16,"27":16,"28":16,"29":16,"30":0,"31":16,"32":0,"33":48,"34":48,"35":16,"36":16,"37":0,"38":0,"39":16,"40":0,"41":0,"42":0,"43":0,"44":0,"45":0,"46":0,"47":16,"48":16},"b":{"0":[16,16],"1":[0],"2":[0],"3":[0],"4":[0],"5":[0,0],"6":[0,0],"7":[0],"8":[0],"9":[0,0],"10":[0],"11":[0],"12":[0],"13":[0,0],"14":[0],"15":[0,0],"16":[0],"17":[0,0],"18":[0],"19":[0,0],"20":[0,0],"21":[0,0],"22":[0,0],"23":[0,0],"24":[0,0],"25":[0,0],"26":[0,0],"27":[0],"28":[0,0],"29":[0],"30":[0,0],"31":[0,0],"32":[0],"33":[0,0],"34":[0,0],"35":[0],"36":[0],"37":[16],"38":[16],"39":[32,16,16],"40":[32],"41":[48,32],"42":[16],"43":[16,0],"44":[16],"45":[16,0],"46":[0],"47":[16],"48":[16,16],"49":[0]}}
,"/Users/przemyslaw.janowski/Code/react-chat-components/packages/common/src/chat/index.ts": {"path":"/Users/przemyslaw.janowski/Code/react-chat-components/packages/common/src/chat/index.ts","statementMap":{"0":{"start":{"line":1,"column":0},"end":{"line":1,"column":23}}},"fnMap":{},"branchMap":{},"s":{"0":2},"f":{},"b":{}}
,"/Users/przemyslaw.janowski/Code/react-chat-components/packages/common/src/hooks/index.ts": {"path":"/Users/przemyslaw.janowski/Code/react-chat-components/packages/common/src/hooks/index.ts","statementMap":{"0":{"start":{"line":1,"column":0},"end":{"line":1,"column":31}},"1":{"start":{"line":2,"column":0},"end":{"line":2,"column":31}},"2":{"start":{"line":3,"column":0},"end":{"line":3,"column":27}},"3":{"start":{"line":4,"column":0},"end":{"line":4,"column":32}},"4":{"start":{"line":5,"column":0},"end":{"line":5,"column":28}},"5":{"start":{"line":6,"column":0},"end":{"line":6,"column":31}},"6":{"start":{"line":7,"column":0},"end":{"line":7,"column":38}},"7":{"start":{"line":8,"column":0},"end":{"line":8,"column":39}}},"fnMap":{},"branchMap":{},"s":{"0":7,"1":7,"2":7,"3":7,"4":7,"5":7,"6":7,"7":7},"f":{},"b":{}}
,"/Users/przemyslaw.janowski/Code/react-chat-components/packages/common/src/hooks/use-channel-members.ts": {"path":"/Users/przemyslaw.janowski/Code/react-chat-components/packages/common/src/hooks/use-channel-members.ts","statementMap":{"0":{"start":{"line":1,"column":0},"end":{"line":1,"column":53}},"1":{"start":{"line":3,"column":0},"end":{"line":3,"column":41}},"2":{"start":{"line":4,"column":0},"end":{"line":4,"column":33}},"3":{"start":{"line":5,"column":0},"end":{"line":5,"column":41}},"4":{"start":{"line":10,"column":33},"end":{"line":104,"column":1}},"5":{"start":{"line":11,"column":22},"end":{"line":11,"column":45}},"6":{"start":{"line":13,"column":17},"end":{"line":13,"column":28}},"7":{"start":{"line":14,"column":32},"end":{"line":14,"column":58}},"8":{"start":{"line":14,"column":16},"end":{"line":14,"column":18}},"9":{"start":{"line":14,"column":28},"end":{"line":14,"column":32}},"10":{"start":{"line":15,"column":38},"end":{"line":15,"column":49}},"11":{"start":{"line":15,"column":19},"end":{"line":15,"column":21}},"12":{"start":{"line":15,"column":34},"end":{"line":15,"column":38}},"13":{"start":{"line":16,"column":26},"end":{"line":16,"column":38}},"14":{"start":{"line":16,"column":13},"end":{"line":16,"column":15}},"15":{"start":{"line":16,"column":22},"end":{"line":16,"column":26}},"16":{"start":{"line":17,"column":28},"end":{"line":17,"column":45}},"17":{"start":{"line":17,"column":14},"end":{"line":17,"column":16}},"18":{"start":{"line":17,"column":24},"end":{"line":17,"column":28}},"19":{"start":{"line":18,"column":32},"end":{"line":18,"column":46}},"20":{"start":{"line":18,"column":16},"end":{"line":18,"column":18}},"21":{"start":{"line":18,"column":28},"end":{"line":18,"column":32}},"22":{"start":{"line":20,"column":27},"end":{"line":26,"column":null}},"23":{"start":{"line":22,"column":6},"end":{"line":25,"column":null}},"24":{"start":{"line":29,"column":27},"end":{"line":31,"column":3}},"25":{"start":{"line":30,"column":4},"end":{"line":30,"column":21}},"26":{"start":{"line":33,"column":20},"end":{"line":39,"column":3}},"27":{"start":{"line":34,"column":4},"end":{"line":34,"column":19}},"28":{"start":{"line":35,"column":4},"end":{"line":35,"column":21}},"29":{"start":{"line":36,"column":4},"end":{"line":36,"column":16}},"30":{"start":{"line":37,"column":4},"end":{"line":37,"column":24}},"31":{"start":{"line":38,"column":4},"end":{"line":38,"column":21}},"32":{"start":{"line":41,"column":2},"end":{"line":43,"column":20}},"33":{"start":{"line":42,"column":4},"end":{"line":42,"column":16}},"34":{"start":{"line":45,"column":2},"end":{"line":70,"column":78}},"35":{"start":{"line":46,"column":24},"end":{"line":46,"column":29}},"36":{"start":{"line":47,"column":4},"end":{"line":47,"column":29}},"37":{"start":{"line":47,"column":17},"end":{"line":47,"column":29}},"38":{"start":{"line":51,"column":8},"end":{"line":51,"column":63}},"39":{"start":{"line":51,"column":56},"end":{"line":51,"column":63}},"40":{"start":{"line":52,"column":25},"end":{"line":52,"column":null}},"41":{"start":{"line":52,"column":14},"end":{"line":52,"column":null}},"42":{"start":{"line":53,"column":8},"end":{"line":53,"column":34}},"43":{"start":{"line":53,"column":27},"end":{"line":53,"column":34}},"44":{"start":{"line":54,"column":8},"end":{"line":54,"column":26}},"45":{"start":{"line":55,"column":8},"end":{"line":58,"column":11}},"46":{"start":{"line":55,"column":32},"end":{"line":57,"column":null}},"47":{"start":{"line":57,"column":39},"end":{"line":57,"column":63}},"48":{"start":{"line":59,"column":8},"end":{"line":59,"column":43}},"49":{"start":{"line":60,"column":8},"end":{"line":60,"column":31}},"50":{"start":{"line":62,"column":8},"end":{"line":62,"column":26}},"51":{"start":{"line":63,"column":8},"end":{"line":63,"column":20}},"52":{"start":{"line":67,"column":4},"end":{"line":69,"column":6}},"53":{"start":{"line":68,"column":6},"end":{"line":68,"column":27}},"54":{"start":{"line":72,"column":2},"end":{"line":101,"column":41}},"55":{"start":{"line":73,"column":21},"end":{"line":94,"column":6}},"56":{"start":{"line":75,"column":24},"end":{"line":75,"column":37}},"57":{"start":{"line":76,"column":8},"end":{"line":76,"column":50}},"58":{"start":{"line":76,"column":43},"end":{"line":76,"column":50}},"59":{"start":{"line":78,"column":8},"end":{"line":92,"column":11}},"60":{"start":{"line":79,"column":30},"end":{"line":79,"column":48}},"61":{"start":{"line":80,"column":25},"end":{"line":80,"column":79}},"62":{"start":{"line":80,"column":49},"end":{"line":80,"column":79}},"63":{"start":{"line":83,"column":10},"end":{"line":83,"column":87}},"64":{"start":{"line":83,"column":68},"end":{"line":83,"column":87}},"65":{"start":{"line":87,"column":10},"end":{"line":89,"column":null}},"66":{"start":{"line":88,"column":12},"end":{"line":88,"column":63}},"67":{"start":{"line":91,"column":10},"end":{"line":91,"column":29}},"68":{"start":{"line":96,"column":4},"end":{"line":96,"column":33}},"69":{"start":{"line":98,"column":4},"end":{"line":100,"column":6}},"70":{"start":{"line":99,"column":6},"end":{"line":99,"column":38}},"71":{"start":{"line":103,"column":2},"end":{"line":103,"column":67}},"72":{"start":{"line":10,"column":13},"end":{"line":10,"column":33}}},"fnMap":{"0":{"name":"(anonymous_15)","decl":{"start":{"line":10,"column":33},"end":{"line":10,"column":34}},"loc":{"start":{"line":10,"column":70},"end":{"line":104,"column":1}}},"1":{"name":"(anonymous_16)","decl":{"start":{"line":21,"column":4},"end":{"line":21,"column":null}},"loc":{"start":{"line":21,"column":4},"end":{"line":22,"column":11}}},"2":{"name":"(anonymous_17)","decl":{"start":{"line":29,"column":27},"end":{"line":29,"column":null}},"loc":{"start":{"line":29,"column":27},"end":{"line":31,"column":3}}},"3":{"name":"(anonymous_18)","decl":{"start":{"line":33,"column":20},"end":{"line":33,"column":null}},"loc":{"start":{"line":33,"column":20},"end":{"line":39,"column":3}}},"4":{"name":"(anonymous_19)","decl":{"start":{"line":41,"column":12},"end":{"line":41,"column":null}},"loc":{"start":{"line":41,"column":12},"end":{"line":43,"column":3}}},"5":{"name":"(anonymous_20)","decl":{"start":{"line":45,"column":12},"end":{"line":45,"column":null}},"loc":{"start":{"line":45,"column":12},"end":{"line":70,"column":3}}},"6":{"name":"fetchPage","decl":{"start":{"line":49,"column":19},"end":{"line":49,"column":28}},"loc":{"start":{"line":49,"column":28},"end":{"line":65,"column":null}}},"7":{"name":"(anonymous_24)","decl":{"start":{"line":55,"column":19},"end":{"line":55,"column":20}},"loc":{"start":{"line":55,"column":27},"end":{"line":55,"column":null}}},"8":{"name":"(anonymous_25)","decl":{"start":{"line":57,"column":32},"end":{"line":57,"column":33}},"loc":{"start":{"line":57,"column":34},"end":{"line":57,"column":40}}},"9":{"name":"(anonymous_26)","decl":{"start":{"line":67,"column":11},"end":{"line":67,"column":null}},"loc":{"start":{"line":67,"column":11},"end":{"line":69,"column":5}}},"10":{"name":"(anonymous_27)","decl":{"start":{"line":72,"column":12},"end":{"line":72,"column":null}},"loc":{"start":{"line":72,"column":12},"end":{"line":101,"column":3}}},"11":{"name":"(anonymous_28)","decl":{"start":{"line":74,"column":15},"end":{"line":74,"column":16}},"loc":{"start":{"line":74,"column":21},"end":{"line":93,"column":7}}},"12":{"name":"(anonymous_29)","decl":{"start":{"line":78,"column":19},"end":{"line":78,"column":20}},"loc":{"start":{"line":78,"column":27},"end":{"line":92,"column":9}}},"13":{"name":"(anonymous_30)","decl":{"start":{"line":80,"column":42},"end":{"line":80,"column":43}},"loc":{"start":{"line":80,"column":44},"end":{"line":80,"column":50}}},"14":{"name":"(anonymous_31)","decl":{"start":{"line":98,"column":11},"end":{"line":98,"column":null}},"loc":{"start":{"line":98,"column":11},"end":{"line":100,"column":5}}}},"branchMap":{"0":{"loc":{"start":{"line":47,"column":4},"end":{"line":47,"column":29}},"type":"if","locations":[{"start":{"line":47,"column":4},"end":{"line":47,"column":29}}]},"1":{"loc":{"start":{"line":51,"column":8},"end":{"line":51,"column":63}},"type":"if","locations":[{"start":{"line":51,"column":8},"end":{"line":51,"column":63}}]},"2":{"loc":{"start":{"line":51,"column":12},"end":{"line":51,"column":54}},"type":"binary-expr","locations":[{"start":{"line":51,"column":12},"end":{"line":51,"column":22}},{"start":{"line":51,"column":26},"end":{"line":51,"column":54}}]},"3":{"loc":{"start":{"line":53,"column":8},"end":{"line":53,"column":34}},"type":"if","locations":[{"start":{"line":53,"column":8},"end":{"line":53,"column":34}}]},"4":{"loc":{"start":{"line":76,"column":8},"end":{"line":76,"column":50}},"type":"if","locations":[{"start":{"line":76,"column":8},"end":{"line":76,"column":50}}]},"5":{"loc":{"start":{"line":83,"column":10},"end":{"line":83,"column":87}},"type":"if","locations":[{"start":{"line":83,"column":10},"end":{"line":83,"column":87}}]},"6":{"loc":{"start":{"line":87,"column":10},"end":{"line":89,"column":null}},"type":"if","locations":[{"start":{"line":87,"column":10},"end":{"line":89,"column":null}}]},"7":{"loc":{"start":{"line":87,"column":14},"end":{"line":87,"column":50}},"type":"binary-expr","locations":[{"start":{"line":87,"column":14},"end":{"line":87,"column":20}},{"start":{"line":87,"column":24},"end":{"line":87,"column":50}}]}},"s":{"0":7,"1":7,"2":7,"3":7,"4":7,"5":25,"6":25,"7":25,"8":25,"9":25,"10":25,"11":25,"12":25,"13":25,"14":25,"15":25,"16":25,"17":25,"18":25,"19":25,"20":25,"21":25,"22":25,"23":17,"24":25,"25":4,"26":25,"27":6,"28":6,"29":6,"30":6,"31":6,"32":25,"33":5,"34":25,"35":21,"36":21,"37":10,"38":10,"39":0,"40":10,"41":10,"42":10,"43":0,"44":10,"45":10,"46":10,"47":120,"48":10,"49":10,"50":0,"51":0,"52":21,"53":21,"54":25,"55":5,"56":0,"57":0,"58":0,"59":0,"60":0,"61":0,"62":0,"63":0,"64":0,"65":0,"66":0,"67":0,"68":5,"69":5,"70":5,"71":25,"72":7},"f":{"0":25,"1":17,"2":4,"3":6,"4":5,"5":21,"6":10,"7":10,"8":120,"9":21,"10":5,"11":0,"12":0,"13":0,"14":5},"b":{"0":[10],"1":[0],"2":[10,4],"3":[0],"4":[0],"5":[0],"6":[0],"7":[0,0]}}
[...]
line":71,"column":5}}},"10":{"name":"(anonymous_28)","decl":{"start":{"line":74,"column":21},"end":{"line":74,"column":22}},"loc":{"start":{"line":74,"column":43},"end":{"line":76,"column":3}}},"11":{"name":"(anonymous_29)","decl":{"start":{"line":78,"column":18},"end":{"line":78,"column":24}},"loc":{"start":{"line":78,"column":18},"end":{"line":78,"column":31}}},"12":{"name":"(anonymous_30)","decl":{"start":{"line":80,"column":32},"end":{"line":80,"column":38}},"loc":{"start":{"line":80,"column":32},"end":{"line":80,"column":39}}},"13":{"name":"(anonymous_31)","decl":{"start":{"line":82,"column":37},"end":{"line":82,"column":43}},"loc":{"start":{"line":82,"column":37},"end":{"line":82,"column":45}}},"14":{"name":"(anonymous_32)","decl":{"start":{"line":84,"column":18},"end":{"line":84,"column":19}},"loc":{"start":{"line":84,"column":26},"end":{"line":98,"column":3}}},"15":{"name":"(anonymous_33)","decl":{"start":{"line":85,"column":40},"end":{"line":85,"column":41}},"loc":{"start":{"line":85,"column":48},"end":{"line":97,"column":5}}},"16":{"name":"(anonymous_34)","decl":{"start":{"line":90,"column":15},"end":{"line":90,"column":16}},"loc":{"start":{"line":90,"column":23},"end":{"line":90,"column":29}}},"17":{"name":"(anonymous_35)","decl":{"start":{"line":93,"column":33},"end":{"line":93,"column":34}},"loc":{"start":{"line":93,"column":35},"end":{"line":93,"column":41}}},"18":{"name":"(anonymous_36)","decl":{"start":{"line":95,"column":18},"end":{"line":95,"column":19}},"loc":{"start":{"line":95,"column":28},"end":{"line":95,"column":39}}},"19":{"name":"(anonymous_37)","decl":{"start":{"line":100,"column":18},"end":{"line":100,"column":19}},"loc":{"start":{"line":100,"column":22},"end":{"line":119,"column":3}}},"20":{"name":"(anonymous_38)","decl":{"start":{"line":114,"column":40},"end":{"line":114,"column":41}},"loc":{"start":{"line":114,"column":48},"end":{"line":118,"column":5}}},"21":{"name":"(anonymous_39)","decl":{"start":{"line":121,"column":30},"end":{"line":121,"column":31}},"loc":{"start":{"line":121,"column":34},"end":{"line":130,"column":3}}},"22":{"name":"(anonymous_40)","decl":{"start":{"line":122,"column":32},"end":{"line":122,"column":33}},"loc":{"start":{"line":122,"column":34},"end":{"line":122,"column":40}}},"23":{"name":"(anonymous_41)","decl":{"start":{"line":127,"column":42},"end":{"line":127,"column":43}},"loc":{"start":{"line":127,"column":50},"end":{"line":129,"column":5}}},"24":{"name":"(anonymous_42)","decl":{"start":{"line":132,"column":17},"end":{"line":132,"column":18}},"loc":{"start":{"line":132,"column":22},"end":{"line":146,"column":3}}},"25":{"name":"(anonymous_43)","decl":{"start":{"line":141,"column":39},"end":{"line":141,"column":40}},"loc":{"start":{"line":141,"column":47},"end":{"line":145,"column":5}}},"26":{"name":"(anonymous_44)","decl":{"start":{"line":148,"column":19},"end":{"line":148,"column":20}},"loc":{"start":{"line":148,"column":24},"end":{"line":158,"column":3}}},"27":{"name":"(anonymous_45)","decl":{"start":{"line":151,"column":41},"end":{"line":151,"column":42}},"loc":{"start":{"line":151,"column":49},"end":{"line":157,"column":5}}},"28":{"name":"(anonymous_46)","decl":{"start":{"line":161,"column":24},"end":{"line":161,"column":25}},"loc":{"start":{"line":161,"column":32},"end":{"line":171,"column":5}}},"29":{"name":"(anonymous_47)","decl":{"start":{"line":172,"column":27},"end":{"line":172,"column":28}},"loc":{"start":{"line":172,"column":35},"end":{"line":182,"column":5}}},"30":{"name":"(anonymous_48)","decl":{"start":{"line":183,"column":23},"end":{"line":183,"column":24}},"loc":{"start":{"line":183,"column":31},"end":{"line":193,"column":5}}},"31":{"name":"(anonymous_49)","decl":{"start":{"line":194,"column":20},"end":{"line":194,"column":21}},"loc":{"start":{"line":194,"column":28},"end":{"line":204,"column":5}}},"32":{"name":"(anonymous_50)","decl":{"start":{"line":205,"column":21},"end":{"line":205,"column":22}},"loc":{"start":{"line":205,"column":26},"end":{"line":205,"column":32}}},"33":{"name":"(anonymous_51)","decl":{"start":{"line":206,"column":23},"end":{"line":206,"column":24}},"loc":{"start":{"line":206,"column":25},"end":{"line":206,"column":31}}},"34":{"name":"(anonymous_52)","decl":{"start":{"line":224,"column":10},"end":{"line":224,"column":16}},"loc":{"start":{"line":224,"column":10},"end":{"line":224,"column":20}}},"35":{"name":"(anonymous_53)","decl":{"start":{"line":225,"column":15},"end":{"line":225,"column":21}},"loc":{"start":{"line":225,"column":15},"end":{"line":225,"column":25}}},"36":{"name":"(anonymous_54)","decl":{"start":{"line":227,"column":17},"end":{"line":227,"column":23}},"loc":{"start":{"line":227,"column":17},"end":{"line":227,"column":27}}},"37":{"name":"(anonymous_55)","decl":{"start":{"line":229,"column":23},"end":{"line":229,"column":29}},"loc":{"start":{"line":229,"column":23},"end":{"line":229,"column":33}}}},"branchMap":{"0":{"loc":{"start":{"line":24,"column":27},"end":{"line":24,"column":null}},"type":"if","locations":[{"start":{"line":24,"column":27},"end":{"line":24,"column":null}}]},"1":{"loc":{"start":{"line":25,"column":15},"end":{"line":25,"column":70}},"type":"binary-expr","locations":[{"start":{"line":25,"column":15},"end":{"line":25,"column":27}},{"start":{"line":25,"column":31},"end":{"line":25,"column":70}}]},"2":{"loc":{"start":{"line":60,"column":4},"end":{"line":62,"column":null}},"type":"if","locations":[{"start":{"line":60,"column":4},"end":{"line":62,"column":null}}]},"3":{"loc":{"start":{"line":78,"column":24},"end":{"line":78,"column":52}},"type":"binary-expr","locations":[{"start":{"line":78,"column":24},"end":{"line":78,"column":44}},{"start":{"line":78,"column":48},"end":{"line":78,"column":52}}]},"4":{"loc":{"start":{"line":162,"column":20},"end":{"line":162,"column":49}},"type":"binary-expr","locations":[{"start":{"line":162,"column":20},"end":{"line":162,"column":33}},{"start":{"line":162,"column":37},"end":{"line":162,"column":49}}]},"5":{"loc":{"start":{"line":163,"column":19},"end":{"line":163,"column":41}},"type":"binary-expr","locations":[{"start":{"line":163,"column":19},"end":{"line":163,"column":36}},{"start":{"line":163,"column":40},"end":{"line":163,"column":41}}]},"6":{"loc":{"start":{"line":173,"column":20},"end":{"line":173,"column":52}},"type":"binary-expr","locations":[{"start":{"line":173,"column":20},"end":{"line":173,"column":33}},{"start":{"line":173,"column":37},"end":{"line":173,"column":52}}]},"7":{"loc":{"start":{"line":174,"column":19},"end":{"line":174,"column":41}},"type":"binary-expr","locations":[{"start":{"line":174,"column":19},"end":{"line":174,"column":36}},{"start":{"line":174,"column":40},"end":{"line":174,"column":41}}]},"8":{"loc":{"start":{"line":184,"column":20},"end":{"line":184,"column":49}},"type":"binary-expr","locations":[{"start":{"line":184,"column":20},"end":{"line":184,"column":33}},{"start":{"line":184,"column":37},"end":{"line":184,"column":49}}]},"9":{"loc":{"start":{"line":185,"column":19},"end":{"line":185,"column":41}},"type":"binary-expr","locations":[{"start":{"line":185,"column":19},"end":{"line":185,"column":36}},{"start":{"line":185,"column":40},"end":{"line":185,"column":41}}]},"10":{"loc":{"start":{"line":195,"column":20},"end":{"line":195,"column":52}},"type":"binary-expr","locations":[{"start":{"line":195,"column":20},"end":{"line":195,"column":33}},{"start":{"line":195,"column":37},"end":{"line":195,"column":52}}]},"11":{"loc":{"start":{"line":196,"column":19},"end":{"line":196,"column":41}},"type":"binary-expr","locations":[{"start":{"line":196,"column":19},"end":{"line":196,"column":36}},{"start":{"line":196,"column":40},"end":{"line":196,"column":41}}]}},"s":{"0":2,"1":2,"2":2,"3":18,"4":16,"5":16,"6":16,"7":16,"8":16,"9":0,"10":0,"11":0,"12":0,"13":0,"14":16,"15":16,"16":16,"17":16,"18":112,"19":16,"20":0,"21":0,"22":0,"23":0,"24":0,"25":0,"26":0,"27":0,"28":16,"29":0,"30":0,"31":0,"32":0,"33":16,"34":2408,"35":16,"36":16,"37":16,"38":16,"39":16,"40":0,"41":0,"42":0,"43":0,"44":0,"45":16,"46":0,"47":0,"48":0,"49":0,"50":0,"51":16,"52":0,"53":0,"54":0,"55":0,"56":0,"57":0,"58":0,"59":0,"60":16,"61":0,"62":0,"63":0,"64":16,"65":0,"66":0,"67":16,"68":0,"69":0,"70":0,"71":0,"72":0,"73":0,"74":0,"75":0,"76":0,"77":0,"78":0,"79":0,"80":0,"81":0,"82":0,"83":0,"84":0,"85":0,"86":16,"87":0,"88":16,"89":16,"90":16},"f":{"0":16,"1":0,"2":0,"3":16,"4":16,"5":112,"6":0,"7":0,"8":0,"9":0,"10":0,"11":2408,"12":16,"13":16,"14":0,"15":0,"16":0,"17":0,"18":0,"19":0,"20":0,"21":0,"22":0,"23":0,"24":0,"25":0,"26":0,"27":0,"28":0,"29":0,"30":0,"31":0,"32":0,"33":0,"34":0,"35":16,"36":16,"37":16},"b":{"0":[0],"1":[16,16],"2":[0],"3":[2408,2408],"4":[0,0],"5":[0,0],"6":[0,0],"7":[0,0],"8":[0,0],"9":[0,0],"10":[0,0],"11":[0,0]}}
,"/Users/przemyslaw.janowski/Code/react-chat-components/packages/react/src/channel-list/channel-list.scss": {"path":"/Users/przemyslaw.janowski/Code/react-chat-components/packages/react/src/channel-list/channel-list.scss","statementMap":{"0":{"start":{"line":1,"column":0},"end":{"line":1,"column":20}}},"fnMap":{},"branchMap":{},"s":{"0":1},"f":{},"b":{},"_coverageSchema":"1a1c01bbd47fc00a2c39e90264f33305004495a9","hash":"5f156451ba38b76c8f69e737dd4f6f16802bb65d"}
,"/Users/przemyslaw.janowski/Code/react-chat-components/packages/react/src/channel-list/channel-list.tsx": {"path":"/Users/przemyslaw.janowski/Code/react-chat-components/packages/react/src/channel-list/channel-list.tsx","statementMap":{"0":{"start":{"line":1,"column":0},"end":{"line":1,"column":34}},"1":{"start":{"line":2,"column":0},"end":{"line":2,"column":99}},"2":{"start":{"line":3,"column":0},"end":{"line":3,"column":29}},"3":{"start":{"line":17,"column":49},"end":{"line":59,"column":1}},"4":{"start":{"line":19,"column":4},"end":{"line":19,"column":29}},"5":{"start":{"line":18,"column":27},"end":{"line":18,"column":29}},"6":{"start":{"line":18,"column":42},"end":{"line":18,"column":44}},"7":{"start":{"line":18,"column":59},"end":{"line":18,"column":61}},"8":{"start":{"line":18,"column":74},"end":{"line":18,"column":76}},"9":{"start":{"line":18,"column":81},"end":{"line":18,"column":null}},"10":{"start":{"line":24,"column":24},"end":{"line":51,"column":3}},"11":{"start":{"line":25,"column":4},"end":{"line":25,"column":69}},"12":{"start":{"line":25,"column":31},"end":{"line":25,"column":69}},"13":{"start":{"line":26,"column":26},"end":{"line":26,"column":50}},"14":{"start":{"line":27,"column":24},"end":{"line":27,"column":65}},"15":{"start":{"line":29,"column":4},"end":{"line":50,"column":6}},"16":{"start":{"line":33,"column":23},"end":{"line":33,"column":null}},"17":{"start":{"line":53,"column":2},"end":{"line":58,"column":4}},"18":{"start":{"line":17,"column":13},"end":{"line":17,"column":49}}},"fnMap":{"0":{"name":"(anonymous_1)","decl":{"start":{"line":17,"column":49},"end":{"line":17,"column":50}},"loc":{"start":{"line":17,"column":73},"end":{"line":59,"column":1}}},"1":{"name":"(anonymous_2)","decl":{"start":{"line":24,"column":24},"end":{"line":24,"column":25}},"loc":{"start":{"line":24,"column":47},"end":{"line":51,"column":3}}},"2":{"name":"(anonymous_3)","decl":{"start":{"line":33,"column":17},"end":{"line":33,"column":23}},"loc":{"start":{"line":33,"column":17},"end":{"line":33,"column":36}}}},"branchMap":{"0":{"loc":{"start":{"line":25,"column":4},"end":{"line":25,"column":69}},"type":"if","locations":[{"start":{"line":25,"column":4},"end":{"line":25,"column":69}}]},"1":{"loc":{"start":{"line":27,"column":24},"end":{"line":27,"column":65}},"type":"cond-expr","locations":[{"start":{"line":27,"column":40},"end":{"line":27,"column":60}},{"start":{"line":27,"column":63},"end":{"line":27,"column":65}}]},"2":{"loc":{"start":{"line":35,"column":9},"end":{"line":40,"column":null}},"type":"binary-expr","locations":[{"start":{"line":35,"column":9},"end":{"line":35,"column":35}},{"start":{"line":36,"column":10},"end":{"line":39,"column":null}}]},"3":{"loc":{"start":{"line":35,"column":9},"end":{"line":35,"column":35}},"type":"cond-expr","locations":[{"start":{"line":35,"column":23},"end":{"line":35,"column":25}},{"start":{"line":35,"column":23},"end":{"line":35,"column":35}}]},"4":{"loc":{"start":{"line":35,"column":9},"end":{"line":35,"column":25}},"type":"binary-expr","locations":[{"start":{"line":35,"column":9},"end":{"line":35,"column":25}},{"start":{"line":35,"column":23},"end":{"line":35,"column":25}}]},"5":{"loc":{"start":{"line":38,"column":17},"end":{"line":38,"column":53}},"type":"cond-expr","locations":[{"start":{"line":38,"column":31},"end":{"line":38,"column":33}},{"start":{"line":38,"column":31},"end":{"line":38,"column":53}}]},"6":{"loc":{"start":{"line":38,"column":17},"end":{"line":38,"column":33}},"type":"binary-expr","locations":[{"start":{"line":38,"column":17},"end":{"line":38,"column":33}},{"start":{"line":38,"column":31},"end":{"line":38,"column":33}}]},"7":{"loc":{"start":{"line":43,"column":43},"end":{"line":43,"column":69}},"type":"binary-expr","locations":[{"start":{"line":43,"column":43},"end":{"line":43,"column":55}},{"start":{"line":43,"column":59},"end":{"line":43,"column":69}}]},"8":{"loc":{"start":{"line":44,"column":11},"end":{"line":44,"column":98}},"type":"binary-expr","locations":[{"start":{"line":44,"column":11},"end":{"line":44,"column":30}},{"start":{"line":44,"column":34},"end":{"line":44,"column":98}}]},"9":{"loc":{"start":{"line":47,"column":11},"end":{"line":47,"column":76}},"type":"binary-expr","locations":[{"start":{"line":47,"column":11},"end":{"line":47,"column":37}},{"start":{"line":47,"column":41},"end":{"line":47,"column":76}}]}},"s":{"0":1,"1":1,"2":1,"3":1,"4":18,"5":18,"6":18,"7":18,"8":18,"9":18,"10":18,"11":164,"12":20,"13":144,"14":144,"15":144,"16":2,"17":18,"18":1},"f":{"0":18,"1":164,"2":2},"b":{"0":[20],"1":[1,143],"2":[144,140],"3":[4,140],"4":[144,144],"5":[0,140],"6":[140,140],"7":[144,0],"8":[144,140],"9":[144,20]}}
,"/Users/przemyslaw.janowski/Code/react-chat-components/packages/react/src/chat/chat.scss": {"path":"/Users/przemyslaw.janowski/Code/react-chat-components/packages/react/src/chat/chat.scss","statementMap":{"0":{"start":{"line":1,"column":0},"end":{"line":1,"column":20}}},"fnMap":{},"branchMap":{},"s":{"0":2},"f":{},"b":{},"_coverageSchema":"1a1c01bbd47fc00a2c39e90264f33305004495a9","hash":"af5c66be89e3cc5f436697ec333e10bd22bd5c15"}
,"/Users/przemyslaw.janowski/Code/react-chat-components/packages/react/src/chat/chat.tsx": {"path":"/Users/przemyslaw.janowski/Code/react-chat-components/packages/react/src/chat/chat.tsx","statementMap":{"0":{"start":{"line":1,"column":0},"end":{"line":1,"column":9}},"1":{"start":{"line":4,"column":9},"end":{"line":1,"column":57}},"2":{"start":{"line":2,"column":0},"end":{"line":2,"column":21}}},"fnMap":{"0":{"name":"(anonymous_0)","decl":{"start":{"line":4,"column":9},"end":{"line":4,"column":13}},"loc":{"start":{"line":4,"column":9},"end":{"line":1,"column":57}}}},"branchMap":{},"s":{"0":2,"1":18,"2":2},"f":{"0":16},"b":{}}
,"/Users/przemyslaw.janowski/Code/react-chat-components/packages/react/src/chat/index.ts": {"path":"/Users/przemyslaw.janowski/Code/react-chat-components/packages/react/src/chat/index.ts","statementMap":{"0":{"start":{"line":1,"column":0},"end":{"line":1,"column":23}}},"fnMap":{},"branchMap":{},"s":{"0":2},"f":{},"b":{}}
,"/Users/przemyslaw.janowski/Code/react-chat-components/packages/react/src/member-list/member-list.scss": {"path":"/Users/przemyslaw.janowski/Code/react-chat-components/packages/react/src/member-list/member-list.scss","statementMap":{"0":{"start":{"line":1,"column":0},"end":{"line":1,"column":20}}},"fnMap":{},"branchMap":{},"s":{"0":1},"f":{},"b":{},"_coverageSchema":"1a1c01bbd47fc00a2c39e90264f33305004495a9","hash":"cd6bbfec9cc34fa877d373df5b82b01c420cff87"}
,"/Users/przemyslaw.janowski/Code/react-chat-components/packages/react/src/member-list/member-list.tsx": {"path":"/Users/przemyslaw.janowski/Code/react-chat-components/packages/react/src/member-list/member-list.tsx","statementMap":{"0":{"start":{"line":1,"column":0},"end":{"line":1,"column":34}},"1":{"start":{"line":2,"column":0},"end":{"line":2,"column":null}},"2":{"start":{"line":9,"column":0},"end":{"line":9,"column":28}},"3":{"start":{"line":21,"column":47},"end":{"line":65,"column":1}},"4":{"start":{"line":23,"column":4},"end":{"line":23,"column":28}},"5":{"start":{"line":22,"column":21},"end":{"line":22,"column":23}},"6":{"start":{"line":22,"column":34},"end":{"line":22,"column":36}},"7":{"start":{"line":22,"column":51},"end":{"line":22,"column":53}},"8":{"start":{"line":22,"column":69},"end":{"line":22,"column":71}},"9":{"start":{"line":22,"column":83},"end":{"line":22,"column":85}},"10":{"start":{"line":22,"column":90},"end":{"line":22,"column":null}},"11":{"start":{"line":29,"column":23},"end":{"line":57,"column":3}},"12":{"start":{"line":30,"column":4},"end":{"line":30,"column":66}},"13":{"start":{"line":30,"column":30},"end":{"line":30,"column":66}},"14":{"start":{"line":31,"column":22},"end":{"line":31,"column":66}},"15":{"start":{"line":33,"column":4},"end":{"line":56,"column":6}},"16":{"start":{"line":34,"column":64},"end":{"line":34,"column":null}},"17":{"start":{"line":59,"column":2},"end":{"line":64,"column":4}},"18":{"start":{"line":21,"column":13},"end":{"line":21,"column":47}},"19":{"start":{"line":67,"column":0},"end":{"line":72,"column":2}}},"fnMap":{"0":{"name":"(anonymous_1)","decl":{"start":{"line":21,"column":47},"end":{"line":21,"column":48}},"loc":{"start":{"line":21,"column":70},"end":{"line":65,"column":1}}},"1":{"name":"(anonymous_2)","decl":{"start":{"line":29,"column":23},"end":{"line":29,"column":24}},"loc":{"start":{"line":29,"column":42},"end":{"line":57,"column":3}}},"2":{"name":"(anonymous_3)","decl":{"start":{"line":34,"column":58},"end":{"line":34,"column":64}},"loc":{"start":{"line":34,"column":58},"end":{"line":34,"column":75}}}},"branchMap":{"0":{"loc":{"start":{"line":30,"column":4},"end":{"line":30,"column":66}},"type":"if","locations":[{"start":{"line":30,"column":4},"end":{"line":30,"column":66}}]},"1":{"loc":{"start":{"line":31,"column":22},"end":{"line":31,"column":66}},"type":"cond-expr","locations":[{"start":{"line":31,"column":47},"end":{"line":31,"column":61}},{"start":{"line":31,"column":64},"end":{"line":31,"column":66}}]},"2":{"loc":{"start":{"line":39,"column":11},"end":{"line":42,"column":null}},"type":"cond-expr","locations":[{"start":{"line":40,"column":12},"end":{"line":40,"column":61}},{"start":{"line":42,"column":12},"end":{"line":42,"column":53}}]},"3":{"loc":{"start":{"line":42,"column":28},"end":{"line":42,"column":52}},"type":"binary-expr","locations":[{"start":{"line":42,"column":28},"end":{"line":42,"column":39}},{"start":{"line":42,"column":43},"end":{"line":42,"column":52}}]},"4":{"loc":{"start":{"line":44,"column":11},"end":{"line":44,"column":80}},"type":"binary-expr","locations":[{"start":{"line":44,"column":11},"end":{"line":44,"column":37}},{"start":{"line":44,"column":41},"end":{"line":44,"column":80}}]},"5":{"loc":{"start":{"line":50,"column":43},"end":{"line":50,"column":63}},"type":"cond-expr","locations":[{"start":{"line":50,"column":56},"end":{"line":50,"column":58}},{"start":{"line":50,"column":56},"end":{"line":50,"column":63}}]},"6":{"loc":{"start":{"line":50,"column":43},"end":{"line":50,"column":58}},"type":"binary-expr","locations":[{"start":{"line":50,"column":43},"end":{"line":50,"column":58}},{"start":{"line":50,"column":56},"end":{"line":50,"column":58}}]},"7":{"loc":{"start":{"line":53,"column":11},"end":{"line":53,"column":75}},"type":"binary-expr","locations":[{"start":{"line":53,"column":11},"end":{"line":53,"column":37}},{"start":{"line":53,"column":41},"end":{"line":53,"column":75}}]}},"s":{"0":1,"1":1,"2":1,"3":1,"4":14,"5":14,"6":14,"7":14,"8":14,"9":14,"10":14,"11":14,"12":364,"13":60,"14":304,"15":304,"16":0,"17":14,"18":1,"19":1},"f":{"0":14,"1":364,"2":0},"b":{"0":[60],"1":[10,294],"2":[300,4],"3":[4,0],"4":[304,0],"5":[4,300],"6":[304,304],"7":[304,60]}}
}
