TN:
SF:packages/common/mock/pubnub-mock.ts
FN:24,PubNubMock
FN:29,(anonymous_18)
FN:45,(anonymous_19)
FN:50,(anonymous_20)
FN:54,(anonymous_21)
FN:55,(anonymous_22)
FN:58,(anonymous_23)
FN:58,(anonymous_24)
FN:61,(anonymous_26)
FN:65,(anonymous_27)
FN:74,(anonymous_28)
FN:78,(anonymous_29)
FN:80,(anonymous_30)
FN:82,(anonymous_31)
FN:84,(anonymous_32)
FN:85,(anonymous_33)
FN:90,(anonymous_34)
FN:93,(anonymous_35)
FN:95,(anonymous_36)
FN:100,(anonymous_37)
FN:114,(anonymous_38)
FN:121,(anonymous_39)
FN:122,(anonymous_40)
FN:127,(anonymous_41)
FN:132,(anonymous_42)
FN:141,(anonymous_43)
FN:148,(anonymous_44)
FN:151,(anonymous_45)
FN:161,(anonymous_46)
FN:172,(anonymous_47)
FN:183,(anonymous_48)
FN:194,(anonymous_49)
FN:205,(anonymous_50)
FN:206,(anonymous_51)
FN:224,(anonymous_52)
FN:225,(anonymous_53)
FN:227,(anonymous_54)
FN:229,(anonymous_55)
FNF:38
FNH:14
FNDA:5,PubNubMock
FNDA:0,(anonymous_18)
FNDA:0,(anonymous_19)
FNDA:18,(anonymous_20)
FNDA:18,(anonymous_21)
FNDA:18,(anonymous_22)
FNDA:0,(anonymous_23)
FNDA:0,(anonymous_24)
FNDA:0,(anonymous_26)
FNDA:0,(anonymous_27)
FNDA:0,(anonymous_28)
FNDA:0,(anonymous_29)
FNDA:0,(anonymous_30)
FNDA:0,(anonymous_31)
FNDA:4,(anonymous_32)
FNDA:4,(anonymous_33)
FNDA:6,(anonymous_34)
FNDA:180,(anonymous_35)
FNDA:6,(anonymous_36)
FNDA:0,(anonymous_37)
FNDA:0,(anonymous_38)
FNDA:0,(anonymous_39)
FNDA:0,(anonymous_40)
FNDA:0,(anonymous_41)
FNDA:0,(anonymous_42)
FNDA:0,(anonymous_43)
FNDA:0,(anonymous_44)
FNDA:0,(anonymous_45)
FNDA:0,(anonymous_46)
FNDA:4,(anonymous_47)
FNDA:10,(anonymous_48)
FNDA:10,(anonymous_49)
FNDA:4,(anonymous_50)
FNDA:34,(anonymous_51)
FNDA:0,(anonymous_52)
FNDA:0,(anonymous_53)
FNDA:0,(anonymous_54)
FNDA:0,(anonymous_55)
DA:11,5
DA:12,5
DA:13,5
DA:24,10
DA:25,5
DA:26,5
DA:27,5
DA:29,5
DA:30,0
DA:43,0
DA:44,0
DA:45,0
DA:46,0
DA:50,5
DA:51,18
DA:54,5
DA:55,18
DA:58,5
DA:59,0
DA:60,0
DA:61,0
DA:63,0
DA:65,0
DA:66,0
DA:74,5
DA:75,0
DA:78,5
DA:80,5
DA:82,5
DA:84,5
DA:85,4
DA:86,4
DA:90,6
DA:93,180
DA:95,6
DA:100,5
DA:101,0
DA:112,0
DA:113,0
DA:114,0
DA:115,0
DA:121,5
DA:122,0
DA:123,0
DA:124,0
DA:125,0
DA:126,0
DA:127,0
DA:128,0
DA:132,5
DA:133,0
DA:141,0
DA:142,0
DA:148,5
DA:151,0
DA:152,0
DA:160,5
DA:162,0
DA:163,0
DA:164,0
DA:166,0
DA:173,4
DA:174,4
DA:175,4
DA:177,4
DA:184,10
DA:185,10
DA:186,10
DA:188,10
DA:195,10
DA:196,10
DA:197,10
DA:199,10
DA:205,4
DA:206,34
DA:210,5
DA:224,0
DA:225,0
DA:227,0
DA:229,0
LF:80
LH:43
BRDA:24,0,0,0
BRDA:25,1,0,5
BRDA:25,1,1,5
BRDA:60,2,0,0
BRDA:78,3,0,0
BRDA:78,3,1,0
BRDA:162,4,0,0
BRDA:162,4,1,0
BRDA:163,5,0,0
BRDA:163,5,1,0
BRDA:173,6,0,4
BRDA:173,6,1,1
BRDA:174,7,0,4
BRDA:174,7,1,2
BRDA:184,8,0,10
BRDA:184,8,1,1
BRDA:185,9,0,10
BRDA:185,9,1,6
BRDA:195,10,0,10
BRDA:195,10,1,1
BRDA:196,11,0,10
BRDA:196,11,1,6
BRF:22
BRH:14
end_of_record
TN:
SF:packages/common/src/helpers.ts
FN:3,(anonymous_0)
FN:11,(anonymous_1)
FN:16,(anonymous_2)
FN:17,(anonymous_3)
FN:21,(anonymous_4)
FN:24,(anonymous_5)
FNF:6
FNH:4
FNDA:4,(anonymous_0)
FNDA:304,(anonymous_1)
FNDA:11136,(anonymous_2)
FNDA:10832,(anonymous_3)
FNDA:0,(anonymous_4)
FNDA:0,(anonymous_5)
DA:1,2
DA:3,2
DA:4,4
DA:5,4
DA:7,4
DA:8,4
DA:11,2
DA:12,304
DA:13,304
DA:14,304
DA:16,11136
DA:17,10832
DA:18,304
DA:21,2
DA:22,0
DA:24,0
DA:25,0
DA:28,0
LF:18
LH:14
BRDA:4,0,0,0
BRDA:4,1,0,4
BRDA:4,1,1,4
BRDA:7,2,0,0
BRDA:7,2,1,4
BRDA:12,3,0,0
BRDA:12,4,0,304
BRDA:12,4,1,304
BRF:8
BRH:5
end_of_record
TN:
SF:packages/common/src/index.ts
FNF:0
FNH:0
DA:1,2
DA:2,2
DA:3,2
DA:4,2
DA:5,2
DA:6,2
DA:7,2
DA:8,2
DA:9,2
DA:10,2
LF:10
LH:10
BRF:0
BRH:0
end_of_record
TN:
SF:packages/common/src/state-atoms.ts
FN:15,(anonymous_0)
FN:19,(anonymous_1)
FN:23,(anonymous_2)
FN:24,(anonymous_3)
FN:29,(anonymous_4)
FN:30,(anonymous_5)
FN:38,(anonymous_6)
FN:39,(anonymous_7)
FNF:8
FNH:0
FNDA:0,(anonymous_0)
FNDA:0,(anonymous_1)
FNDA:0,(anonymous_2)
FNDA:0,(anonymous_3)
FNDA:0,(anonymous_4)
FNDA:0,(anonymous_5)
FNDA:0,(anonymous_6)
FNDA:0,(anonymous_7)
DA:1,2
DA:4,2
DA:5,2
DA:6,2
DA:7,2
DA:8,2
DA:9,2
DA:10,2
DA:11,2
DA:12,2
DA:14,2
DA:15,0
DA:18,2
DA:19,0
DA:22,2
DA:23,0
DA:25,0
DA:28,2
DA:29,0
DA:31,0
DA:37,2
DA:38,0
DA:40,0
LF:23
LH:15
BRDA:23,0,0,0
BRDA:23,0,1,0
BRDA:23,1,0,0
BRDA:23,1,1,0
BRDA:29,2,0,0
BRDA:29,2,1,0
BRDA:38,3,0,0
BRDA:38,3,1,0
BRF:8
BRH:0
end_of_record
TN:
SF:packages/common/src/types.ts
FN:48,isFilePayload
FNF:1
FNH:0
FNDA:0,isFilePayload
DA:48,2
DA:49,0
LF:2
LH:1
BRF:0
BRH:0
end_of_record
TN:
SF:packages/common/src/channel-list/channel-list.tsx
FN:30,(anonymous_0)
FN:37,(anonymous_1)
FN:41,(anonymous_2)
FN:46,(anonymous_3)
FN:60,(anonymous_4)
FNF:5
FNH:5
FNDA:18,(anonymous_0)
FNDA:144,(anonymous_1)
FNDA:358,(anonymous_2)
FNDA:164,(anonymous_3)
FNDA:2,(anonymous_4)
DA:2,2
DA:4,2
DA:30,2
DA:31,18
DA:32,18
DA:37,18
DA:38,144
DA:41,18
DA:42,358
DA:43,310
DA:46,18
DA:47,164
DA:48,4
DA:53,160
DA:60,18
DA:61,2
DA:64,18
LF:17
LH:17
BRDA:42,0,0,48
BRDA:43,1,0,0
BRDA:43,1,1,310
BRDA:43,2,0,310
BRDA:43,2,1,310
BRDA:43,3,0,0
BRDA:43,3,1,310
BRDA:43,4,0,310
BRDA:43,4,1,310
BRDA:47,5,0,4
BRDA:61,6,0,1
BRF:11
BRH:9
end_of_record
TN:
SF:packages/common/src/channel-list/index.ts
FNF:0
FNH:0
DA:1,2
LF:1
LH:1
BRF:0
BRH:0
end_of_record
TN:
SF:packages/common/src/chat/chat.tsx
FN:77,(anonymous_30)
FN:78,Chat
FN:98,(anonymous_32)
FN:102,(anonymous_33)
FN:106,(anonymous_34)
FN:95,(anonymous_35)
FN:120,(anonymous_36)
FN:164,(anonymous_37)
FN:164,(anonymous_38)
FN:171,(anonymous_42)
FN:183,(anonymous_43)
FN:185,(anonymous_44)
FN:201,(anonymous_45)
FN:204,(anonymous_46)
FN:221,(anonymous_47)
FN:232,(anonymous_48)
FN:245,(anonymous_49)
FN:247,(anonymous_50)
FN:253,(anonymous_51)
FN:262,(anonymous_52)
FN:280,(anonymous_53)
FN:282,(anonymous_54)
FN:300,(anonymous_55)
FN:314,(anonymous_56)
FN:318,(anonymous_57)
FN:322,(anonymous_58)
FN:326,(anonymous_59)
FN:330,(anonymous_60)
FN:334,(anonymous_61)
FN:338,(anonymous_62)
FN:339,(anonymous_63)
FN:342,(anonymous_64)
FN:343,(anonymous_65)
FN:350,(anonymous_66)
FN:361,(anonymous_67)
FN:368,(anonymous_68)
FN:369,(anonymous_69)
FN:371,(anonymous_70)
FN:372,(anonymous_71)
FN:397,(anonymous_72)
FN:401,(anonymous_73)
FN:402,(anonymous_74)
FN:403,(anonymous_75)
FN:404,(anonymous_76)
FN:405,(anonymous_77)
FN:406,(anonymous_78)
FN:407,(anonymous_79)
FN:416,(anonymous_80)
FN:437,(anonymous_81)
FNF:49
FNH:19
FNDA:2,(anonymous_30)
FNDA:16,Chat
FNDA:0,(anonymous_32)
FNDA:0,(anonymous_33)
FNDA:16,(anonymous_34)
FNDA:0,(anonymous_35)
FNDA:48,(anonymous_36)
FNDA:0,(anonymous_37)
FNDA:0,(anonymous_38)
FNDA:0,(anonymous_42)
FNDA:0,(anonymous_43)
FNDA:0,(anonymous_44)
FNDA:0,(anonymous_45)
FNDA:0,(anonymous_46)
FNDA:0,(anonymous_47)
FNDA:0,(anonymous_48)
FNDA:0,(anonymous_49)
FNDA:0,(anonymous_50)
FNDA:0,(anonymous_51)
FNDA:0,(anonymous_52)
FNDA:0,(anonymous_53)
FNDA:0,(anonymous_54)
FNDA:0,(anonymous_55)
FNDA:16,(anonymous_56)
FNDA:16,(anonymous_57)
FNDA:16,(anonymous_58)
FNDA:16,(anonymous_59)
FNDA:16,(anonymous_60)
FNDA:16,(anonymous_61)
FNDA:16,(anonymous_62)
FNDA:0,(anonymous_63)
FNDA:16,(anonymous_64)
FNDA:0,(anonymous_65)
FNDA:48,(anonymous_66)
FNDA:48,(anonymous_67)
FNDA:16,(anonymous_68)
FNDA:16,(anonymous_69)
FNDA:0,(anonymous_70)
FNDA:0,(anonymous_71)
FNDA:16,(anonymous_72)
FNDA:0,(anonymous_73)
FNDA:0,(anonymous_74)
FNDA:0,(anonymous_75)
FNDA:0,(anonymous_76)
FNDA:0,(anonymous_77)
FNDA:0,(anonymous_78)
FNDA:0,(anonymous_79)
FNDA:16,(anonymous_80)
FNDA:16,(anonymous_81)
DA:1,2
DA:2,2
DA:11,2
DA:13,2
DA:14,2
DA:15,2
DA:77,2
DA:79,16
DA:80,16
DA:83,2
DA:95,0
DA:98,2
DA:99,0
DA:102,2
DA:103,0
DA:106,2
DA:107,16
DA:113,2
DA:120,2
DA:121,48
DA:122,48
DA:123,48
DA:124,48
DA:125,48
DA:126,48
DA:127,48
DA:128,48
DA:129,48
DA:130,48
DA:131,48
DA:157,912
DA:163,48
DA:164,0
DA:165,0
DA:166,0
DA:168,0
DA:170,0
DA:171,0
DA:182,48
DA:184,0
DA:185,0
DA:186,0
DA:187,0
DA:188,0
DA:189,0
DA:192,0
DA:194,0
DA:200,48
DA:202,0
DA:203,0
DA:204,0
DA:205,0
DA:206,0
DA:207,0
DA:208,0
DA:212,0
DA:214,0
DA:220,48
DA:222,0
DA:223,0
DA:225,0
DA:231,48
DA:233,0
DA:234,0
DA:235,0
DA:236,0
DA:238,0
DA:244,48
DA:246,0
DA:247,0
DA:248,0
DA:250,0
DA:251,0
DA:252,0
DA:253,0
DA:254,0
DA:256,0
DA:257,0
DA:258,0
DA:261,0
DA:262,0
DA:263,0
DA:268,0
DA:271,0
DA:273,0
DA:279,48
DA:281,0
DA:282,0
DA:283,0
DA:284,0
DA:285,0
DA:286,0
DA:287,0
DA:288,0
DA:291,0
DA:293,0
DA:299,48
DA:301,0
DA:302,0
DA:304,0
DA:314,48
DA:315,16
DA:318,48
DA:319,16
DA:322,48
DA:323,16
DA:326,48
DA:327,16
DA:330,48
DA:331,16
DA:334,48
DA:335,16
DA:338,48
DA:339,16
DA:342,48
DA:343,16
DA:350,48
DA:351,48
DA:352,32
DA:353,16
DA:361,48
DA:362,48
DA:364,16
DA:365,16
DA:367,16
DA:368,16
DA:369,16
DA:371,16
DA:372,16
DA:374,16
DA:375,16
DA:382,16
DA:383,16
DA:389,0
DA:397,48
DA:398,16
DA:400,16
DA:401,0
DA:402,0
DA:403,0
DA:404,0
DA:405,0
DA:406,0
DA:407,0
DA:410,16
DA:411,16
DA:413,0
DA:416,16
DA:417,16
DA:418,16
DA:437,48
DA:438,16
DA:440,16
DA:443,48
LF:154
LH:81
BRDA:79,0,0,16
BRDA:79,0,1,16
BRDA:103,1,0,0
BRDA:168,2,0,0
BRDA:170,3,0,0
BRDA:166,4,0,0
BRDA:186,5,0,0
BRDA:186,5,1,0
BRDA:187,6,0,0
BRDA:187,6,1,0
BRDA:192,7,0,0
BRDA:203,8,0,0
BRDA:206,9,0,0
BRDA:206,9,1,0
BRDA:212,10,0,0
BRDA:223,11,0,0
BRDA:234,12,0,0
BRDA:234,13,0,0
BRDA:234,13,1,0
BRDA:235,14,0,0
BRDA:235,15,0,0
BRDA:235,15,1,0
BRDA:236,16,0,0
BRDA:236,17,0,0
BRDA:236,17,1,0
BRDA:248,18,0,0
BRDA:248,19,0,0
BRDA:248,19,1,0
BRDA:254,20,0,0
BRDA:254,20,1,0
BRDA:254,21,0,0
BRDA:254,21,1,0
BRDA:254,22,0,0
BRDA:254,22,1,0
BRDA:254,23,0,0
BRDA:254,23,1,0
BRDA:254,24,0,0
BRDA:254,24,1,0
BRDA:254,25,0,0
BRDA:254,25,1,0
BRDA:254,26,0,0
BRDA:254,26,1,0
BRDA:256,27,0,0
BRDA:256,28,0,0
BRDA:256,28,1,0
BRDA:261,29,0,0
BRDA:261,30,0,0
BRDA:261,30,1,0
BRDA:263,31,0,0
BRDA:263,31,1,0
BRDA:271,32,0,0
BRDA:285,33,0,0
BRDA:285,33,1,0
BRDA:286,34,0,0
BRDA:286,34,1,0
BRDA:291,35,0,0
BRDA:302,36,0,0
BRDA:351,37,0,16
BRDA:352,38,0,16
BRDA:352,39,0,32
BRDA:352,39,1,16
BRDA:352,39,2,16
BRDA:362,40,0,32
BRDA:362,41,0,48
BRDA:362,41,1,32
BRDA:374,42,0,16
BRDA:374,43,0,16
BRDA:374,43,1,0
BRDA:382,44,0,16
BRDA:382,45,0,16
BRDA:382,45,1,0
BRDA:398,46,0,0
BRDA:417,47,0,16
BRDA:417,48,0,16
BRDA:417,48,1,16
BRDA:438,49,0,0
BRF:76
BRH:17
end_of_record
TN:
SF:packages/common/src/chat/index.ts
FNF:0
FNH:0
DA:1,2
LF:1
LH:1
BRF:0
BRH:0
end_of_record
TN:
SF:packages/common/src/hooks/index.ts
FNF:0
FNH:0
DA:1,7
DA:2,7
DA:3,7
DA:4,7
DA:5,7
DA:6,7
DA:7,7
DA:8,7
LF:8
LH:8
BRF:0
BRH:0
end_of_record
TN:
SF:packages/common/src/hooks/use-channel-members.ts
FN:10,(anonymous_15)
FN:21,(anonymous_16)
FN:29,(anonymous_17)
FN:33,(anonymous_18)
FN:41,(anonymous_19)
FN:45,(anonymous_20)
FN:49,fetchPage
FN:55,(anonymous_24)
FN:57,(anonymous_25)
FN:67,(anonymous_26)
FN:72,(anonymous_27)
FN:74,(anonymous_28)
FN:78,(anonymous_29)
FN:80,(anonymous_30)
FN:98,(anonymous_31)
FNF:15
FNH:12
FNDA:25,(anonymous_15)
FNDA:17,(anonymous_16)
FNDA:4,(anonymous_17)
FNDA:6,(anonymous_18)
FNDA:5,(anonymous_19)
FNDA:21,(anonymous_20)
FNDA:10,fetchPage
FNDA:10,(anonymous_24)
FNDA:120,(anonymous_25)
FNDA:21,(anonymous_26)
FNDA:5,(anonymous_27)
FNDA:0,(anonymous_28)
FNDA:0,(anonymous_29)
FNDA:0,(anonymous_30)
FNDA:5,(anonymous_31)
DA:1,7
DA:3,7
DA:4,7
DA:5,7
DA:10,7
DA:11,25
DA:13,25
DA:14,25
DA:15,25
DA:16,25
DA:17,25
DA:18,25
DA:20,25
DA:22,17
DA:29,25
DA:30,4
DA:33,25
DA:34,6
DA:35,6
DA:36,6
DA:37,6
DA:38,6
DA:41,25
DA:42,5
DA:45,25
DA:46,21
DA:47,21
DA:51,10
DA:52,10
DA:53,10
DA:54,10
DA:55,10
DA:57,120
DA:59,10
DA:60,10
DA:62,0
DA:63,0
DA:67,21
DA:68,21
DA:72,25
DA:73,5
DA:75,0
DA:76,0
DA:78,0
DA:79,0
DA:80,0
DA:83,0
DA:87,0
DA:88,0
DA:91,0
DA:96,5
DA:98,5
DA:99,5
DA:103,25
LF:54
LH:43
BRDA:47,0,0,10
BRDA:51,1,0,0
BRDA:51,2,0,10
BRDA:51,2,1,4
BRDA:53,3,0,0
BRDA:76,4,0,0
BRDA:83,5,0,0
BRDA:87,6,0,0
BRDA:87,7,0,0
BRDA:87,7,1,0
BRF:10
BRH:3
end_of_record
TN:
SF:packages/common/src/hooks/use-channels.ts
FN:10,(anonymous_15)
FN:24,(anonymous_16)
FN:28,(anonymous_17)
FN:32,fetchPage
FN:38,(anonymous_21)
FN:47,(anonymous_22)
FN:52,(anonymous_23)
FN:54,(anonymous_24)
FN:58,(anonymous_25)
FN:60,(anonymous_26)
FN:78,(anonymous_27)
FNF:11
FNH:8
FNDA:8,(anonymous_15)
FNDA:2,(anonymous_16)
FNDA:8,(anonymous_17)
FNDA:4,fetchPage
FNDA:4,(anonymous_21)
FNDA:8,(anonymous_22)
FNDA:2,(anonymous_23)
FNDA:0,(anonymous_24)
FNDA:0,(anonymous_25)
FNDA:0,(anonymous_26)
FNDA:2,(anonymous_27)
DA:1,7
DA:3,7
DA:4,7
DA:5,7
DA:10,10
DA:11,8
DA:13,8
DA:14,8
DA:15,8
DA:16,8
DA:17,8
DA:19,8
DA:24,8
DA:25,2
DA:28,8
DA:29,8
DA:30,8
DA:34,4
DA:35,4
DA:36,4
DA:37,4
DA:38,4
DA:39,4
DA:40,4
DA:42,0
DA:43,0
DA:47,8
DA:48,8
DA:52,8
DA:53,2
DA:55,0
DA:56,0
DA:58,0
DA:59,0
DA:60,0
DA:63,0
DA:64,0
DA:67,0
DA:68,0
DA:71,0
DA:76,2
DA:78,2
DA:79,2
DA:83,8
LF:44
LH:32
BRDA:10,0,0,2
BRDA:30,1,0,4
BRDA:34,2,0,0
BRDA:34,3,0,4
BRDA:34,3,1,2
BRDA:36,4,0,0
BRDA:56,5,0,0
BRDA:63,6,0,0
BRDA:63,7,0,0
BRDA:63,7,1,0
BRDA:67,8,0,0
BRDA:67,9,0,0
BRDA:67,9,1,0
BRF:13
BRH:4
end_of_record
TN:
SF:packages/common/src/hooks/use-messages.ts
FN:16,(anonymous_15)
FN:19,(anonymous_16)
FN:21,(anonymous_17)
FN:33,(anonymous_18)
FN:39,(anonymous_21)
FN:40,(anonymous_22)
FN:50,(anonymous_23)
FN:52,(anonymous_24)
FN:63,(anonymous_25)
FN:67,(anonymous_26)
FN:71,(anonymous_27)
FN:80,(anonymous_28)
FN:98,(anonymous_29)
FN:102,(anonymous_30)
FN:110,(anonymous_31)
FN:113,(anonymous_32)
FNF:16
FNH:0
FNDA:0,(anonymous_15)
FNDA:0,(anonymous_16)
FNDA:0,(anonymous_17)
FNDA:0,(anonymous_18)
FNDA:0,(anonymous_21)
FNDA:0,(anonymous_22)
FNDA:0,(anonymous_23)
FNDA:0,(anonymous_24)
FNDA:0,(anonymous_25)
FNDA:0,(anonymous_26)
FNDA:0,(anonymous_27)
FNDA:0,(anonymous_28)
FNDA:0,(anonymous_29)
FNDA:0,(anonymous_30)
FNDA:0,(anonymous_31)
FNDA:0,(anonymous_32)
DA:1,7
DA:3,7
DA:5,7
DA:6,7
DA:7,7
DA:8,7
DA:16,7
DA:17,0
DA:19,0
DA:20,0
DA:21,0
DA:22,0
DA:24,0
DA:25,0
DA:26,0
DA:28,0
DA:31,0
DA:33,0
DA:35,0
DA:36,0
DA:37,0
DA:38,0
DA:39,0
DA:40,0
DA:41,0
DA:42,0
DA:43,0
DA:44,0
DA:46,0
DA:50,0
DA:51,0
DA:52,0
DA:53,0
DA:54,0
DA:55,0
DA:56,0
DA:59,0
DA:63,0
DA:64,0
DA:65,0
DA:67,0
DA:68,0
DA:69,0
DA:70,0
DA:71,0
DA:72,0
DA:74,0
DA:75,0
DA:76,0
DA:79,0
DA:80,0
DA:81,0
DA:86,0
DA:89,0
DA:93,0
DA:98,0
DA:99,0
DA:100,0
DA:102,0
DA:103,0
DA:107,0
DA:110,7
DA:111,0
DA:112,0
DA:113,0
LF:65
LH:8
BRDA:35,0,0,0
BRDA:54,1,0,0
BRDA:65,2,0,0
BRDA:72,3,0,0
BRDA:72,3,1,0
BRDA:72,4,0,0
BRDA:72,4,1,0
BRDA:72,5,0,0
BRDA:72,5,1,0
BRDA:72,6,0,0
BRDA:72,6,1,0
BRDA:72,7,0,0
BRDA:72,7,1,0
BRDA:72,8,0,0
BRDA:72,8,1,0
BRDA:72,9,0,0
BRDA:72,9,1,0
BRDA:74,10,0,0
BRDA:74,11,0,0
BRDA:74,11,1,0
BRDA:79,12,0,0
BRDA:79,13,0,0
BRDA:79,13,1,0
BRDA:81,14,0,0
BRDA:81,14,1,0
BRDA:111,15,0,0
BRF:26
BRH:0
end_of_record
TN:
SF:packages/common/src/hooks/use-presence.ts
FN:9,(anonymous_14)
FN:18,(anonymous_15)
FN:18,(anonymous_16)
FN:20,(anonymous_17)
FN:26,(anonymous_18)
FN:30,(anonymous_19)
FN:34,fetch
FN:46,(anonymous_23)
FN:51,(anonymous_24)
FN:53,(anonymous_25)
FN:54,(anonymous_26)
FN:67,(anonymous_27)
FN:80,(anonymous_28)
FN:83,(anonymous_29)
FN:95,(anonymous_30)
FNF:15
FNH:10
FNDA:12,(anonymous_14)
FNDA:8,(anonymous_15)
FNDA:8,(anonymous_16)
FNDA:4,(anonymous_17)
FNDA:4,(anonymous_18)
FNDA:9,(anonymous_19)
FNDA:4,fetch
FNDA:9,(anonymous_23)
FNDA:3,(anonymous_24)
FNDA:0,(anonymous_25)
FNDA:0,(anonymous_26)
FNDA:0,(anonymous_27)
FNDA:0,(anonymous_28)
FNDA:0,(anonymous_29)
FNDA:3,(anonymous_30)
DA:1,7
DA:3,7
DA:4,7
DA:9,12
DA:10,12
DA:12,12
DA:13,12
DA:14,12
DA:15,12
DA:17,12
DA:18,12
DA:20,12
DA:21,4
DA:22,4
DA:23,4
DA:26,12
DA:27,4
DA:30,12
DA:31,9
DA:32,9
DA:36,4
DA:37,4
DA:38,4
DA:39,4
DA:41,0
DA:42,0
DA:46,9
DA:47,9
DA:51,12
DA:52,3
DA:54,0
DA:55,0
DA:56,0
DA:57,0
DA:58,0
DA:60,0
DA:61,0
DA:62,0
DA:64,0
DA:67,0
DA:69,0
DA:70,0
DA:74,0
DA:75,0
DA:77,0
DA:80,0
DA:82,0
DA:83,0
DA:88,0
DA:93,3
DA:95,3
DA:96,3
DA:100,12
LF:53
LH:32
BRDA:9,0,0,0
BRDA:32,1,0,4
BRDA:37,2,0,0
BRDA:56,3,0,0
BRDA:60,4,0,0
BRDA:61,5,0,0
BRDA:64,6,0,0
BRDA:65,7,0,0
BRDA:65,7,1,0
BRDA:65,7,2,0
BRDA:74,8,0,0
BRDA:77,9,0,0
BRDA:78,10,0,0
BRDA:78,10,1,0
BRDA:78,10,2,0
BRF:15
BRH:1
end_of_record
TN:
SF:packages/common/src/hooks/use-subscribe.ts
FN:5,(anonymous_0)
FN:8,(anonymous_1)
FN:12,(anonymous_2)
FN:19,(anonymous_3)
FN:20,(anonymous_4)
FN:22,(anonymous_5)
FN:23,(anonymous_6)
FNF:7
FNH:0
FNDA:0,(anonymous_0)
FNDA:0,(anonymous_1)
FNDA:0,(anonymous_2)
FNDA:0,(anonymous_3)
FNDA:0,(anonymous_4)
FNDA:0,(anonymous_5)
FNDA:0,(anonymous_6)
DA:1,7
DA:3,7
DA:5,7
DA:6,0
DA:8,0
DA:9,0
DA:12,0
DA:13,0
DA:14,0
DA:16,0
DA:17,0
DA:19,0
DA:20,0
DA:22,0
DA:23,0
DA:25,0
DA:26,0
DA:33,0
DA:34,0
DA:41,0
LF:20
LH:3
BRDA:5,0,0,0
BRDA:13,1,0,0
BRDA:13,1,1,0
BRDA:14,2,0,0
BRDA:14,2,1,0
BRDA:16,3,0,0
BRDA:16,3,1,0
BRDA:17,4,0,0
BRDA:17,4,1,0
BRDA:25,5,0,0
BRDA:25,6,0,0
BRDA:25,6,1,0
BRDA:33,7,0,0
BRDA:33,8,0,0
BRDA:33,8,1,0
BRF:15
BRH:0
end_of_record
TN:
SF:packages/common/src/hooks/use-user-memberships.ts
FN:10,(anonymous_15)
FN:21,(anonymous_16)
FN:29,(anonymous_17)
FN:33,(anonymous_18)
FN:41,(anonymous_19)
FN:45,(anonymous_20)
FN:49,fetchPage
FN:55,(anonymous_24)
FN:57,(anonymous_25)
FN:67,(anonymous_26)
FN:72,(anonymous_27)
FN:74,(anonymous_28)
FN:78,(anonymous_29)
FN:80,(anonymous_30)
FN:99,(anonymous_31)
FNF:15
FNH:12
FNDA:25,(anonymous_15)
FNDA:17,(anonymous_16)
FNDA:4,(anonymous_17)
FNDA:6,(anonymous_18)
FNDA:5,(anonymous_19)
FNDA:21,(anonymous_20)
FNDA:10,fetchPage
FNDA:10,(anonymous_24)
FNDA:37,(anonymous_25)
FNDA:21,(anonymous_26)
FNDA:5,(anonymous_27)
FNDA:0,(anonymous_28)
FNDA:0,(anonymous_29)
FNDA:0,(anonymous_30)
FNDA:5,(anonymous_31)
DA:1,7
DA:3,7
DA:4,7
DA:5,7
DA:10,25
DA:11,25
DA:13,25
DA:14,25
DA:15,25
DA:16,25
DA:17,25
DA:18,25
DA:20,25
DA:22,17
DA:29,25
DA:30,4
DA:33,25
DA:34,6
DA:35,6
DA:36,6
DA:37,6
DA:38,6
DA:41,25
DA:42,5
DA:45,25
DA:46,21
DA:47,21
DA:51,10
DA:52,10
DA:53,10
DA:54,10
DA:55,10
DA:57,37
DA:59,10
DA:60,10
DA:62,0
DA:63,0
DA:67,21
DA:68,21
DA:72,25
DA:73,5
DA:75,0
DA:76,0
DA:78,0
DA:79,0
DA:80,0
DA:81,0
DA:84,0
DA:88,0
DA:89,0
DA:92,0
DA:97,5
DA:99,5
DA:100,5
DA:104,25
LF:55
LH:43
BRDA:10,0,0,0
BRDA:47,1,0,10
BRDA:51,2,0,0
BRDA:51,3,0,10
BRDA:51,3,1,4
BRDA:53,4,0,0
BRDA:76,5,0,0
BRDA:81,6,0,0
BRDA:81,6,1,0
BRDA:84,7,0,0
BRDA:88,8,0,0
BRDA:88,9,0,0
BRDA:88,9,1,0
BRF:13
BRH:3
end_of_record
TN:
SF:packages/common/src/hooks/use-user.ts
FN:7,(anonymous_14)
FN:15,(anonymous_15)
FN:21,(anonymous_16)
FN:25,(anonymous_17)
FN:29,fetch
FN:41,(anonymous_21)
FN:46,(anonymous_22)
FN:48,(anonymous_23)
FN:52,(anonymous_24)
FN:66,(anonymous_25)
FNF:10
FNH:8
FNDA:8,(anonymous_14)
FNDA:4,(anonymous_15)
FNDA:4,(anonymous_16)
FNDA:8,(anonymous_17)
FNDA:4,fetch
FNDA:8,(anonymous_21)
FNDA:3,(anonymous_22)
FNDA:0,(anonymous_23)
FNDA:0,(anonymous_24)
FNDA:3,(anonymous_25)
DA:1,7
DA:3,7
DA:4,7
DA:7,8
DA:8,8
DA:10,8
DA:11,8
DA:12,8
DA:13,8
DA:15,8
DA:16,4
DA:17,4
DA:18,4
DA:21,8
DA:22,4
DA:25,8
DA:26,8
DA:27,8
DA:31,4
DA:32,4
DA:33,4
DA:34,4
DA:36,0
DA:37,0
DA:41,8
DA:42,8
DA:46,8
DA:47,3
DA:49,0
DA:50,0
DA:52,0
DA:53,0
DA:55,0
DA:56,0
DA:59,0
DA:64,3
DA:66,3
DA:67,3
DA:71,8
LF:39
LH:30
BRDA:7,0,0,0
BRDA:27,1,0,4
BRDA:32,2,0,0
BRDA:50,3,0,0
BRDA:55,4,0,0
BRF:5
BRH:1
end_of_record
TN:
SF:packages/common/src/hooks/use-users.ts
FN:10,(anonymous_15)
FN:24,(anonymous_16)
FN:28,(anonymous_17)
FN:32,fetchPage
FN:38,(anonymous_21)
FN:47,(anonymous_22)
FN:52,(anonymous_23)
FN:54,(anonymous_24)
FN:58,(anonymous_25)
FN:60,(anonymous_26)
FN:78,(anonymous_27)
FNF:11
FNH:0
FNDA:0,(anonymous_15)
FNDA:0,(anonymous_16)
FNDA:0,(anonymous_17)
FNDA:0,fetchPage
FNDA:0,(anonymous_21)
FNDA:0,(anonymous_22)
FNDA:0,(anonymous_23)
FNDA:0,(anonymous_24)
FNDA:0,(anonymous_25)
FNDA:0,(anonymous_26)
FNDA:0,(anonymous_27)
DA:1,7
DA:3,7
DA:4,7
DA:5,7
DA:10,7
DA:11,0
DA:13,0
DA:14,0
DA:15,0
DA:16,0
DA:17,0
DA:19,0
DA:24,0
DA:25,0
DA:28,0
DA:29,0
DA:30,0
DA:34,0
DA:35,0
DA:36,0
DA:37,0
DA:38,0
DA:39,0
DA:40,0
DA:42,0
DA:43,0
DA:47,0
DA:48,0
DA:52,0
DA:53,0
DA:55,0
DA:56,0
DA:58,0
DA:59,0
DA:60,0
DA:63,0
DA:64,0
DA:67,0
DA:68,0
DA:71,0
DA:76,0
DA:78,0
DA:79,0
DA:83,0
LF:44
LH:5
BRDA:10,0,0,0
BRDA:30,1,0,0
BRDA:34,2,0,0
BRDA:34,3,0,0
BRDA:34,3,1,0
BRDA:36,4,0,0
BRDA:56,5,0,0
BRDA:63,6,0,0
BRDA:63,7,0,0
BRDA:63,7,1,0
BRDA:67,8,0,0
BRDA:67,9,0,0
BRDA:67,9,1,0
BRF:13
BRH:0
end_of_record
TN:
SF:packages/common/src/member-list/index.ts
FNF:0
FNH:0
DA:1,2
LF:1
LH:1
BRF:0
BRH:0
end_of_record
TN:
SF:packages/common/src/member-list/member-list.tsx
FN:33,(anonymous_0)
FN:41,(anonymous_1)
FN:45,(anonymous_2)
FN:49,(anonymous_3)
FN:61,(anonymous_4)
FN:75,(anonymous_5)
FNF:6
FNH:5
FNDA:14,(anonymous_0)
FNDA:2408,(anonymous_1)
FNDA:2388,(anonymous_2)
FNDA:1274,(anonymous_3)
FNDA:364,(anonymous_4)
FNDA:0,(anonymous_5)
DA:2,2
DA:3,2
DA:5,2
DA:33,2
DA:34,14
DA:35,14
DA:41,14
DA:42,2408
DA:45,14
DA:46,2388
DA:49,14
DA:50,1274
DA:52,1052
DA:53,1052
DA:55,1042
DA:56,1042
DA:58,1042
DA:61,14
DA:62,364
DA:63,4
DA:68,360
DA:75,14
DA:76,0
DA:79,14
LF:24
LH:23
BRDA:46,0,0,0
BRDA:46,0,1,2388
BRDA:46,1,0,2388
BRDA:46,1,1,2388
BRDA:50,2,0,222
BRDA:52,3,0,0
BRDA:53,4,0,10
BRDA:55,5,0,0
BRDA:55,6,0,1042
BRDA:55,6,1,0
BRDA:56,7,0,0
BRDA:56,8,0,1042
BRDA:56,8,1,0
BRDA:62,9,0,4
BRDA:76,10,0,0
BRF:15
BRH:8
end_of_record
TN:
SF:packages/common/src/message-input/index.ts
FNF:0
FNH:0
DA:1,2
LF:1
LH:1
BRF:0
BRH:0
end_of_record
TN:
SF:packages/common/src/message-input/message-input.tsx
FN:46,(anonymous_16)
FN:63,(anonymous_17)
FN:71,(anonymous_18)
FN:78,(anonymous_21)
FN:101,(anonymous_22)
FN:112,(anonymous_25)
FN:123,(anonymous_28)
FN:132,(anonymous_29)
FN:144,(anonymous_30)
FN:157,(anonymous_31)
FN:161,(anonymous_32)
FN:166,(anonymous_33)
FNF:12
FNH:0
FNDA:0,(anonymous_16)
FNDA:0,(anonymous_17)
FNDA:0,(anonymous_18)
FNDA:0,(anonymous_21)
FNDA:0,(anonymous_22)
FNDA:0,(anonymous_25)
FNDA:0,(anonymous_28)
FNDA:0,(anonymous_29)
FNDA:0,(anonymous_30)
FNDA:0,(anonymous_31)
FNDA:0,(anonymous_32)
FNDA:0,(anonymous_33)
DA:1,2
DA:2,2
DA:3,2
DA:4,2
DA:6,2
DA:46,2
DA:47,0
DA:49,0
DA:50,0
DA:51,0
DA:52,0
DA:53,0
DA:54,0
DA:55,0
DA:56,0
DA:57,0
DA:58,0
DA:63,0
DA:64,0
DA:71,0
DA:73,0
DA:74,0
DA:78,0
DA:81,0
DA:83,0
DA:84,0
DA:85,0
DA:86,0
DA:87,0
DA:88,0
DA:89,0
DA:92,0
DA:93,0
DA:95,0
DA:97,0
DA:101,0
DA:102,0
DA:103,0
DA:104,0
DA:105,0
DA:106,0
DA:108,0
DA:112,0
DA:113,0
DA:114,0
DA:115,0
DA:116,0
DA:117,0
DA:119,0
DA:123,0
DA:124,0
DA:125,0
DA:132,0
DA:133,0
DA:134,0
DA:135,0
DA:137,0
DA:138,0
DA:140,0
DA:144,0
DA:145,0
DA:146,0
DA:147,0
DA:148,0
DA:150,0
DA:157,0
DA:158,0
DA:160,0
DA:161,0
DA:162,0
DA:166,0
DA:169,0
LF:72
LH:6
BRDA:49,0,0,0
BRDA:49,0,1,0
BRDA:73,1,0,0
BRDA:73,2,0,0
BRDA:73,2,1,0
BRDA:76,3,0,0
BRDA:76,3,1,0
BRDA:77,4,0,0
BRDA:77,4,1,0
BRDA:78,5,0,0
BRDA:78,5,1,0
BRDA:83,6,0,0
BRDA:85,7,0,0
BRDA:85,7,1,0
BRDA:86,8,0,0
BRDA:87,9,0,0
BRDA:87,10,0,0
BRDA:87,10,1,0
BRDA:89,11,0,0
BRDA:89,11,1,0
BRDA:92,12,0,0
BRDA:102,13,0,0
BRDA:113,14,0,0
BRDA:134,15,0,0
BRDA:135,16,0,0
BRDA:135,16,1,0
BRDA:137,17,0,0
BRDA:137,17,1,0
BRDA:160,18,0,0
BRF:29
BRH:0
end_of_record
TN:
SF:packages/common/src/message-list/index.ts
FNF:0
FNH:0
DA:1,2
LF:1
LH:1
BRF:0
BRH:0
end_of_record
TN:
SF:packages/common/src/message-list/message-list.tsx
FN:63,(anonymous_14)
FN:87,(anonymous_15)
FN:95,(anonymous_16)
FN:96,(anonymous_17)
FN:99,(anonymous_18)
FN:107,(anonymous_19)
FN:127,(anonymous_20)
FN:137,(anonymous_23)
FN:139,(anonymous_24)
FN:143,(anonymous_25)
FN:165,(anonymous_26)
FN:180,(anonymous_27)
FN:188,(anonymous_28)
FN:194,(anonymous_29)
FN:198,(anonymous_30)
FNF:15
FNH:0
FNDA:0,(anonymous_14)
FNDA:0,(anonymous_15)
FNDA:0,(anonymous_16)
FNDA:0,(anonymous_17)
FNDA:0,(anonymous_18)
FNDA:0,(anonymous_19)
FNDA:0,(anonymous_20)
FNDA:0,(anonymous_23)
FNDA:0,(anonymous_24)
FNDA:0,(anonymous_25)
FNDA:0,(anonymous_26)
FNDA:0,(anonymous_27)
FNDA:0,(anonymous_28)
FNDA:0,(anonymous_29)
FNDA:0,(anonymous_30)
DA:1,2
DA:3,2
DA:4,2
DA:5,2
DA:12,2
DA:13,2
DA:63,2
DA:64,0
DA:66,0
DA:67,0
DA:68,0
DA:69,0
DA:70,0
DA:71,0
DA:72,0
DA:73,0
DA:74,0
DA:75,0
DA:76,0
DA:78,0
DA:79,0
DA:80,0
DA:81,0
DA:87,0
DA:88,0
DA:89,0
DA:90,0
DA:95,0
DA:96,0
DA:99,0
DA:100,0
DA:106,0
DA:108,0
DA:110,0
DA:111,0
DA:117,0
DA:119,0
DA:121,0
DA:127,0
DA:128,0
DA:129,0
DA:131,0
DA:137,0
DA:138,0
DA:140,0
DA:142,0
DA:143,0
DA:145,0
DA:146,0
DA:148,0
DA:150,0
DA:165,0
DA:166,0
DA:167,0
DA:176,0
DA:180,0
DA:181,0
DA:182,0
DA:184,0
DA:188,0
DA:189,0
DA:190,0
DA:191,0
DA:194,0
DA:195,0
DA:196,0
DA:197,0
DA:198,0
DA:201,0
LF:69
LH:7
BRDA:108,0,0,0
BRDA:128,1,0,0
BRDA:128,2,0,0
BRDA:128,2,1,0
BRDA:134,3,0,0
BRDA:134,3,1,0
BRDA:134,4,0,0
BRDA:134,4,1,0
BRDA:134,5,0,0
BRDA:134,5,1,0
BRDA:134,6,0,0
BRDA:134,6,1,0
BRDA:134,7,0,0
BRDA:134,7,1,0
BRDA:139,8,0,0
BRDA:139,8,1,0
BRDA:139,9,0,0
BRDA:139,9,1,0
BRDA:139,10,0,0
BRDA:139,10,1,0
BRDA:139,11,0,0
BRDA:139,11,1,0
BRDA:140,12,0,0
BRDA:140,12,1,0
BRDA:146,13,0,0
BRDA:146,13,1,0
BRDA:189,14,0,0
BRDA:189,15,0,0
BRDA:189,15,1,0
BRDA:190,16,0,0
BRDA:191,17,0,0
BRDA:191,18,0,0
BRDA:191,18,1,0
BRDA:191,19,0,0
BRDA:191,19,1,0
BRDA:192,20,0,0
BRDA:192,20,1,0
BRDA:192,21,0,0
BRDA:192,21,1,0
BRDA:195,22,0,0
BRDA:195,23,0,0
BRDA:195,23,1,0
BRDA:195,24,0,0
BRDA:195,24,1,0
BRDA:195,25,0,0
BRDA:195,25,1,0
BRDA:196,26,0,0
BRDA:197,27,0,0
BRDA:197,28,0,0
BRDA:197,28,1,0
BRDA:197,29,0,0
BRDA:197,29,1,0
BRDA:197,30,0,0
BRDA:197,30,1,0
BRDA:197,31,0,0
BRDA:197,31,1,0
BRF:56
BRH:0
end_of_record
TN:
SF:packages/common/src/typing-indicator/index.ts
FNF:0
FNH:0
DA:1,2
LF:1
LH:1
BRF:0
BRH:0
end_of_record
TN:
SF:packages/common/src/typing-indicator/typing-indicator.tsx
FN:23,(anonymous_1)
FN:37,(anonymous_2)
FN:39,(anonymous_3)
FN:41,(anonymous_4)
FN:45,(anonymous_5)
FN:49,(anonymous_6)
FN:55,(anonymous_7)
FN:58,(anonymous_8)
FNF:8
FNH:0
FNDA:0,(anonymous_1)
FNDA:0,(anonymous_2)
FNDA:0,(anonymous_3)
FNDA:0,(anonymous_4)
FNDA:0,(anonymous_5)
FNDA:0,(anonymous_6)
FNDA:0,(anonymous_7)
FNDA:0,(anonymous_8)
DA:1,2
DA:2,2
DA:3,2
DA:4,2
DA:5,2
DA:23,2
DA:24,0
DA:26,0
DA:27,0
DA:28,0
DA:29,0
DA:30,0
DA:31,0
DA:33,0
DA:34,0
DA:37,0
DA:38,0
DA:39,0
DA:41,0
DA:42,0
DA:45,0
DA:46,0
DA:47,0
DA:48,0
DA:49,0
DA:50,0
DA:52,0
DA:55,0
DA:56,0
DA:57,0
DA:58,0
DA:61,0
LF:32
LH:6
BRDA:33,0,0,0
BRDA:47,1,0,0
BRDA:48,2,0,0
BRDA:50,3,0,0
BRDA:50,3,1,0
BRDA:50,4,0,0
BRDA:50,4,1,0
BRDA:50,5,0,0
BRDA:50,5,1,0
BRF:9
BRH:0
end_of_record
TN:
SF:packages/react/mock/custom-renderer.tsx
FN:15,(anonymous_8)
FNF:1
FNH:1
FNDA:16,(anonymous_8)
DA:1,2
DA:3,2
DA:4,2
DA:5,2
DA:6,2
DA:8,2
DA:15,2
DA:17,31
DA:19,32
DA:20,16
DA:22,16
DA:30,2
DA:31,2
LF:13
LH:13
BRDA:17,0,0,15
BRDA:20,1,0,16
BRDA:20,1,1,1
BRF:3
BRH:3
end_of_record
TN:
SF:packages/react/mock/pubnub-mock.ts
FN:24,PubNubMock
FN:29,(anonymous_18)
FN:45,(anonymous_19)
FN:50,(anonymous_20)
FN:54,(anonymous_21)
FN:55,(anonymous_22)
FN:58,(anonymous_23)
FN:58,(anonymous_24)
FN:61,(anonymous_26)
FN:65,(anonymous_27)
FN:74,(anonymous_28)
FN:78,(anonymous_29)
FN:80,(anonymous_30)
FN:82,(anonymous_31)
FN:84,(anonymous_32)
FN:85,(anonymous_33)
FN:90,(anonymous_34)
FN:93,(anonymous_35)
FN:95,(anonymous_36)
FN:100,(anonymous_37)
FN:114,(anonymous_38)
FN:121,(anonymous_39)
FN:122,(anonymous_40)
FN:127,(anonymous_41)
FN:132,(anonymous_42)
FN:141,(anonymous_43)
FN:148,(anonymous_44)
FN:151,(anonymous_45)
FN:161,(anonymous_46)
FN:172,(anonymous_47)
FN:183,(anonymous_48)
FN:194,(anonymous_49)
FN:205,(anonymous_50)
FN:206,(anonymous_51)
FN:224,(anonymous_52)
FN:225,(anonymous_53)
FN:227,(anonymous_54)
FN:229,(anonymous_55)
FNF:38
FNH:10
FNDA:16,PubNubMock
FNDA:0,(anonymous_18)
FNDA:0,(anonymous_19)
FNDA:16,(anonymous_20)
FNDA:16,(anonymous_21)
FNDA:112,(anonymous_22)
FNDA:0,(anonymous_23)
FNDA:0,(anonymous_24)
FNDA:0,(anonymous_26)
FNDA:0,(anonymous_27)
FNDA:0,(anonymous_28)
FNDA:2408,(anonymous_29)
FNDA:16,(anonymous_30)
FNDA:16,(anonymous_31)
FNDA:0,(anonymous_32)
FNDA:0,(anonymous_33)
FNDA:0,(anonymous_34)
FNDA:0,(anonymous_35)
FNDA:0,(anonymous_36)
FNDA:0,(anonymous_37)
FNDA:0,(anonymous_38)
FNDA:0,(anonymous_39)
FNDA:0,(anonymous_40)
FNDA:0,(anonymous_41)
FNDA:0,(anonymous_42)
FNDA:0,(anonymous_43)
FNDA:0,(anonymous_44)
FNDA:0,(anonymous_45)
FNDA:0,(anonymous_46)
FNDA:0,(anonymous_47)
FNDA:0,(anonymous_48)
FNDA:0,(anonymous_49)
FNDA:0,(anonymous_50)
FNDA:0,(anonymous_51)
FNDA:0,(anonymous_52)
FNDA:16,(anonymous_53)
FNDA:16,(anonymous_54)
FNDA:16,(anonymous_55)
DA:11,2
DA:12,2
DA:13,2
DA:24,18
DA:25,16
DA:26,16
DA:27,16
DA:29,16
DA:30,0
DA:43,0
DA:44,0
DA:45,0
DA:46,0
DA:50,16
DA:51,16
DA:54,16
DA:55,112
DA:58,16
DA:59,0
DA:60,0
DA:61,0
DA:63,0
DA:65,0
DA:66,0
DA:74,16
DA:75,0
DA:78,2408
DA:80,16
DA:82,16
DA:84,16
DA:85,0
DA:86,0
DA:90,0
DA:93,0
DA:95,0
DA:100,16
DA:101,0
DA:112,0
DA:113,0
DA:114,0
DA:115,0
DA:121,16
DA:122,0
DA:123,0
DA:124,0
DA:125,0
DA:126,0
DA:127,0
DA:128,0
DA:132,16
DA:133,0
DA:141,0
DA:142,0
DA:148,16
DA:151,0
DA:152,0
DA:160,16
DA:162,0
DA:163,0
DA:164,0
DA:166,0
DA:173,0
DA:174,0
DA:175,0
DA:177,0
DA:184,0
DA:185,0
DA:186,0
DA:188,0
DA:195,0
DA:196,0
DA:197,0
DA:199,0
DA:205,0
DA:206,0
DA:210,16
DA:224,0
DA:225,16
DA:227,16
DA:229,16
LF:80
LH:27
BRDA:24,0,0,0
BRDA:25,1,0,16
BRDA:25,1,1,16
BRDA:60,2,0,0
BRDA:78,3,0,2408
BRDA:78,3,1,2408
BRDA:162,4,0,0
BRDA:162,4,1,0
BRDA:163,5,0,0
BRDA:163,5,1,0
BRDA:173,6,0,0
BRDA:173,6,1,0
BRDA:174,7,0,0
BRDA:174,7,1,0
BRDA:184,8,0,0
BRDA:184,8,1,0
BRDA:185,9,0,0
BRDA:185,9,1,0
BRDA:195,10,0,0
BRDA:195,10,1,0
BRDA:196,11,0,0
BRDA:196,11,1,0
BRF:22
BRH:4
end_of_record
TN:
SF:packages/react/src/channel-list/channel-list.scss
FNF:0
FNH:0
DA:1,1
LF:1
LH:1
BRF:0
BRH:0
end_of_record
TN:
SF:packages/react/src/channel-list/channel-list.tsx
FN:17,(anonymous_1)
FN:24,(anonymous_2)
FN:33,(anonymous_3)
FNF:3
FNH:3
FNDA:18,(anonymous_1)
FNDA:164,(anonymous_2)
FNDA:2,(anonymous_3)
DA:1,1
DA:2,1
DA:3,1
DA:17,1
DA:18,18
DA:19,18
DA:24,18
DA:25,164
DA:26,144
DA:27,144
DA:29,144
DA:33,2
DA:53,18
LF:13
LH:13
BRDA:25,0,0,20
BRDA:27,1,0,1
BRDA:27,1,1,143
BRDA:35,2,0,144
BRDA:35,2,1,140
BRDA:35,3,0,4
BRDA:35,3,1,140
BRDA:35,4,0,144
BRDA:35,4,1,144
BRDA:38,5,0,0
BRDA:38,5,1,140
BRDA:38,6,0,140
BRDA:38,6,1,140
BRDA:43,7,0,144
BRDA:43,7,1,0
BRDA:44,8,0,144
BRDA:44,8,1,140
BRDA:47,9,0,144
BRDA:47,9,1,20
BRF:19
BRH:17
end_of_record
TN:
SF:packages/react/src/chat/chat.scss
FNF:0
FNH:0
DA:1,2
LF:1
LH:1
BRF:0
BRH:0
end_of_record
TN:
SF:packages/react/src/chat/chat.tsx
FN:4,(anonymous_0)
FNF:1
FNH:1
FNDA:16,(anonymous_0)
DA:1,2
DA:2,2
DA:4,18
LF:3
LH:3
BRF:0
BRH:0
end_of_record
TN:
SF:packages/react/src/chat/index.ts
FNF:0
FNH:0
DA:1,2
LF:1
LH:1
BRF:0
BRH:0
end_of_record
TN:
SF:packages/react/src/member-list/member-list.scss
FNF:0
FNH:0
DA:1,1
LF:1
LH:1
BRF:0
BRH:0
end_of_record
TN:
SF:packages/react/src/member-list/member-list.tsx
FN:21,(anonymous_1)
FN:29,(anonymous_2)
FN:34,(anonymous_3)
FNF:3
FNH:2
FNDA:14,(anonymous_1)
FNDA:364,(anonymous_2)
FNDA:0,(anonymous_3)
DA:1,1
DA:2,1
DA:9,1
DA:21,1
DA:22,14
DA:23,14
DA:29,14
DA:30,364
DA:31,304
DA:33,304
DA:34,0
DA:59,14
DA:67,1
LF:13
LH:12
BRDA:30,0,0,60
BRDA:31,1,0,10
BRDA:31,1,1,294
BRDA:39,2,0,300
BRDA:39,2,1,4
BRDA:42,3,0,4
BRDA:42,3,1,0
BRDA:44,4,0,304
BRDA:44,4,1,0
BRDA:50,5,0,4
BRDA:50,5,1,300
BRDA:50,6,0,304
BRDA:50,6,1,304
BRDA:53,7,0,304
BRDA:53,7,1,60
BRF:15
BRH:13
end_of_record
